/home/erik/miniconda3/bin/quast /home/erik/sweden/courses/2nd_semester/Genome_Analysis/assemblies/canu_assembly_corrected/tig00000033_pilon.fasta -r /home/erik/sweden/courses/2nd_semester/Genome_Analysis/reference/plasmidpl6_sequence.fasta -o quast_comparison_canu_vs_plasmid6

Version: 5.0.0

System information:
  OS: Linux-4.13.0-46-generic-x86_64-with-debian-stretch-sid (linux_64)
  Python version: 2.7.15
  CPUs number: 4

Started: 2019-04-12 14:10:17

Logging to /home/erik/sweden/courses/2nd_semester/Genome_Analysis/quast-5.0.2/quast_comparison_canu_vs_plasmid6/quast.log
NOTICE: Maximum number of threads is set to 1 (use --threads option to set it manually)

CWD: /home/erik/sweden/courses/2nd_semester/Genome_Analysis/quast-5.0.2
Main parameters: 
  MODE: default, threads: 1, minimum contig length: 500, minimum alignment length: 65, \
  ambiguity: one, threshold for extensive misassembly size: 1000

Reference:
  /home/erik/sweden/courses/2nd_semester/Genome_Analysis/reference/plasmidpl6_sequence.fasta ==> plasmidpl6_sequence

Contigs:
  Pre-processing...
  /home/erik/sweden/courses/2nd_semester/Genome_Analysis/assemblies/canu_assembly_corrected/tig00000033_pilon.fasta ==> tig00000033_pilon

2019-04-12 14:10:17
Running Basic statistics processor...
  Reference genome:
    plasmidpl6_sequence.fasta, length = 65558, num fragments = 1, GC % = 32.05
  Contig files: 
    tig00000033_pilon
  Calculating N50 and L50...
    tig00000033_pilon, N50 = 26287, L50 = 1, Total length = 26287, GC % = 32.73, # N's per 100 kbp =  0.00
  Drawing Nx plot...
    saved to /home/erik/sweden/courses/2nd_semester/Genome_Analysis/quast-5.0.2/quast_comparison_canu_vs_plasmid6/basic_stats/Nx_plot.pdf
  Drawing NGx plot...
    saved to /home/erik/sweden/courses/2nd_semester/Genome_Analysis/quast-5.0.2/quast_comparison_canu_vs_plasmid6/basic_stats/NGx_plot.pdf
  Drawing cumulative plot...
    saved to /home/erik/sweden/courses/2nd_semester/Genome_Analysis/quast-5.0.2/quast_comparison_canu_vs_plasmid6/basic_stats/cumulative_plot.pdf
  Drawing GC content plot...
    saved to /home/erik/sweden/courses/2nd_semester/Genome_Analysis/quast-5.0.2/quast_comparison_canu_vs_plasmid6/basic_stats/GC_content_plot.pdf
  Drawing tig00000033_pilon GC content plot...
    saved to /home/erik/sweden/courses/2nd_semester/Genome_Analysis/quast-5.0.2/quast_comparison_canu_vs_plasmid6/basic_stats/tig00000033_pilon_GC_content_plot.pdf
Done.

2019-04-12 14:10:18
Running Contig analyzer...
  tig00000033_pilon
  Logging to files /home/erik/sweden/courses/2nd_semester/Genome_Analysis/quast-5.0.2/quast_comparison_canu_vs_plasmid6/contigs_reports/contigs_report_tig00000033_pilon.stdout and contigs_report_tig00000033_pilon.stderr...
  Aligning contigs to the reference
  /home/erik/miniconda3/lib/python2.7/site-packages/quast_libs/minimap2/minimap2 -c \
  -x asm5 -B5 -O4,16 --no-long-join -r 85 -N 50 -s 65 -z 200 --mask-level 0.9 --min-occ \
  200 -g 2500 --score-N 2 --cs -t 1 quast_comparison_canu_vs_plasmid6/quast_corrected_input/plasmidpl6_sequence.fasta \
  quast_comparison_canu_vs_plasmid6/quast_corrected_input/tig00000033_pilon.fasta \
  > quast_comparison_canu_vs_plasmid6/contigs_reports/minimap_output/tig00000033_pilon.coords_tmp \
  2>> quast_comparison_canu_vs_plasmid6/contigs_reports/contigs_report_tig00000033_pilon.stderr
  Analysis is finished.

  Creating total report...
    saved to /home/erik/sweden/courses/2nd_semester/Genome_Analysis/quast-5.0.2/quast_comparison_canu_vs_plasmid6/contigs_reports/misassemblies_report.txt, misassemblies_report.tsv, and misassemblies_report.tex
  Transposed version of total report...
    saved to /home/erik/sweden/courses/2nd_semester/Genome_Analysis/quast-5.0.2/quast_comparison_canu_vs_plasmid6/contigs_reports/transposed_report_misassemblies.txt, transposed_report_misassemblies.tsv, and transposed_report_misassemblies.tex
  Creating total report...
    saved to /home/erik/sweden/courses/2nd_semester/Genome_Analysis/quast-5.0.2/quast_comparison_canu_vs_plasmid6/contigs_reports/unaligned_report.txt, unaligned_report.tsv, and unaligned_report.tex
  Drawing misassemblies by types plot...
    saved to /home/erik/sweden/courses/2nd_semester/Genome_Analysis/quast-5.0.2/quast_comparison_canu_vs_plasmid6/contigs_reports/misassemblies_plot.pdf
  Drawing misassemblies FRCurve plot...
    saved to /home/erik/sweden/courses/2nd_semester/Genome_Analysis/quast-5.0.2/quast_comparison_canu_vs_plasmid6/contigs_reports/misassemblies_frcurve_plot.pdf
Done.

2019-04-12 14:10:19
Running NA-NGA calculation...
  tig00000033_pilon, Largest alignment = 26287, NA50 = 26287, LA50 = 1
  Drawing cumulative plot...
    saved to /home/erik/sweden/courses/2nd_semester/Genome_Analysis/quast-5.0.2/quast_comparison_canu_vs_plasmid6/aligned_stats/cumulative_plot.pdf
  Drawing NAx plot...
    saved to /home/erik/sweden/courses/2nd_semester/Genome_Analysis/quast-5.0.2/quast_comparison_canu_vs_plasmid6/aligned_stats/NAx_plot.pdf
  Drawing NGAx plot...
    saved to /home/erik/sweden/courses/2nd_semester/Genome_Analysis/quast-5.0.2/quast_comparison_canu_vs_plasmid6/aligned_stats/NGAx_plot.pdf
Done.

2019-04-12 14:10:20
Running Genome analyzer...
  NOTICE: No file with genomic features were provided. Use the --features option if you want to specify it.

  NOTICE: No file with operons were provided. Use the -O option if you want to specify it.
  tig00000033_pilon
  Analysis is finished.
  Skipping drawing Genome fraction, % histogram... (less than 2 columns histogram makes no sense)
Done.

NOTICE: Genes are not predicted by default. Use --gene-finding or --glimmer option to enable it.

2019-04-12 14:10:20
Creating large visual summaries...
This may take a while: press Ctrl-C to skip this step..
  1 of 2: Creating Icarus viewers...
  2 of 2: Creating PDF with all tables and plots...
Done

2019-04-12 14:10:21
RESULTS:
  Text versions of total report are saved to /home/erik/sweden/courses/2nd_semester/Genome_Analysis/quast-5.0.2/quast_comparison_canu_vs_plasmid6/report.txt, report.tsv, and report.tex
  Text versions of transposed total report are saved to /home/erik/sweden/courses/2nd_semester/Genome_Analysis/quast-5.0.2/quast_comparison_canu_vs_plasmid6/transposed_report.txt, transposed_report.tsv, and transposed_report.tex
  HTML version (interactive tables and plots) is saved to /home/erik/sweden/courses/2nd_semester/Genome_Analysis/quast-5.0.2/quast_comparison_canu_vs_plasmid6/report.html
  PDF version (tables and plots) is saved to /home/erik/sweden/courses/2nd_semester/Genome_Analysis/quast-5.0.2/quast_comparison_canu_vs_plasmid6/report.pdf
  Icarus (contig browser) is saved to /home/erik/sweden/courses/2nd_semester/Genome_Analysis/quast-5.0.2/quast_comparison_canu_vs_plasmid6/icarus.html
  Log is saved to /home/erik/sweden/courses/2nd_semester/Genome_Analysis/quast-5.0.2/quast_comparison_canu_vs_plasmid6/quast.log

Finished: 2019-04-12 14:10:21
Elapsed time: 0:00:04.462217
NOTICEs: 4; WARNINGs: 0; non-fatal ERRORs: 0

Thank you for using QUAST!
