Aligning contigs to reference...
	Aligning contigs to the reference
Filtering alignments...
Parsing coords...
Loading reference...
	Loaded [CP014535.1_Enterococcus_faecium_strain_E745_plasmid_pl6__complete_sequence]
	Total Regions: 1
	Total Region Length: 65558
Analyzing contigs...
CONTIG: tig00000033_pilon (26287bp)
Best alignment score: 26281.7 (LEN: 26287, IDY: 99.98), Total number of alignments: 1
		One align captures most of this contig: 16494 42781 | 26287 1 | 26288 26287 | 99.98 | CP014535.1_Enterococcus_faecium_strain_E745_plasmid_pl6__complete_sequence tig00000033_pilon

Analyzing coverage...
Writing SNPs into /home/erik/sweden/courses/2nd_semester/Genome_Analysis/quast-5.0.2/quast_comparison_canu_vs_plasmid6/contigs_reports/minimap_output/tig00000033_pilon.used_snps.gz

Analysis is finished!
Founded SNPs were written into /home/erik/sweden/courses/2nd_semester/Genome_Analysis/quast-5.0.2/quast_comparison_canu_vs_plasmid6/contigs_reports/minimap_output/tig00000033_pilon.used_snps.gz

Results:
	Local Misassemblies: 0
	Misassemblies: 0
		Relocations: 0
		Translocations: 0
		Inversions: 0
	Scaffold gap extensive misassemblies: 0
	Scaffold gap local misassemblies: 0
	Misassembled Contigs: 0
	Misassembled Contig Bases: 0
	Misassemblies Inter-Contig Overlap: 0
Unaligned Contigs: 0 + 0 part
Half Unaligned Contigs with Misassemblies: 0
Unaligned Contig Bases: 0

Ambiguously Mapped Contigs: 0
Total Bases in Ambiguously Mapped Contigs: 0
Extra Bases in Ambiguously Mapped Contigs: 0
Note that --allow-ambiguity option was set to "one" and only first alignment per each of these contigs was used.

	Covered Bases: 26288

	SNPs: 1
	Insertions: 1
	Deletions: 2

