Aligning contigs to reference...
	Aligning contigs to the reference
Filtering alignments...
Parsing coords...
Loading reference...
	Loaded [CP014529.1_Enterococcus_faecium_strain_E745__complete_genome]
	Total Regions: 1
	Total Region Length: 2765010
Analyzing contigs...
CONTIG: tig00000001_pilon (2773702bp)
Best alignment score: 2195416.0 (LEN: 2195416, IDY: 100.00), Total number of alignments: 2
			Looking for the best set of alignments (out of 2 total alignments)
			The best set is below. Score: 2773452.0, number of alignments: 2, unaligned bases: 0
		This contig is misassembled.
			Real Alignment 1: 1 578289 | 578286 1 | 578289 578286 | 100.0 | CP014529.1_Enterococcus_faecium_strain_E745__complete_genome tig00000001_pilon
			  Extensive misassembly (relocation, inconsistency = -8697 [linear representation of circular genome]) between these two alignments
			Real Alignment 2: 569593 2765010 | 2773702 578287 | 2195418 2195416 | 100.0 | CP014529.1_Enterococcus_faecium_strain_E745__complete_genome tig00000001_pilon

Analyzing coverage...
Writing SNPs into /home/erik/sweden/courses/2nd_semester/Genome_Analysis/reference/quast_comparison_pilon_1st_contig_reference_chromosome/contigs_reports/minimap_output/tig00000001_pilon.used_snps.gz

Analysis is finished!
Founded SNPs were written into /home/erik/sweden/courses/2nd_semester/Genome_Analysis/reference/quast_comparison_pilon_1st_contig_reference_chromosome/contigs_reports/minimap_output/tig00000001_pilon.used_snps.gz

Results:
	Local Misassemblies: 0
	Misassemblies: 1
		Relocations: 1
		Translocations: 0
		Inversions: 0
	Scaffold gap extensive misassemblies: 0
	Scaffold gap local misassemblies: 0
	Misassembled Contigs: 1
	Misassembled Contig Bases: 2773702
	Misassemblies Inter-Contig Overlap: 0
Unaligned Contigs: 0 + 0 part
Half Unaligned Contigs with Misassemblies: 0
Unaligned Contig Bases: 0

Ambiguously Mapped Contigs: 0
Total Bases in Ambiguously Mapped Contigs: 0
Extra Bases in Ambiguously Mapped Contigs: 0
Note that --allow-ambiguity option was set to "one" and only first alignment per each of these contigs was used.

	Covered Bases: 2765010

	SNPs: 0
	Insertions: 3
	Deletions: 8

