/home/erik/miniconda3/bin/quast pilon.fasta -r contigs_spades.fasta -o quast_comparison_all_contigs

Version: 5.0.0

System information:
  OS: Linux-4.13.0-46-generic-x86_64-with-debian-stretch-sid (linux_64)
  Python version: 2.7.14
  CPUs number: 4

Started: 2019-04-05 11:34:11

Logging to /home/erik/sweden/courses/2nd_semester/Genome_Analysis/spades_assembly/quast_comparison_all_contigs/quast.log
NOTICE: Maximum number of threads is set to 1 (use --threads option to set it manually)

CWD: /home/erik/sweden/courses/2nd_semester/Genome_Analysis/spades_assembly
Main parameters: 
  MODE: default, threads: 1, minimum contig length: 500, minimum alignment length: 65, \
  ambiguity: one, threshold for extensive misassembly size: 1000

Reference:
  /home/erik/sweden/courses/2nd_semester/Genome_Analysis/spades_assembly/contigs_spades.fasta ==> contigs_spades

Contigs:
  Pre-processing...
  pilon.fasta ==> pilon

2019-04-05 11:34:12
Running Basic statistics processor...
  Reference genome:
    contigs_spades.fasta, length = 3151876, num fragments = 43, GC % = 37.71
WARNING:   Reference genome is fragmented. You may consider rerunning QUAST using --fragmented option. QUAST will try to detect misassemblies caused by the fragmentation and mark them fake (will be excluded from # misassemblies).
  Contig files: 
    pilon
  Calculating N50 and L50...
    pilon, N50 = 2773702, L50 = 1, Total length = 3126531, GC % = 37.80, # N's per 100 kbp =  0.00
  Drawing Nx plot...
    saved to /home/erik/sweden/courses/2nd_semester/Genome_Analysis/spades_assembly/quast_comparison_all_contigs/basic_stats/Nx_plot.pdf
  Drawing NGx plot...
    saved to /home/erik/sweden/courses/2nd_semester/Genome_Analysis/spades_assembly/quast_comparison_all_contigs/basic_stats/NGx_plot.pdf
  Drawing cumulative plot...
    saved to /home/erik/sweden/courses/2nd_semester/Genome_Analysis/spades_assembly/quast_comparison_all_contigs/basic_stats/cumulative_plot.pdf
  Drawing GC content plot...
    saved to /home/erik/sweden/courses/2nd_semester/Genome_Analysis/spades_assembly/quast_comparison_all_contigs/basic_stats/GC_content_plot.pdf
  Drawing pilon GC content plot...
    saved to /home/erik/sweden/courses/2nd_semester/Genome_Analysis/spades_assembly/quast_comparison_all_contigs/basic_stats/pilon_GC_content_plot.pdf
Done.

2019-04-05 11:34:14
Running Contig analyzer...
  pilon
  Logging to files /home/erik/sweden/courses/2nd_semester/Genome_Analysis/spades_assembly/quast_comparison_all_contigs/contigs_reports/contigs_report_pilon.stdout and contigs_report_pilon.stderr...
  Aligning contigs to the reference
  /home/erik/miniconda3/lib/python2.7/site-packages/quast_libs/minimap2/minimap2 -c \
  -x asm5 -B5 -O4,16 --no-long-join -r 85 -N 50 -s 65 -z 200 --mask-level 0.9 --min-occ \
  200 -g 2500 --score-N 2 --cs -t 1 quast_comparison_all_contigs/quast_corrected_input/contigs_spades.fasta \
  quast_comparison_all_contigs/quast_corrected_input/pilon.fasta > quast_comparison_all_contigs/contigs_reports/minimap_output/pilon.coords_tmp \
  2>> quast_comparison_all_contigs/contigs_reports/contigs_report_pilon.stderr
  Analysis is finished.

  Creating total report...
    saved to /home/erik/sweden/courses/2nd_semester/Genome_Analysis/spades_assembly/quast_comparison_all_contigs/contigs_reports/misassemblies_report.txt, misassemblies_report.tsv, and misassemblies_report.tex
  Transposed version of total report...
    saved to /home/erik/sweden/courses/2nd_semester/Genome_Analysis/spades_assembly/quast_comparison_all_contigs/contigs_reports/transposed_report_misassemblies.txt, transposed_report_misassemblies.tsv, and transposed_report_misassemblies.tex
  Creating total report...
    saved to /home/erik/sweden/courses/2nd_semester/Genome_Analysis/spades_assembly/quast_comparison_all_contigs/contigs_reports/unaligned_report.txt, unaligned_report.tsv, and unaligned_report.tex
  Drawing misassemblies by types plot...
    saved to /home/erik/sweden/courses/2nd_semester/Genome_Analysis/spades_assembly/quast_comparison_all_contigs/contigs_reports/misassemblies_plot.pdf
  Drawing misassemblies FRCurve plot...
    saved to /home/erik/sweden/courses/2nd_semester/Genome_Analysis/spades_assembly/quast_comparison_all_contigs/contigs_reports/misassemblies_frcurve_plot.pdf
Done.

2019-04-05 11:34:17
Running NA-NGA calculation...
  pilon, Largest alignment = 1084784, NA50 = 852846, NGA50 = 852846, LA50 = 2, LGA50 = 2
  Drawing cumulative plot...
    saved to /home/erik/sweden/courses/2nd_semester/Genome_Analysis/spades_assembly/quast_comparison_all_contigs/aligned_stats/cumulative_plot.pdf
  Drawing NAx plot...
    saved to /home/erik/sweden/courses/2nd_semester/Genome_Analysis/spades_assembly/quast_comparison_all_contigs/aligned_stats/NAx_plot.pdf
  Drawing NGAx plot...
    saved to /home/erik/sweden/courses/2nd_semester/Genome_Analysis/spades_assembly/quast_comparison_all_contigs/aligned_stats/NGAx_plot.pdf
Done.

2019-04-05 11:34:18
Running Genome analyzer...
  NOTICE: No file with genomic features were provided. Use the --features option if you want to specify it.

  NOTICE: No file with operons were provided. Use the -O option if you want to specify it.
  pilon
  Analysis is finished.
  Skipping drawing Genome fraction, % histogram... (less than 2 columns histogram makes no sense)
Done.

NOTICE: Genes are not predicted by default. Use --gene-finding or --glimmer option to enable it.

2019-04-05 11:34:20
Creating large visual summaries...
This may take a while: press Ctrl-C to skip this step..
  1 of 2: Creating Icarus viewers...
  2 of 2: Creating PDF with all tables and plots...
Done

2019-04-05 11:34:22
RESULTS:
  Text versions of total report are saved to /home/erik/sweden/courses/2nd_semester/Genome_Analysis/spades_assembly/quast_comparison_all_contigs/report.txt, report.tsv, and report.tex
  Text versions of transposed total report are saved to /home/erik/sweden/courses/2nd_semester/Genome_Analysis/spades_assembly/quast_comparison_all_contigs/transposed_report.txt, transposed_report.tsv, and transposed_report.tex
  HTML version (interactive tables and plots) is saved to /home/erik/sweden/courses/2nd_semester/Genome_Analysis/spades_assembly/quast_comparison_all_contigs/report.html
  PDF version (tables and plots) is saved to /home/erik/sweden/courses/2nd_semester/Genome_Analysis/spades_assembly/quast_comparison_all_contigs/report.pdf
  Icarus (contig browser) is saved to /home/erik/sweden/courses/2nd_semester/Genome_Analysis/spades_assembly/quast_comparison_all_contigs/icarus.html
  Log is saved to /home/erik/sweden/courses/2nd_semester/Genome_Analysis/spades_assembly/quast_comparison_all_contigs/quast.log

Finished: 2019-04-05 11:34:22
Elapsed time: 0:00:10.701360
NOTICEs: 4; WARNINGs: 1; non-fatal ERRORs: 0

Thank you for using QUAST!
