/home/erik/miniconda3/bin/quast tig00000001_pilon.fasta -r NODE_1_length_2765031_cov_46.3316.fasta -o quast_comparison

Version: 5.0.0

System information:
  OS: Linux-4.13.0-46-generic-x86_64-with-debian-stretch-sid (linux_64)
  Python version: 2.7.14
  CPUs number: 4

Started: 2019-04-05 11:30:26

Logging to /home/erik/sweden/courses/2nd_semester/Genome_Analysis/spades_assembly/quast_comparison/quast.log
NOTICE: Maximum number of threads is set to 1 (use --threads option to set it manually)

CWD: /home/erik/sweden/courses/2nd_semester/Genome_Analysis/spades_assembly
Main parameters: 
  MODE: default, threads: 1, minimum contig length: 500, minimum alignment length: 65, \
  ambiguity: one, threshold for extensive misassembly size: 1000

Reference:
  /home/erik/sweden/courses/2nd_semester/Genome_Analysis/spades_assembly/NODE_1_length_2765031_cov_46.3316.fasta ==> NODE_1_length_2765031_cov_46.3316

Contigs:
  Pre-processing...
  tig00000001_pilon.fasta ==> tig00000001_pilon

2019-04-05 11:30:27
Running Basic statistics processor...
  Reference genome:
    NODE_1_length_2765031_cov_46.3316.fasta, length = 2765031, num fragments = 1, GC % = 38.11
  Contig files: 
    tig00000001_pilon
  Calculating N50 and L50...
    tig00000001_pilon, N50 = 2773702, L50 = 1, Total length = 2773702, GC % = 38.11, # N's per 100 kbp =  0.00
  Drawing Nx plot...
    saved to /home/erik/sweden/courses/2nd_semester/Genome_Analysis/spades_assembly/quast_comparison/basic_stats/Nx_plot.pdf
  Drawing NGx plot...
    saved to /home/erik/sweden/courses/2nd_semester/Genome_Analysis/spades_assembly/quast_comparison/basic_stats/NGx_plot.pdf
  Drawing cumulative plot...
    saved to /home/erik/sweden/courses/2nd_semester/Genome_Analysis/spades_assembly/quast_comparison/basic_stats/cumulative_plot.pdf
  Drawing GC content plot...
    saved to /home/erik/sweden/courses/2nd_semester/Genome_Analysis/spades_assembly/quast_comparison/basic_stats/GC_content_plot.pdf
  Drawing tig00000001_pilon GC content plot...
    saved to /home/erik/sweden/courses/2nd_semester/Genome_Analysis/spades_assembly/quast_comparison/basic_stats/tig00000001_pilon_GC_content_plot.pdf
Done.

2019-04-05 11:30:29
Running Contig analyzer...
  tig00000001_pilon
  Logging to files /home/erik/sweden/courses/2nd_semester/Genome_Analysis/spades_assembly/quast_comparison/contigs_reports/contigs_report_tig00000001_pilon.stdout and contigs_report_tig00000001_pilon.stderr...
  Aligning contigs to the reference
  /home/erik/miniconda3/lib/python2.7/site-packages/quast_libs/minimap2/minimap2 -c \
  -x asm5 -B5 -O4,16 --no-long-join -r 85 -N 50 -s 65 -z 200 --mask-level 0.9 --min-occ \
  200 -g 2500 --score-N 2 --cs -t 1 quast_comparison/quast_corrected_input/NODE_1_length_2765031_cov_46.3316.fasta \
  quast_comparison/quast_corrected_input/tig00000001_pilon.fasta > quast_comparison/contigs_reports/minimap_output/tig00000001_pilon.coords_tmp \
  2>> quast_comparison/contigs_reports/contigs_report_tig00000001_pilon.stderr
  Analysis is finished.

  Creating total report...
    saved to /home/erik/sweden/courses/2nd_semester/Genome_Analysis/spades_assembly/quast_comparison/contigs_reports/misassemblies_report.txt, misassemblies_report.tsv, and misassemblies_report.tex
  Transposed version of total report...
    saved to /home/erik/sweden/courses/2nd_semester/Genome_Analysis/spades_assembly/quast_comparison/contigs_reports/transposed_report_misassemblies.txt, transposed_report_misassemblies.tsv, and transposed_report_misassemblies.tex
  Creating total report...
    saved to /home/erik/sweden/courses/2nd_semester/Genome_Analysis/spades_assembly/quast_comparison/contigs_reports/unaligned_report.txt, unaligned_report.tsv, and unaligned_report.tex
  Drawing misassemblies by types plot...
    saved to /home/erik/sweden/courses/2nd_semester/Genome_Analysis/spades_assembly/quast_comparison/contigs_reports/misassemblies_plot.pdf
  Drawing misassemblies FRCurve plot...
    saved to /home/erik/sweden/courses/2nd_semester/Genome_Analysis/spades_assembly/quast_comparison/contigs_reports/misassemblies_frcurve_plot.pdf
Done.

2019-04-05 11:30:32
Running NA-NGA calculation...
  tig00000001_pilon, Largest alignment = 1084784, NA50 = 852846, NGA50 = 852846, LA50 = 2, LGA50 = 2
  Drawing cumulative plot...
    saved to /home/erik/sweden/courses/2nd_semester/Genome_Analysis/spades_assembly/quast_comparison/aligned_stats/cumulative_plot.pdf
  Drawing NAx plot...
    saved to /home/erik/sweden/courses/2nd_semester/Genome_Analysis/spades_assembly/quast_comparison/aligned_stats/NAx_plot.pdf
  Drawing NGAx plot...
    saved to /home/erik/sweden/courses/2nd_semester/Genome_Analysis/spades_assembly/quast_comparison/aligned_stats/NGAx_plot.pdf
Done.

2019-04-05 11:30:33
Running Genome analyzer...
  NOTICE: No file with genomic features were provided. Use the --features option if you want to specify it.

  NOTICE: No file with operons were provided. Use the -O option if you want to specify it.
  tig00000001_pilon
  Analysis is finished.
  Skipping drawing Genome fraction, % histogram... (less than 2 columns histogram makes no sense)
Done.

NOTICE: Genes are not predicted by default. Use --gene-finding or --glimmer option to enable it.

2019-04-05 11:30:34
Creating large visual summaries...
This may take a while: press Ctrl-C to skip this step..
  1 of 2: Creating Icarus viewers...
  2 of 2: Creating PDF with all tables and plots...
Done

2019-04-05 11:30:36
RESULTS:
  Text versions of total report are saved to /home/erik/sweden/courses/2nd_semester/Genome_Analysis/spades_assembly/quast_comparison/report.txt, report.tsv, and report.tex
  Text versions of transposed total report are saved to /home/erik/sweden/courses/2nd_semester/Genome_Analysis/spades_assembly/quast_comparison/transposed_report.txt, transposed_report.tsv, and transposed_report.tex
  HTML version (interactive tables and plots) is saved to /home/erik/sweden/courses/2nd_semester/Genome_Analysis/spades_assembly/quast_comparison/report.html
  PDF version (tables and plots) is saved to /home/erik/sweden/courses/2nd_semester/Genome_Analysis/spades_assembly/quast_comparison/report.pdf
  Icarus (contig browser) is saved to /home/erik/sweden/courses/2nd_semester/Genome_Analysis/spades_assembly/quast_comparison/icarus.html
  Log is saved to /home/erik/sweden/courses/2nd_semester/Genome_Analysis/spades_assembly/quast_comparison/quast.log

Finished: 2019-04-05 11:30:36
Elapsed time: 0:00:10.015365
NOTICEs: 4; WARNINGs: 0; non-fatal ERRORs: 0

Thank you for using QUAST!
