#
# There is insufficient memory for the Java Runtime Environment to continue.
# Native memory allocation (mmap) failed to map 356515840 bytes for committing reserved memory.
# Possible reasons:
#   The system is out of physical RAM or swap space
#   In 32 bit mode, the process size limit was hit
# Possible solutions:
#   Reduce memory load on the system
#   Increase physical memory or swap space
#   Check if swap backing store is full
#   Use 64 bit Java on a 64 bit OS
#   Decrease Java heap size (-Xmx/-Xms)
#   Decrease number of Java threads
#   Decrease Java thread stack sizes (-Xss)
#   Set larger code cache with -XX:ReservedCodeCacheSize=
# This output file may be truncated or incomplete.
#
#  Out of Memory Error (os_linux.cpp:2627), pid=27979, tid=0x00007fb32e56a700
#
# JRE version: OpenJDK Runtime Environment (8.0_92-b15) (build 1.8.0_92-b15)
# Java VM: OpenJDK 64-Bit Server VM (25.92-b15 mixed mode linux-amd64 compressed oops)
# Failed to write core dump. Core dumps have been disabled. To enable core dumping, try "ulimit -c unlimited" before starting Java again
#

---------------  T H R E A D  ---------------

Current thread (0x00007fb34115b000):  VMThread [stack: 0x00007fb32e46a000,0x00007fb32e56b000] [id=27989]

Stack: [0x00007fb32e46a000,0x00007fb32e56b000],  sp=0x00007fb32e569000,  free space=1020k
Native frames: (J=compiled Java code, j=interpreted, Vv=VM code, C=native code)
V  [libjvm.so+0xa2800e]  VMError::report_and_die()+0x14e
V  [libjvm.so+0x4d7d69]  report_vm_out_of_memory(char const*, int, unsigned long, VMErrorType, char const*)+0x99
V  [libjvm.so+0x899c43]  os::Linux::commit_memory_impl(char*, unsigned long, bool)+0xf3
V  [libjvm.so+0x899fe9]  os::pd_commit_memory(char*, unsigned long, unsigned long, bool)+0x29
V  [libjvm.so+0x89420a]  os::commit_memory(char*, unsigned long, unsigned long, bool)+0x2a
V  [libjvm.so+0x90076b]  PSVirtualSpace::expand_by(unsigned long)+0x6b
V  [libjvm.so+0x8f10f9]  PSOldGen::expand_by(unsigned long)+0x39
V  [libjvm.so+0x8f1272]  PSOldGen::expand(unsigned long)+0xa2
V  [libjvm.so+0x8f166b]  PSOldGen::resize(unsigned long)+0x1db
V  [libjvm.so+0x8f93e6]  PSParallelCompact::invoke_no_policy(bool)+0x986
V  [libjvm.so+0x8fea29]  PSScavenge::invoke()+0x179
V  [libjvm.so+0x8b976d]  ParallelScavengeHeap::failed_mem_allocate(unsigned long)+0x6d
V  [libjvm.so+0xa299c7]  VM_ParallelGCFailedAllocation::doit()+0x97
V  [libjvm.so+0xa302c2]  VM_Operation::evaluate()+0x52
V  [libjvm.so+0xa2e7f1]  VMThread::evaluate_operation(VM_Operation*)+0xb1
V  [libjvm.so+0xa2ec43]  VMThread::loop()+0x1c3
V  [libjvm.so+0xa2f112]  VMThread::run()+0x72
V  [libjvm.so+0x89cf62]  java_start(Thread*)+0x122

VM_Operation (0x00007fb2bbbfdf90): ParallelGCFailedAllocation, mode: safepoint, requested by thread 0x00007fb2d418e800


---------------  P R O C E S S  ---------------

Java Threads: ( => current thread )
  0x00007fb2d418e800 JavaThread "pool-1-thread-1" [_thread_blocked, id=28035, stack(0x00007fb2bbaff000,0x00007fb2bbc00000)]
  0x00007fb2d4305000 JavaThread "pool-2-thread-2" [_thread_blocked, id=28034, stack(0x00007fb2bb959000,0x00007fb2bba5a000)]
  0x00007fb2d4464800 JavaThread "TimerQueue" daemon [_thread_blocked, id=28029, stack(0x00007fb2c8182000,0x00007fb2c8283000)]
  0x00007fb2b4091000 JavaThread "Thread-7" [_thread_in_native, id=28023, stack(0x00007fb2c8081000,0x00007fb2c8182000)]
  0x00007fb2d4443000 JavaThread "pool-2-thread-1" [_thread_blocked, id=28021, stack(0x00007fb3262ea000,0x00007fb3263eb000)]
  0x00007fb2d4391800 JavaThread "Timer-1" [_thread_blocked, id=28020, stack(0x00007fb326637000,0x00007fb326738000)]
  0x00007fb2d4013800 JavaThread "Timer-0" daemon [_thread_blocked, id=28002, stack(0x00007fb326b38000,0x00007fb326c39000)]
  0x00007fb34000a800 JavaThread "DestroyJavaVM" [_thread_blocked, id=27983, stack(0x00007fb346aa0000,0x00007fb346ba1000)]
  0x00007fb341389000 JavaThread "AWT-EventQueue-0" [_thread_blocked, id=28001, stack(0x00007fb326c39000,0x00007fb326d3a000)]
  0x00007fb341387000 JavaThread "AWT-Shutdown" [_thread_blocked, id=28000, stack(0x00007fb326d3a000,0x00007fb326e3b000)]
  0x00007fb341385000 JavaThread "AWT-XAWT" daemon [_thread_blocked, id=27999, stack(0x00007fb326e3b000,0x00007fb326f3c000)]
  0x00007fb34135f000 JavaThread "Java2D Disposer" daemon [_thread_blocked, id=27998, stack(0x00007fb32734c000,0x00007fb32744d000)]
  0x00007fb3411c5800 JavaThread "Service Thread" daemon [_thread_blocked, id=27996, stack(0x00007fb32d905000,0x00007fb32da06000)]
  0x00007fb3411a0000 JavaThread "C1 CompilerThread2" daemon [_thread_blocked, id=27995, stack(0x00007fb32da06000,0x00007fb32db07000)]
  0x00007fb34119e800 JavaThread "C2 CompilerThread1" daemon [_thread_blocked, id=27994, stack(0x00007fb32db07000,0x00007fb32dc08000)]
  0x00007fb34119b800 JavaThread "C2 CompilerThread0" daemon [_thread_blocked, id=27993, stack(0x00007fb32dc08000,0x00007fb32dd09000)]
  0x00007fb34119a000 JavaThread "Signal Dispatcher" daemon [_thread_blocked, id=27992, stack(0x00007fb32dd09000,0x00007fb32de0a000)]
  0x00007fb341167800 JavaThread "Finalizer" daemon [_thread_blocked, id=27991, stack(0x00007fb32e268000,0x00007fb32e369000)]
  0x00007fb341163000 JavaThread "Reference Handler" daemon [_thread_blocked, id=27990, stack(0x00007fb32e369000,0x00007fb32e46a000)]

Other Threads:
=>0x00007fb34115b000 VMThread [stack: 0x00007fb32e46a000,0x00007fb32e56b000] [id=27989]
  0x00007fb3411c8000 WatcherThread [stack: 0x00007fb32d804000,0x00007fb32d905000] [id=27997]

VM state:at safepoint (normal execution)

VM Mutex/Monitor currently owned by a thread:  ([mutex/lock_event])
[0x00007fb3400065c0] ExpandHeap_lock - owner thread: 0x00007fb34115b000
[0x00007fb340006c40] Threads_lock - owner thread: 0x00007fb34115b000
[0x00007fb340007140] Heap_lock - owner thread: 0x00007fb2d418e800

Heap:
 PSYoungGen      total 806400K, used 250119K [0x000000076cb00000, 0x00000007c0000000, 0x00000007c0000000)
  eden space 455680K, 0% used [0x000000076cb00000,0x000000076cb00000,0x0000000788800000)
  from space 350720K, 71% used [0x00000007aa980000,0x00000007b9dc1e90,0x00000007c0000000)
  to   space 454656K, 0% used [0x0000000788800000,0x0000000788800000,0x00000007a4400000)
 ParOldGen       total 1333760K, used 1333668K [0x00000006c6000000, 0x0000000717680000, 0x000000076cb00000)
  object space 1333760K, 99% used [0x00000006c6000000,0x0000000717669338,0x0000000717680000)
 Metaspace       used 31008K, capacity 31442K, committed 31872K, reserved 1077248K
  class space    used 3789K, capacity 3902K, committed 3968K, reserved 1048576K

Card table byte_map: [0x00007fb330042000,0x00007fb330813000] byte_map_base: 0x00007fb32ca12000

Marking Bits: (ParMarkBitMap*) 0x00007fb345f66840
 Begin Bits: [0x00007fb308300000, 0x00007fb30c180000)
 End Bits:   [0x00007fb30c180000, 0x00007fb310000000)

Polling page: 0x00007fb346bd7000

CodeCache: size=245760Kb used=13057Kb max_used=13067Kb free=232702Kb
 bounds [0x00007fb330bd3000, 0x00007fb3318b3000, 0x00007fb33fbd3000]
 total_blobs=4606 nmethods=3882 adapters=637
 compilation: enabled

Compilation events (10 events):
Event: 124.960 Thread 0x00007fb34119b800 nmethod 4390 0x00007fb33189b550 code [0x00007fb33189b6c0, 0x00007fb33189b8d8]
Event: 140.984 Thread 0x00007fb34119e800 nmethod 4389 0x00007fb3318a2290 code [0x00007fb3318a24e0, 0x00007fb3318a3228]
Event: 141.262 Thread 0x00007fb34119b800 4391       4       htsjdk.tribble.readers.LongLineBufferedReader::fill (170 bytes)
Event: 141.308 Thread 0x00007fb34119b800 nmethod 4391 0x00007fb331899c10 code [0x00007fb331899d80, 0x00007fb331899ec8]
Event: 142.686 Thread 0x00007fb3411a0000 4392       3       java.text.DecimalFormat::getPositivePrefixFieldPositions (41 bytes)
Event: 142.702 Thread 0x00007fb3411a0000 nmethod 4392 0x00007fb331899790 code [0x00007fb331899900, 0x00007fb331899b88]
Event: 142.702 Thread 0x00007fb3411a0000 4393       3       java.text.DecimalFormat::getPositiveSuffixFieldPositions (41 bytes)
Event: 142.702 Thread 0x00007fb3411a0000 nmethod 4393 0x00007fb33189b0d0 code [0x00007fb33189b240, 0x00007fb33189b4c8]
Event: 142.702 Thread 0x00007fb3411a0000 4394  s    3       javax.swing.RepaintManager::isPaintingThread (16 bytes)
Event: 142.702 Thread 0x00007fb3411a0000 nmethod 4394 0x00007fb33189ab90 code [0x00007fb33189ad00, 0x00007fb33189b030]

GC Heap History (10 events):
Event: 124.228 GC heap after
Heap after GC invocations=41 (full 11):
 PSYoungGen      total 881152K, used 155491K [0x000000076cb00000, 0x00000007bf400000, 0x00000007c0000000)
  eden space 635392K, 0% used [0x000000076cb00000,0x000000076cb00000,0x0000000793780000)
  from space 245760K, 63% used [0x0000000793780000,0x000000079cf58f50,0x00000007a2780000)
  to   space 328704K, 0% used [0x00000007ab300000,0x00000007ab300000,0x00000007bf400000)
 ParOldGen       total 1041920K, used 803547K [0x00000006c6000000, 0x0000000705980000, 0x000000076cb00000)
  object space 1041920K, 77% used [0x00000006c6000000,0x00000006f70b6f70,0x0000000705980000)
 Metaspace       used 31006K, capacity 31442K, committed 31872K, reserved 1077248K
  class space    used 3789K, capacity 3902K, committed 3968K, reserved 1048576K
}
Event: 125.445 GC heap before
{Heap before GC invocations=42 (full 11):
 PSYoungGen      total 881152K, used 790883K [0x000000076cb00000, 0x00000007bf400000, 0x00000007c0000000)
  eden space 635392K, 100% used [0x000000076cb00000,0x0000000793780000,0x0000000793780000)
  from space 245760K, 63% used [0x0000000793780000,0x000000079cf58f50,0x00000007a2780000)
  to   space 328704K, 0% used [0x00000007ab300000,0x00000007ab300000,0x00000007bf400000)
 ParOldGen       total 1041920K, used 803547K [0x00000006c6000000, 0x0000000705980000, 0x000000076cb00000)
  object space 1041920K, 77% used [0x00000006c6000000,0x00000006f70b6f70,0x0000000705980000)
 Metaspace       used 31006K, capacity 31442K, committed 31872K, reserved 1077248K
  class space    used 3789K, capacity 3902K, committed 3968K, reserved 1048576K
Event: 131.936 GC heap after
Heap after GC invocations=42 (full 11):
 PSYoungGen      total 1014272K, used 198718K [0x000000076cb00000, 0x00000007c0000000, 0x00000007c0000000)
  eden space 685568K, 0% used [0x000000076cb00000,0x000000076cb00000,0x0000000796880000)
  from space 328704K, 60% used [0x00000007ab300000,0x00000007b750f8f8,0x00000007bf400000)
  to   space 338432K, 0% used [0x0000000796880000,0x0000000796880000,0x00000007ab300000)
 ParOldGen       total 1041920K, used 959731K [0x00000006c6000000, 0x0000000705980000, 0x000000076cb00000)
  object space 1041920K, 92% used [0x00000006c6000000,0x000000070093cf70,0x0000000705980000)
 Metaspace       used 31006K, capacity 31442K, committed 31872K, reserved 1077248K
  class space    used 3789K, capacity 3902K, committed 3968K, reserved 1048576K
}
Event: 131.962 GC heap before
{Heap before GC invocations=43 (full 12):
 PSYoungGen      total 1014272K, used 198718K [0x000000076cb00000, 0x00000007c0000000, 0x00000007c0000000)
  eden space 685568K, 0% used [0x000000076cb00000,0x000000076cb00000,0x0000000796880000)
  from space 328704K, 60% used [0x00000007ab300000,0x00000007b750f8f8,0x00000007bf400000)
  to   space 338432K, 0% used [0x0000000796880000,0x0000000796880000,0x00000007ab300000)
 ParOldGen       total 1041920K, used 959731K [0x00000006c6000000, 0x0000000705980000, 0x000000076cb00000)
  object space 1041920K, 92% used [0x00000006c6000000,0x000000070093cf70,0x0000000705980000)
 Metaspace       used 31006K, capacity 31442K, committed 31872K, reserved 1077248K
  class space    used 3789K, capacity 3902K, committed 3968K, reserved 1048576K
Event: 140.935 GC heap after
Heap after GC invocations=43 (full 12):
 PSYoungGen      total 1014272K, used 114541K [0x000000076cb00000, 0x00000007c0000000, 0x00000007c0000000)
  eden space 685568K, 0% used [0x000000076cb00000,0x000000076cb00000,0x0000000796880000)
  from space 328704K, 34% used [0x00000007ab300000,0x00000007b22db6a0,0x00000007bf400000)
  to   space 338432K, 0% used [0x0000000796880000,0x0000000796880000,0x00000007ab300000)
 ParOldGen       total 1333760K, used 1041520K [0x00000006c6000000, 0x0000000717680000, 0x000000076cb00000)
  object space 1333760K, 78% used [0x00000006c6000000,0x000000070591c238,0x0000000717680000)
 Metaspace       used 31006K, capacity 31442K, committed 31872K, reserved 1077248K
  class space    used 3789K, capacity 3902K, committed 3968K, reserved 1048576K
}
Event: 141.867 GC heap before
{Heap before GC invocations=44 (full 12):
 PSYoungGen      total 1014272K, used 800109K [0x000000076cb00000, 0x00000007c0000000, 0x00000007c0000000)
  eden space 685568K, 100% used [0x000000076cb00000,0x0000000796880000,0x0000000796880000)
  from space 328704K, 34% used [0x00000007ab300000,0x00000007b22db6a0,0x00000007bf400000)
  to   space 338432K, 0% used [0x0000000796880000,0x0000000796880000,0x00000007ab300000)
 ParOldGen       total 1333760K, used 1041520K [0x00000006c6000000, 0x0000000717680000, 0x000000076cb00000)
  object space 1333760K, 78% used [0x00000006c6000000,0x000000070591c238,0x0000000717680000)
 Metaspace       used 31006K, capacity 31442K, committed 31872K, reserved 1077248K
  class space    used 3789K, capacity 3902K, committed 3968K, reserved 1048576K
Event: 142.681 GC heap after
Heap after GC invocations=44 (full 12):
 PSYoungGen      total 1014272K, used 328672K [0x000000076cb00000, 0x00000007c0000000, 0x00000007c0000000)
  eden space 685568K, 0% used [0x000000076cb00000,0x000000076cb00000,0x0000000796880000)
  from space 328704K, 99% used [0x0000000796880000,0x00000007aa978000,0x00000007aa980000)
  to   space 350720K, 0% used [0x00000007aa980000,0x00000007aa980000,0x00000007c0000000)
 ParOldGen       total 1333760K, used 1041520K [0x00000006c6000000, 0x0000000717680000, 0x000000076cb00000)
  object space 1333760K, 78% used [0x00000006c6000000,0x000000070591c238,0x0000000717680000)
 Metaspace       used 31006K, capacity 31442K, committed 31872K, reserved 1077248K
  class space    used 3789K, capacity 3902K, committed 3968K, reserved 1048576K
}
Event: 143.620 GC heap before
{Heap before GC invocations=45 (full 12):
 PSYoungGen      total 1014272K, used 1014240K [0x000000076cb00000, 0x00000007c0000000, 0x00000007c0000000)
  eden space 685568K, 100% used [0x000000076cb00000,0x0000000796880000,0x0000000796880000)
  from space 328704K, 99% used [0x0000000796880000,0x00000007aa978000,0x00000007aa980000)
  to   space 350720K, 0% used [0x00000007aa980000,0x00000007aa980000,0x00000007c0000000)
 ParOldGen       total 1333760K, used 1041520K [0x00000006c6000000, 0x0000000717680000, 0x000000076cb00000)
  object space 1333760K, 78% used [0x00000006c6000000,0x000000070591c238,0x0000000717680000)
 Metaspace       used 31008K, capacity 31442K, committed 31872K, reserved 1077248K
  class space    used 3789K, capacity 3902K, committed 3968K, reserved 1048576K
Event: 151.345 GC heap after
Heap after GC invocations=45 (full 12):
 PSYoungGen      total 806400K, used 350717K [0x000000076cb00000, 0x00000007c0000000, 0x00000007c0000000)
  eden space 455680K, 0% used [0x000000076cb00000,0x000000076cb00000,0x0000000788800000)
  from space 350720K, 99% used [0x00000007aa980000,0x00000007bffff568,0x00000007c0000000)
  to   space 454656K, 0% used [0x0000000788800000,0x0000000788800000,0x00000007a4400000)
 ParOldGen       total 1333760K, used 1236384K [0x00000006c6000000, 0x0000000717680000, 0x000000076cb00000)
  object space 1333760K, 92% used [0x00000006c6000000,0x0000000711768238,0x0000000717680000)
 Metaspace       used 31008K, capacity 31442K, committed 31872K, reserved 1077248K
  class space    used 3789K, capacity 3902K, committed 3968K, reserved 1048576K
}
Event: 151.351 GC heap before
{Heap before GC invocations=46 (full 13):
 PSYoungGen      total 806400K, used 350717K [0x000000076cb00000, 0x00000007c0000000, 0x00000007c0000000)
  eden space 455680K, 0% used [0x000000076cb00000,0x000000076cb00000,0x0000000788800000)
  from space 350720K, 99% used [0x00000007aa980000,0x00000007bffff568,0x00000007c0000000)
  to   space 454656K, 0% used [0x0000000788800000,0x0000000788800000,0x00000007a4400000)
 ParOldGen       total 1333760K, used 1236384K [0x00000006c6000000, 0x0000000717680000, 0x000000076cb00000)
  object space 1333760K, 92% used [0x00000006c6000000,0x0000000711768238,0x0000000717680000)
 Metaspace       used 31008K, capacity 31442K, committed 31872K, reserved 1077248K
  class space    used 3789K, capacity 3902K, committed 3968K, reserved 1048576K

Deoptimization events (10 events):
Event: 93.719 Thread 0x00007fb2d418e800 Uncommon trap: reason=unstable_if action=reinterpret pc=0x00007fb33178628c method=htsjdk.variant.vcf.AbstractVCFCodec.isSymbolicAllele(Ljava/lang/String;)Z @ 18
Event: 93.839 Thread 0x00007fb341389000 Uncommon trap: reason=class_check action=maybe_recompile pc=0x00007fb33178ba58 method=java.util.stream.MatchOps$1MatchSink.accept(Ljava/lang/Object;)V @ 12
Event: 93.839 Thread 0x00007fb341389000 Uncommon trap: reason=class_check action=maybe_recompile pc=0x00007fb33178ba58 method=java.util.stream.MatchOps$1MatchSink.accept(Ljava/lang/Object;)V @ 12
Event: 93.842 Thread 0x00007fb341389000 Uncommon trap: reason=class_check action=maybe_recompile pc=0x00007fb33178ba58 method=java.util.stream.MatchOps$1MatchSink.accept(Ljava/lang/Object;)V @ 12
Event: 93.843 Thread 0x00007fb341389000 Uncommon trap: reason=class_check action=maybe_recompile pc=0x00007fb33178ba58 method=java.util.stream.MatchOps$1MatchSink.accept(Ljava/lang/Object;)V @ 12
Event: 94.890 Thread 0x00007fb341167800 Uncommon trap: reason=unstable_if action=reinterpret pc=0x00007fb3310bc818 method=java.util.HashMap$HashIterator.<init>(Ljava/util/HashMap;)V @ 45
Event: 94.907 Thread 0x00007fb341389000 Uncommon trap: reason=class_check action=maybe_recompile pc=0x00007fb331668e08 method=sun.java2d.loops.SurfaceType.pixelFor(ILjava/awt/image/ColorModel;)I @ 6
Event: 94.907 Thread 0x00007fb341389000 Uncommon trap: reason=class_check action=maybe_recompile pc=0x00007fb331668e08 method=sun.java2d.loops.SurfaceType.pixelFor(ILjava/awt/image/ColorModel;)I @ 6
Event: 96.415 Thread 0x00007fb341389000 Uncommon trap: reason=class_check action=maybe_recompile pc=0x00007fb331668e08 method=sun.java2d.loops.SurfaceType.pixelFor(ILjava/awt/image/ColorModel;)I @ 6
Event: 96.415 Thread 0x00007fb341389000 Uncommon trap: reason=class_check action=maybe_recompile pc=0x00007fb331668e08 method=sun.java2d.loops.SurfaceType.pixelFor(ILjava/awt/image/ColorModel;)I @ 6

Internal exceptions (10 events):
Event: 20.563 Thread 0x00007fb341389000 Exception <a 'java/lang/reflect/InvocationTargetException'> (0x00000007714dc2e8) thrown at [/export/home/tester/jenkins/workspace/zulu8-silver-build-rhel64/zulu-src/hotspot/src/share/vm/runtime/reflection.cpp, line 1092]
Event: 20.564 Thread 0x00007fb341389000 Exception <a 'java/lang/reflect/InvocationTargetException'> (0x00000007714e22c0) thrown at [/export/home/tester/jenkins/workspace/zulu8-silver-build-rhel64/zulu-src/hotspot/src/share/vm/runtime/reflection.cpp, line 1092]
Event: 20.570 Thread 0x00007fb341389000 Exception <a 'java/lang/reflect/InvocationTargetException'> (0x00000007714f07a8) thrown at [/export/home/tester/jenkins/workspace/zulu8-silver-build-rhel64/zulu-src/hotspot/src/share/vm/runtime/reflection.cpp, line 1092]
Event: 20.573 Thread 0x00007fb341389000 Exception <a 'java/lang/reflect/InvocationTargetException'> (0x00000007714f8380) thrown at [/export/home/tester/jenkins/workspace/zulu8-silver-build-rhel64/zulu-src/hotspot/src/share/vm/runtime/reflection.cpp, line 1092]
Event: 20.574 Thread 0x00007fb341389000 Exception <a 'java/lang/reflect/InvocationTargetException'> (0x00000007714feeb8) thrown at [/export/home/tester/jenkins/workspace/zulu8-silver-build-rhel64/zulu-src/hotspot/src/share/vm/runtime/reflection.cpp, line 1092]
Event: 20.575 Thread 0x00007fb341389000 Exception <a 'java/lang/reflect/InvocationTargetException'> (0x0000000771504f90) thrown at [/export/home/tester/jenkins/workspace/zulu8-silver-build-rhel64/zulu-src/hotspot/src/share/vm/runtime/reflection.cpp, line 1092]
Event: 20.576 Thread 0x00007fb341389000 Exception <a 'java/lang/reflect/InvocationTargetException'> (0x000000077150af80) thrown at [/export/home/tester/jenkins/workspace/zulu8-silver-build-rhel64/zulu-src/hotspot/src/share/vm/runtime/reflection.cpp, line 1092]
Event: 20.579 Thread 0x00007fb341389000 Exception <a 'java/lang/reflect/InvocationTargetException'> (0x0000000771516488) thrown at [/export/home/tester/jenkins/workspace/zulu8-silver-build-rhel64/zulu-src/hotspot/src/share/vm/runtime/reflection.cpp, line 1092]
Event: 23.172 Thread 0x00007fb341389000 Exception <a 'java/lang/UnsupportedOperationException': > (0x000000076cfd9090) thrown at [/export/home/tester/jenkins/workspace/zulu8-silver-build-rhel64/zulu-src/hotspot/src/share/vm/prims/jni.cpp, line 735]
Event: 73.103 Thread 0x00007fb341389000 Exception <a 'java/lang/UnsupportedOperationException': > (0x000000076d2b9a08) thrown at [/export/home/tester/jenkins/workspace/zulu8-silver-build-rhel64/zulu-src/hotspot/src/share/vm/prims/jni.cpp, line 735]

Events (10 events):
Event: 107.670 loading class org/broad/igv/ui/util/ApplicationStatusBar done
Event: 108.126 Executing VM operation: ParallelGCFailedAllocation
Event: 115.297 Executing VM operation: ParallelGCFailedAllocation done
Event: 116.081 Executing VM operation: ParallelGCFailedAllocation
Event: 124.247 Executing VM operation: ParallelGCFailedAllocation done
Event: 125.151 Executing VM operation: ParallelGCFailedAllocation
Event: 140.948 Executing VM operation: ParallelGCFailedAllocation done
Event: 141.866 Executing VM operation: ParallelGCFailedAllocation
Event: 142.682 Executing VM operation: ParallelGCFailedAllocation done
Event: 143.620 Executing VM operation: ParallelGCFailedAllocation


Dynamic libraries:
00400000-00401000 r-xp 00000000 08:06 12325729                           /home/erik/miniconda3/bin/java
00600000-00601000 rw-p 00000000 08:06 12325729                           /home/erik/miniconda3/bin/java
00c99000-00cba000 rw-p 00000000 00:00 0                                  [heap]
6c6000000-717680000 rw-p 00000000 00:00 0 
72ca80000-76cb00000 ---p 00000000 00:00 0 
76cb00000-7c0000000 rw-p 00000000 00:00 0 
7c0000000-7c03e0000 rw-p 00000000 00:00 0 
7c03e0000-800000000 ---p 00000000 00:00 0 
7fb2a4000000-7fb2a4021000 rw-p 00000000 00:00 0 
7fb2a4021000-7fb2a8000000 ---p 00000000 00:00 0 
7fb2ac000000-7fb2ac021000 rw-p 00000000 00:00 0 
7fb2ac021000-7fb2b0000000 ---p 00000000 00:00 0 
7fb2b0000000-7fb2b0210000 rw-p 00000000 00:00 0 
7fb2b0210000-7fb2b4000000 ---p 00000000 00:00 0 
7fb2b4000000-7fb2b40a2000 rw-p 00000000 00:00 0 
7fb2b40a2000-7fb2b8000000 ---p 00000000 00:00 0 
7fb2b9812000-7fb2b9952000 rw-p 00000000 00:00 0 
7fb2b9952000-7fb2b9a15000 ---p 00000000 00:00 0 
7fb2b9a15000-7fb2b9d13000 rw-p 00000000 00:00 0 
7fb2b9d13000-7fb2b9f13000 rw-p 00000000 00:00 0 
7fb2b9f13000-7fb2ba113000 rw-p 00000000 00:00 0 
7fb2ba113000-7fb2ba114000 ---p 00000000 00:00 0 
7fb2ba114000-7fb2ba914000 rw-p 00000000 00:00 0 
7fb2ba914000-7fb2ba915000 ---p 00000000 00:00 0 
7fb2ba915000-7fb2bb115000 rw-p 00000000 00:00 0 
7fb2bb115000-7fb2bb176000 r-xp 00000000 08:06 5382500                    /usr/lib/x86_64-linux-gnu/libibus-1.0.so.5.0.514
7fb2bb176000-7fb2bb376000 ---p 00061000 08:06 5382500                    /usr/lib/x86_64-linux-gnu/libibus-1.0.so.5.0.514
7fb2bb376000-7fb2bb378000 r--p 00061000 08:06 5382500                    /usr/lib/x86_64-linux-gnu/libibus-1.0.so.5.0.514
7fb2bb378000-7fb2bb379000 rw-p 00063000 08:06 5382500                    /usr/lib/x86_64-linux-gnu/libibus-1.0.so.5.0.514
7fb2bb386000-7fb2bb390000 r--s 00116000 08:06 12325923                   /home/erik/miniconda3/jre/lib/ext/localedata.jar
7fb2bb390000-7fb2bb3ac000 r--s 00393000 08:06 12325928                   /home/erik/miniconda3/jre/lib/ext/cldrdata.jar
7fb2bb3ac000-7fb2bb3b2000 r-xp 00000000 08:06 5639459                    /usr/lib/x86_64-linux-gnu/gtk-2.0/2.10.0/immodules/im-ibus.so
7fb2bb3b2000-7fb2bb5b1000 ---p 00006000 08:06 5639459                    /usr/lib/x86_64-linux-gnu/gtk-2.0/2.10.0/immodules/im-ibus.so
7fb2bb5b1000-7fb2bb5b2000 r--p 00005000 08:06 5639459                    /usr/lib/x86_64-linux-gnu/gtk-2.0/2.10.0/immodules/im-ibus.so
7fb2bb5b2000-7fb2bb5b3000 rw-p 00006000 08:06 5639459                    /usr/lib/x86_64-linux-gnu/gtk-2.0/2.10.0/immodules/im-ibus.so
7fb2bb5b3000-7fb2bb60a000 r--p 00000000 08:06 6422807                    /usr/share/fonts/truetype/ubuntu-font-family/Ubuntu-R.ttf
7fb2bb67c000-7fb2bb689000 r--p 00000000 08:06 6297944                    /usr/share/fonts/truetype/ttf-bitstream-vera/VeraMono.ttf
7fb2bb759000-7fb2bb959000 rw-p 00000000 00:00 0 
7fb2bb959000-7fb2bb95c000 ---p 00000000 00:00 0 
7fb2bb95c000-7fb2bba5a000 rw-p 00000000 00:00 0 
7fb2bbaff000-7fb2bbb02000 ---p 00000000 00:00 0 
7fb2bbb02000-7fb2bbe00000 rw-p 00000000 00:00 0 
7fb2bbe00000-7fb2bc000000 rw-p 00000000 00:00 0 
7fb2bc000000-7fb2bc021000 rw-p 00000000 00:00 0 
7fb2bc021000-7fb2c0000000 ---p 00000000 00:00 0 
7fb2c0000000-7fb2c0021000 rw-p 00000000 00:00 0 
7fb2c0021000-7fb2c4000000 ---p 00000000 00:00 0 
7fb2c4000000-7fb2c4021000 rw-p 00000000 00:00 0 
7fb2c4021000-7fb2c8000000 ---p 00000000 00:00 0 
7fb2c8081000-7fb2c8084000 ---p 00000000 00:00 0 
7fb2c8084000-7fb2c8182000 rw-p 00000000 00:00 0 
7fb2c8182000-7fb2c8185000 ---p 00000000 00:00 0 
7fb2c8185000-7fb2c8283000 rw-p 00000000 00:00 0 
7fb2c8283000-7fb2c8288000 r-xp 00000000 08:06 1048669                    /lib/x86_64-linux-gnu/libnss_dns-2.26.so
7fb2c8288000-7fb2c8488000 ---p 00005000 08:06 1048669                    /lib/x86_64-linux-gnu/libnss_dns-2.26.so
7fb2c8488000-7fb2c8489000 r--p 00005000 08:06 1048669                    /lib/x86_64-linux-gnu/libnss_dns-2.26.so
7fb2c8489000-7fb2c848a000 rw-p 00006000 08:06 1048669                    /lib/x86_64-linux-gnu/libnss_dns-2.26.so
7fb2c848a000-7fb2c848c000 r-xp 00000000 08:06 1053225                    /lib/x86_64-linux-gnu/libnss_mdns4_minimal.so.2
7fb2c848c000-7fb2c868b000 ---p 00002000 08:06 1053225                    /lib/x86_64-linux-gnu/libnss_mdns4_minimal.so.2
7fb2c868b000-7fb2c868c000 r--p 00001000 08:06 1053225                    /lib/x86_64-linux-gnu/libnss_mdns4_minimal.so.2
7fb2c868c000-7fb2c868d000 rw-p 00002000 08:06 1053225                    /lib/x86_64-linux-gnu/libnss_mdns4_minimal.so.2
7fb2c868d000-7fb2c869e000 r-xp 00000000 08:06 12325868                   /home/erik/miniconda3/jre/lib/amd64/libnio.so
7fb2c869e000-7fb2c889e000 ---p 00011000 08:06 12325868                   /home/erik/miniconda3/jre/lib/amd64/libnio.so
7fb2c889e000-7fb2c889f000 rw-p 00011000 08:06 12325868                   /home/erik/miniconda3/jre/lib/amd64/libnio.so
7fb2c889f000-7fb2c88a2000 rw-p 00018000 08:06 12325868                   /home/erik/miniconda3/jre/lib/amd64/libnio.so
7fb2c88a2000-7fb2c8aa2000 rw-p 00000000 00:00 0 
7fb2c8aa2000-7fb2c8aa9000 r-xp 00000000 08:06 5382716                    /usr/lib/x86_64-linux-gnu/libogg.so.0.8.2
7fb2c8aa9000-7fb2c8ca9000 ---p 00007000 08:06 5382716                    /usr/lib/x86_64-linux-gnu/libogg.so.0.8.2
7fb2c8ca9000-7fb2c8caa000 r--p 00007000 08:06 5382716                    /usr/lib/x86_64-linux-gnu/libogg.so.0.8.2
7fb2c8caa000-7fb2c8cab000 rw-p 00008000 08:06 5382716                    /usr/lib/x86_64-linux-gnu/libogg.so.0.8.2
7fb2c8cab000-7fb2c8cd5000 r-xp 00000000 08:06 5377074                    /usr/lib/x86_64-linux-gnu/libvorbis.so.0.4.8
7fb2c8cd5000-7fb2c8ed4000 ---p 0002a000 08:06 5377074                    /usr/lib/x86_64-linux-gnu/libvorbis.so.0.4.8
7fb2c8ed4000-7fb2c8ed5000 r--p 00029000 08:06 5377074                    /usr/lib/x86_64-linux-gnu/libvorbis.so.0.4.8
7fb2c8ed5000-7fb2c8ed6000 rw-p 0002a000 08:06 5377074                    /usr/lib/x86_64-linux-gnu/libvorbis.so.0.4.8
7fb2c8ed6000-7fb2c8ee0000 r-xp 00000000 08:06 12584000                   /home/erik/miniconda3/lib/libltdl.so.7.3.1
7fb2c8ee0000-7fb2c90df000 ---p 0000a000 08:06 12584000                   /home/erik/miniconda3/lib/libltdl.so.7.3.1
7fb2c90df000-7fb2c90e0000 rw-p 00009000 08:06 12584000                   /home/erik/miniconda3/lib/libltdl.so.7.3.1
7fb2c90e0000-7fb2c90f4000 r-xp 00000000 08:06 5382945                    /usr/lib/x86_64-linux-gnu/libtdb.so.1.3.13
7fb2c90f4000-7fb2c92f4000 ---p 00014000 08:06 5382945                    /usr/lib/x86_64-linux-gnu/libtdb.so.1.3.13
7fb2c92f4000-7fb2c92f5000 r--p 00014000 08:06 5382945                    /usr/lib/x86_64-linux-gnu/libtdb.so.1.3.13
7fb2c92f5000-7fb2c92f6000 rw-p 00015000 08:06 5382945                    /usr/lib/x86_64-linux-gnu/libtdb.so.1.3.13
7fb2c92f6000-7fb2c92fd000 r-xp 00000000 08:06 5377070                    /usr/lib/x86_64-linux-gnu/libvorbisfile.so.3.3.7
7fb2c92fd000-7fb2c94fc000 ---p 00007000 08:06 5377070                    /usr/lib/x86_64-linux-gnu/libvorbisfile.so.3.3.7
7fb2c94fc000-7fb2c94fd000 r--p 00006000 08:06 5377070                    /usr/lib/x86_64-linux-gnu/libvorbisfile.so.3.3.7
7fb2c94fd000-7fb2c94fe000 rw-p 00007000 08:06 5377070                    /usr/lib/x86_64-linux-gnu/libvorbisfile.so.3.3.7
7fb2c94fe000-7fb2c94ff000 ---p 00000000 00:00 0 
7fb2c94ff000-7fb2c9cff000 rw-p 00000000 00:00 0 
7fb2c9cff000-7fb2c9d00000 ---p 00000000 00:00 0 
7fb2c9d00000-7fb2ca500000 rw-p 00000000 00:00 0 
7fb2ca500000-7fb2cbe00000 r--p 00000000 08:06 6032341                    /home/erik/miniconda3/lib/libicudata.so.58.2
7fb2cbe00000-7fb2cbfff000 ---p 01900000 08:06 6032341                    /home/erik/miniconda3/lib/libicudata.so.58.2
7fb2cbfff000-7fb2cc000000 rw-p 018ff000 08:06 6032341                    /home/erik/miniconda3/lib/libicudata.so.58.2
7fb2cc000000-7fb2cc138000 rw-p 00000000 00:00 0 
7fb2cc138000-7fb2d0000000 ---p 00000000 00:00 0 
7fb2d0000000-7fb2d0133000 rw-p 00000000 00:00 0 
7fb2d0133000-7fb2d4000000 ---p 00000000 00:00 0 
7fb2d4000000-7fb2d44ba000 rw-p 00000000 00:00 0 
7fb2d44ba000-7fb2d8000000 ---p 00000000 00:00 0 
7fb2d8000000-7fb2d8021000 rw-p 00000000 00:00 0 
7fb2d8021000-7fb2dc000000 ---p 00000000 00:00 0 
7fb2dc000000-7fb2dc294000 rw-p 00000000 00:00 0 
7fb2dc294000-7fb2e0000000 ---p 00000000 00:00 0 
7fb2e0000000-7fb2e0021000 rw-p 00000000 00:00 0 
7fb2e0021000-7fb2e4000000 ---p 00000000 00:00 0 
7fb2e4000000-7fb2e4021000 rw-p 00000000 00:00 0 
7fb2e4021000-7fb2e8000000 ---p 00000000 00:00 0 
7fb2e8000000-7fb2e8021000 rw-p 00000000 00:00 0 
7fb2e8021000-7fb2ec000000 ---p 00000000 00:00 0 
7fb2ec000000-7fb2ec8aa000 rw-p 00000000 00:00 0 
7fb2ec8aa000-7fb2f0000000 ---p 00000000 00:00 0 
7fb2f0000000-7fb2f0021000 rw-p 00000000 00:00 0 
7fb2f0021000-7fb2f4000000 ---p 00000000 00:00 0 
7fb2f4000000-7fb2f4a07000 rw-p 00000000 00:00 0 
7fb2f4a07000-7fb2f8000000 ---p 00000000 00:00 0 
7fb2f8000000-7fb2f96bb000 rw-p 00000000 00:00 0 
7fb2f96bb000-7fb2fc000000 ---p 00000000 00:00 0 
7fb2fc000000-7fb2fc021000 rw-p 00000000 00:00 0 
7fb2fc021000-7fb300000000 ---p 00000000 00:00 0 
7fb300000000-7fb300021000 rw-p 00000000 00:00 0 
7fb300021000-7fb304000000 ---p 00000000 00:00 0 
7fb304000000-7fb304021000 rw-p 00000000 00:00 0 
7fb304021000-7fb308000000 ---p 00000000 00:00 0 
7fb3080ee000-7fb3080fe000 r-xp 00000000 08:06 5382038                    /usr/lib/x86_64-linux-gnu/libcanberra.so.0.2.5
7fb3080fe000-7fb3082fe000 ---p 00010000 08:06 5382038                    /usr/lib/x86_64-linux-gnu/libcanberra.so.0.2.5
7fb3082fe000-7fb3082ff000 r--p 00010000 08:06 5382038                    /usr/lib/x86_64-linux-gnu/libcanberra.so.0.2.5
7fb3082ff000-7fb308300000 rw-p 00011000 08:06 5382038                    /usr/lib/x86_64-linux-gnu/libcanberra.so.0.2.5
7fb308300000-7fb310000000 rw-p 00000000 00:00 0 
7fb310000000-7fb310021000 rw-p 00000000 00:00 0 
7fb310021000-7fb314000000 ---p 00000000 00:00 0 
7fb314000000-7fb314337000 rw-p 00000000 00:00 0 
7fb314337000-7fb318000000 ---p 00000000 00:00 0 
7fb318000000-7fb31806a000 rw-p 00000000 00:00 0 
7fb31806a000-7fb31c000000 ---p 00000000 00:00 0 
7fb31c0db000-7fb31c0df000 r-xp 00000000 08:06 5382034                    /usr/lib/x86_64-linux-gnu/libcanberra-gtk.so.0.1.9
7fb31c0df000-7fb31c2de000 ---p 00004000 08:06 5382034                    /usr/lib/x86_64-linux-gnu/libcanberra-gtk.so.0.1.9
7fb31c2de000-7fb31c2df000 r--p 00003000 08:06 5382034                    /usr/lib/x86_64-linux-gnu/libcanberra-gtk.so.0.1.9
7fb31c2df000-7fb31c2e0000 rw-p 00004000 08:06 5382034                    /usr/lib/x86_64-linux-gnu/libcanberra-gtk.so.0.1.9
7fb31c2e0000-7fb31c2e5000 r-xp 00000000 08:06 5639473                    /usr/lib/x86_64-linux-gnu/gtk-2.0/modules/libcanberra-gtk-module.so
7fb31c2e5000-7fb31c4e4000 ---p 00005000 08:06 5639473                    /usr/lib/x86_64-linux-gnu/gtk-2.0/modules/libcanberra-gtk-module.so
7fb31c4e4000-7fb31c4e5000 r--p 00004000 08:06 5639473                    /usr/lib/x86_64-linux-gnu/gtk-2.0/modules/libcanberra-gtk-module.so
7fb31c4e5000-7fb31c4e6000 rw-p 00005000 08:06 5639473                    /usr/lib/x86_64-linux-gnu/gtk-2.0/modules/libcanberra-gtk-module.so
7fb31c4e6000-7fb31c516000 r-xp 00000000 08:06 5639455                    /usr/lib/x86_64-linux-gnu/gtk-2.0/2.10.0/engines/libmurrine.so
7fb31c516000-7fb31c716000 ---p 00030000 08:06 5639455                    /usr/lib/x86_64-linux-gnu/gtk-2.0/2.10.0/engines/libmurrine.so
7fb31c716000-7fb31c717000 r--p 00030000 08:06 5639455                    /usr/lib/x86_64-linux-gnu/gtk-2.0/2.10.0/engines/libmurrine.so
7fb31c717000-7fb31c718000 rw-p 00031000 08:06 5639455                    /usr/lib/x86_64-linux-gnu/gtk-2.0/2.10.0/engines/libmurrine.so
7fb31c718000-7fb31c72e000 r-xp 00000000 08:06 12325871                   /home/erik/miniconda3/jre/lib/amd64/libnet.so
7fb31c72e000-7fb31c92e000 ---p 00016000 08:06 12325871                   /home/erik/miniconda3/jre/lib/amd64/libnet.so
7fb31c92e000-7fb31c92f000 rw-p 00016000 08:06 12325871                   /home/erik/miniconda3/jre/lib/amd64/libnet.so
7fb31c92f000-7fb31c931000 rw-p 0001d000 08:06 12325871                   /home/erik/miniconda3/jre/lib/amd64/libnet.so
7fb31c931000-7fb31c9c5000 r--p 00000000 08:06 5243708                    /home/erik/miniconda3/lib/libstdc++.so.6.0.25
7fb31c9c5000-7fb31ca2a000 r-xp 00094000 08:06 5243708                    /home/erik/miniconda3/lib/libstdc++.so.6.0.25
7fb31ca2a000-7fb31ca61000 r--p 000f9000 08:06 5243708                    /home/erik/miniconda3/lib/libstdc++.so.6.0.25
7fb31ca61000-7fb31ca6b000 r--p 0012f000 08:06 5243708                    /home/erik/miniconda3/lib/libstdc++.so.6.0.25
7fb31ca6b000-7fb31ca6f000 rw-p 00139000 08:06 5243708                    /home/erik/miniconda3/lib/libstdc++.so.6.0.25
7fb31ca6f000-7fb31ca72000 rw-p 00000000 00:00 0 
7fb31ca72000-7fb31ca97000 r-xp 00000000 08:06 5251515                    /home/erik/miniconda3/lib/liblzma.so.5.2.4
7fb31ca97000-7fb31cc96000 ---p 00025000 08:06 5251515                    /home/erik/miniconda3/lib/liblzma.so.5.2.4
7fb31cc96000-7fb31cc97000 r--p 00024000 08:06 5251515                    /home/erik/miniconda3/lib/liblzma.so.5.2.4
7fb31cc97000-7fb31cc98000 rw-p 00025000 08:06 5251515                    /home/erik/miniconda3/lib/liblzma.so.5.2.4
7fb31cc98000-7fb31ce83000 r-xp 00000000 08:06 6032330                    /home/erik/miniconda3/lib/libicuuc.so.58.2
7fb31ce83000-7fb31d082000 ---p 001eb000 08:06 6032330                    /home/erik/miniconda3/lib/libicuuc.so.58.2
7fb31d082000-7fb31d095000 rw-p 001ea000 08:06 6032330                    /home/erik/miniconda3/lib/libicuuc.so.58.2
7fb31d095000-7fb31d097000 rw-p 00000000 00:00 0 
7fb31d097000-7fb31d387000 r-xp 00000000 08:06 6032335                    /home/erik/miniconda3/lib/libicui18n.so.58.2
7fb31d387000-7fb31d586000 ---p 002f0000 08:06 6032335                    /home/erik/miniconda3/lib/libicui18n.so.58.2
7fb31d586000-7fb31d597000 rw-p 002ef000 08:06 6032335                    /home/erik/miniconda3/lib/libicui18n.so.58.2
7fb31d597000-7fb31d5c0000 r-xp 00000000 08:06 5642978                    /home/erik/miniconda3/lib/libgraphite2.so.3.2.1
7fb31d5c0000-7fb31d7bf000 ---p 00029000 08:06 5642978                    /home/erik/miniconda3/lib/libgraphite2.so.3.2.1
7fb31d7bf000-7fb31d7c1000 rw-p 00028000 08:06 5642978                    /home/erik/miniconda3/lib/libgraphite2.so.3.2.1
7fb31d7c1000-7fb31d7c8000 r-xp 00000000 08:06 9050709                    /home/erik/miniconda3/lib/libuuid.so.1.3.0
7fb31d7c8000-7fb31d9c7000 ---p 00007000 08:06 9050709                    /home/erik/miniconda3/lib/libuuid.so.1.3.0
7fb31d9c7000-7fb31d9c8000 rw-p 00006000 08:06 9050709                    /home/erik/miniconda3/lib/libuuid.so.1.3.0
7fb31d9c8000-7fb31db82000 r-xp 00000000 08:06 9308756                    /home/erik/miniconda3/lib/libxml2.so.2.9.8
7fb31db82000-7fb31dd82000 ---p 001ba000 08:06 9308756                    /home/erik/miniconda3/lib/libxml2.so.2.9.8
7fb31dd82000-7fb31dd8c000 rw-p 001ba000 08:06 9308756                    /home/erik/miniconda3/lib/libxml2.so.2.9.8
7fb31dd8c000-7fb31dd8d000 rw-p 00000000 00:00 0 
7fb31dd8d000-7fb31dda3000 r-xp 00000000 08:06 1053065                    /lib/x86_64-linux-gnu/libresolv-2.26.so
7fb31dda3000-7fb31dfa3000 ---p 00016000 08:06 1053065                    /lib/x86_64-linux-gnu/libresolv-2.26.so
7fb31dfa3000-7fb31dfa4000 r--p 00016000 08:06 1053065                    /lib/x86_64-linux-gnu/libresolv-2.26.so
7fb31dfa4000-7fb31dfa5000 rw-p 00017000 08:06 1053065                    /lib/x86_64-linux-gnu/libresolv-2.26.so
7fb31dfa5000-7fb31dfa7000 rw-p 00000000 00:00 0 
7fb31dfa7000-7fb31dfae000 r-xp 00000000 08:06 5243746                    /home/erik/miniconda3/lib/libffi.so.6.0.4
7fb31dfae000-7fb31e1ae000 ---p 00007000 08:06 5243746                    /home/erik/miniconda3/lib/libffi.so.6.0.4
7fb31e1ae000-7fb31e1af000 r--p 00007000 08:06 5243746                    /home/erik/miniconda3/lib/libffi.so.6.0.4
7fb31e1af000-7fb31e1b0000 rw-p 00008000 08:06 5243746                    /home/erik/miniconda3/lib/libffi.so.6.0.4
7fb31e1b0000-7fb31e1c0000 r-xp 00000000 08:06 9049831                    /home/erik/miniconda3/lib/libxcb-render.so.0.0.0
7fb31e1c0000-7fb31e3bf000 ---p 00010000 08:06 9049831                    /home/erik/miniconda3/lib/libxcb-render.so.0.0.0
7fb31e3bf000-7fb31e3c0000 rw-p 0000f000 08:06 9049831                    /home/erik/miniconda3/lib/libxcb-render.so.0.0.0
7fb31e3c0000-7fb31e3c3000 r-xp 00000000 08:06 9049777                    /home/erik/miniconda3/lib/libxcb-shm.so.0.0.0
7fb31e3c3000-7fb31e5c2000 ---p 00003000 08:06 9049777                    /home/erik/miniconda3/lib/libxcb-shm.so.0.0.0
7fb31e5c2000-7fb31e5c3000 rw-p 00002000 08:06 9049777                    /home/erik/miniconda3/lib/libxcb-shm.so.0.0.0
7fb31e5c3000-7fb31e965000 r-xp 00000000 08:06 9053989                    /home/erik/miniconda3/lib/libpixman-1.so.0.34.0
7fb31e965000-7fb31eb65000 ---p 003a2000 08:06 9053989                    /home/erik/miniconda3/lib/libpixman-1.so.0.34.0
7fb31eb65000-7fb31eb6d000 rw-p 003a2000 08:06 9053989                    /home/erik/miniconda3/lib/libpixman-1.so.0.34.0
7fb31eb6d000-7fb31ec59000 r-xp 00000000 08:06 7610238                    /home/erik/miniconda3/lib/libharfbuzz.so.0.10900.0
7fb31ec59000-7fb31ee59000 ---p 000ec000 08:06 7610238                    /home/erik/miniconda3/lib/libharfbuzz.so.0.10900.0
7fb31ee59000-7fb31ee5c000 rw-p 000ec000 08:06 7610238                    /home/erik/miniconda3/lib/libharfbuzz.so.0.10900.0
7fb31ee5c000-7fb31ee5d000 r-xp 00000000 08:06 9442435                    /home/erik/miniconda3/lib/libgthread-2.0.so.0.5500.0
7fb31ee5d000-7fb31f05c000 ---p 00001000 08:06 9442435                    /home/erik/miniconda3/lib/libgthread-2.0.so.0.5500.0
7fb31f05c000-7fb31f05d000 rw-p 00000000 08:06 9442435                    /home/erik/miniconda3/lib/libgthread-2.0.so.0.5500.0
7fb31f05d000-7fb31f0ad000 r-xp 00000000 08:06 6163647                    /home/erik/miniconda3/lib/libpcre.so.1.2.9
7fb31f0ad000-7fb31f2ad000 ---p 00050000 08:06 6163647                    /home/erik/miniconda3/lib/libpcre.so.1.2.9
7fb31f2ad000-7fb31f2ae000 rw-p 00050000 08:06 6163647                    /home/erik/miniconda3/lib/libpcre.so.1.2.9
7fb31f2ae000-7fb31f39c000 r-xp 00000000 08:06 8920990                    /home/erik/miniconda3/lib/libiconv.so.2.6.0
7fb31f39c000-7fb31f59b000 ---p 000ee000 08:06 8920990                    /home/erik/miniconda3/lib/libiconv.so.2.6.0
7fb31f59b000-7fb31f59d000 rw-p 000ed000 08:06 8920990                    /home/erik/miniconda3/lib/libiconv.so.2.6.0
7fb31f59d000-7fb31f59f000 r-xp 00000000 08:06 5381900                    /usr/lib/x86_64-linux-gnu/libXdamage.so.1.1.0
7fb31f59f000-7fb31f79e000 ---p 00002000 08:06 5381900                    /usr/lib/x86_64-linux-gnu/libXdamage.so.1.1.0
7fb31f79e000-7fb31f79f000 r--p 00001000 08:06 5381900                    /usr/lib/x86_64-linux-gnu/libXdamage.so.1.1.0
7fb31f79f000-7fb31f7a0000 rw-p 00002000 08:06 5381900                    /usr/lib/x86_64-linux-gnu/libXdamage.so.1.1.0
7fb31f7a0000-7fb31f7a2000 r-xp 00000000 08:06 5381896                    /usr/lib/x86_64-linux-gnu/libXcomposite.so.1.0.0
7fb31f7a2000-7fb31f9a1000 ---p 00002000 08:06 5381896                    /usr/lib/x86_64-linux-gnu/libXcomposite.so.1.0.0
7fb31f9a1000-7fb31f9a2000 r--p 00001000 08:06 5381896                    /usr/lib/x86_64-linux-gnu/libXcomposite.so.1.0.0
7fb31f9a2000-7fb31f9a3000 rw-p 00002000 08:06 5381896                    /usr/lib/x86_64-linux-gnu/libXcomposite.so.1.0.0
7fb31f9a3000-7fb31f9ad000 r-xp 00000000 08:06 5381924                    /usr/lib/x86_64-linux-gnu/libXrandr.so.2.2.0
7fb31f9ad000-7fb31fbac000 ---p 0000a000 08:06 5381924                    /usr/lib/x86_64-linux-gnu/libXrandr.so.2.2.0
7fb31fbac000-7fb31fbad000 r--p 00009000 08:06 5381924                    /usr/lib/x86_64-linux-gnu/libXrandr.so.2.2.0
7fb31fbad000-7fb31fbae000 rw-p 0000a000 08:06 5381924                    /usr/lib/x86_64-linux-gnu/libXrandr.so.2.2.0
7fb31fbae000-7fb31fbb0000 r-xp 00000000 08:06 5381916                    /usr/lib/x86_64-linux-gnu/libXinerama.so.1.0.0
7fb31fbb0000-7fb31fdaf000 ---p 00002000 08:06 5381916                    /usr/lib/x86_64-linux-gnu/libXinerama.so.1.0.0
7fb31fdaf000-7fb31fdb0000 r--p 00001000 08:06 5381916                    /usr/lib/x86_64-linux-gnu/libXinerama.so.1.0.0
7fb31fdb0000-7fb31fdb1000 rw-p 00002000 08:06 5381916                    /usr/lib/x86_64-linux-gnu/libXinerama.so.1.0.0
7fb31fdb1000-7fb31fdfe000 r-xp 00000000 08:06 9703110                    /home/erik/miniconda3/lib/libfontconfig.so.1.12.0
7fb31fdfe000-7fb31fffe000 ---p 0004d000 08:06 9703110                    /home/erik/miniconda3/lib/libfontconfig.so.1.12.0
7fb31fffe000-7fb320000000 rw-p 0004d000 08:06 9703110                    /home/erik/miniconda3/lib/libfontconfig.so.1.12.0
7fb320000000-7fb320021000 rw-p 00000000 00:00 0 
7fb320021000-7fb324000000 ---p 00000000 00:00 0 
7fb324014000-7fb32401b000 r--s 00000000 08:06 9835382                    /home/erik/miniconda3/var/cache/fontconfig/4be9850f182b35c1350b6bbf2e42601c-le64.cache-7
7fb32401b000-7fb32401d000 r--s 00000000 08:06 9835381                    /home/erik/miniconda3/var/cache/fontconfig/30a99c4256905863f7aa12b5e873c27c-le64.cache-7
7fb32401d000-7fb324023000 r--s 00000000 08:06 9835379                    /home/erik/miniconda3/var/cache/fontconfig/6fe8b0d39a161d19087fe931545dda13-le64.cache-7
7fb324023000-7fb32402e000 r--s 00000000 08:06 9833279                    /home/erik/miniconda3/var/cache/fontconfig/945677eb7aeaf62f1d50efc3fb3ec7d8-le64.cache-7
7fb32402e000-7fb324035000 r--s 00000000 08:06 9835377                    /home/erik/miniconda3/var/cache/fontconfig/63c7aca0c1b0a3f740ee470c2e28e675-le64.cache-7
7fb324035000-7fb32403d000 r--s 00000000 08:06 9835376                    /home/erik/miniconda3/var/cache/fontconfig/a6d8cf8e4ec09cdbc8633c31745a07dd-le64.cache-7
7fb32403d000-7fb324052000 r--s 00000000 08:06 9833275                    /home/erik/miniconda3/var/cache/fontconfig/04aabc0a78ac019cf9454389977116d2-le64.cache-7
7fb324052000-7fb32417f000 r-xp 00000000 08:06 8921128                    /home/erik/miniconda3/lib/libglib-2.0.so.0.5500.0
7fb32417f000-7fb32437e000 ---p 0012d000 08:06 8921128                    /home/erik/miniconda3/lib/libglib-2.0.so.0.5500.0
7fb32437e000-7fb324380000 rw-p 0012c000 08:06 8921128                    /home/erik/miniconda3/lib/libglib-2.0.so.0.5500.0
7fb324380000-7fb3243d4000 r-xp 00000000 08:06 8921129                    /home/erik/miniconda3/lib/libgobject-2.0.so.0.5500.0
7fb3243d4000-7fb3245d3000 ---p 00054000 08:06 8921129                    /home/erik/miniconda3/lib/libgobject-2.0.so.0.5500.0
7fb3245d3000-7fb3245d5000 rw-p 00053000 08:06 8921129                    /home/erik/miniconda3/lib/libgobject-2.0.so.0.5500.0
7fb3245d5000-7fb32462f000 r-xp 00000000 08:06 9703535                    /home/erik/miniconda3/lib/libpango-1.0.so.0.4000.14
7fb32462f000-7fb32482e000 ---p 0005a000 08:06 9703535                    /home/erik/miniconda3/lib/libpango-1.0.so.0.4000.14
7fb32482e000-7fb324831000 rw-p 00059000 08:06 9703535                    /home/erik/miniconda3/lib/libpango-1.0.so.0.4000.14
7fb324831000-7fb32484a000 r-xp 00000000 08:06 12324127                   /home/erik/miniconda3/lib/libpangoft2-1.0.so.0.4000.14
7fb32484a000-7fb324a49000 ---p 00019000 08:06 12324127                   /home/erik/miniconda3/lib/libpangoft2-1.0.so.0.4000.14
7fb324a49000-7fb324a4a000 rw-p 00018000 08:06 12324127                   /home/erik/miniconda3/lib/libpangoft2-1.0.so.0.4000.14
7fb324a4a000-7fb324c2d000 r-xp 00000000 08:06 8921127                    /home/erik/miniconda3/lib/libgio-2.0.so.0.5500.0
7fb324c2d000-7fb324e2c000 ---p 001e3000 08:06 8921127                    /home/erik/miniconda3/lib/libgio-2.0.so.0.5500.0
7fb324e2c000-7fb324e33000 rw-p 001e2000 08:06 8921127                    /home/erik/miniconda3/lib/libgio-2.0.so.0.5500.0
7fb324e33000-7fb324e35000 rw-p 00000000 00:00 0 
7fb324e35000-7fb324e57000 r-xp 00000000 08:06 5376929                    /usr/lib/x86_64-linux-gnu/libgdk_pixbuf-2.0.so.0.3611.0
7fb324e57000-7fb325057000 ---p 00022000 08:06 5376929                    /usr/lib/x86_64-linux-gnu/libgdk_pixbuf-2.0.so.0.3611.0
7fb325057000-7fb325058000 r--p 00022000 08:06 5376929                    /usr/lib/x86_64-linux-gnu/libgdk_pixbuf-2.0.so.0.3611.0
7fb325058000-7fb325059000 rw-p 00023000 08:06 5376929                    /usr/lib/x86_64-linux-gnu/libgdk_pixbuf-2.0.so.0.3611.0
7fb325059000-7fb3251b6000 r-xp 00000000 08:06 12325555                   /home/erik/miniconda3/lib/libcairo.so.2.11400.12
7fb3251b6000-7fb3253b6000 ---p 0015d000 08:06 12325555                   /home/erik/miniconda3/lib/libcairo.so.2.11400.12
7fb3253b6000-7fb3253ba000 rw-p 0015d000 08:06 12325555                   /home/erik/miniconda3/lib/libcairo.so.2.11400.12
7fb3253ba000-7fb3253bb000 rw-p 00000000 00:00 0 
7fb3253bb000-7fb3253de000 r-xp 00000000 08:06 5381978                    /usr/lib/x86_64-linux-gnu/libatk-1.0.so.0.22609.1
7fb3253de000-7fb3255dd000 ---p 00023000 08:06 5381978                    /usr/lib/x86_64-linux-gnu/libatk-1.0.so.0.22609.1
7fb3255dd000-7fb3255e0000 r--p 00022000 08:06 5381978                    /usr/lib/x86_64-linux-gnu/libatk-1.0.so.0.22609.1
7fb3255e0000-7fb3255e1000 rw-p 00025000 08:06 5381978                    /usr/lib/x86_64-linux-gnu/libatk-1.0.so.0.22609.1
7fb3255e1000-7fb3255ef000 r-xp 00000000 08:06 12324121                   /home/erik/miniconda3/lib/libpangocairo-1.0.so.0.4000.14
7fb3255ef000-7fb3257ef000 ---p 0000e000 08:06 12324121                   /home/erik/miniconda3/lib/libpangocairo-1.0.so.0.4000.14
7fb3257ef000-7fb3257f0000 rw-p 0000e000 08:06 12324121                   /home/erik/miniconda3/lib/libpangocairo-1.0.so.0.4000.14
7fb3257f0000-7fb3257f3000 r-xp 00000000 08:06 9442653                    /home/erik/miniconda3/lib/libgmodule-2.0.so.0.5500.0
7fb3257f3000-7fb3259f2000 ---p 00003000 08:06 9442653                    /home/erik/miniconda3/lib/libgmodule-2.0.so.0.5500.0
7fb3259f2000-7fb3259f3000 rw-p 00002000 08:06 9442653                    /home/erik/miniconda3/lib/libgmodule-2.0.so.0.5500.0
7fb3259f3000-7fb325aa2000 r-xp 00000000 08:06 5382308                    /usr/lib/x86_64-linux-gnu/libgdk-x11-2.0.so.0.2400.31
7fb325aa2000-7fb325ca2000 ---p 000af000 08:06 5382308                    /usr/lib/x86_64-linux-gnu/libgdk-x11-2.0.so.0.2400.31
7fb325ca2000-7fb325ca6000 r--p 000af000 08:06 5382308                    /usr/lib/x86_64-linux-gnu/libgdk-x11-2.0.so.0.2400.31
7fb325ca6000-7fb325ca8000 rw-p 000b3000 08:06 5382308                    /usr/lib/x86_64-linux-gnu/libgdk-x11-2.0.so.0.2400.31
7fb325ca8000-7fb3260dd000 r-xp 00000000 08:06 5382447                    /usr/lib/x86_64-linux-gnu/libgtk-x11-2.0.so.0.2400.31
7fb3260dd000-7fb3262dc000 ---p 00435000 08:06 5382447                    /usr/lib/x86_64-linux-gnu/libgtk-x11-2.0.so.0.2400.31
7fb3262dc000-7fb3262e3000 r--p 00434000 08:06 5382447                    /usr/lib/x86_64-linux-gnu/libgtk-x11-2.0.so.0.2400.31
7fb3262e3000-7fb3262e7000 rw-p 0043b000 08:06 5382447                    /usr/lib/x86_64-linux-gnu/libgtk-x11-2.0.so.0.2400.31
7fb3262e7000-7fb3262ea000 rw-p 00000000 00:00 0 
7fb3262ea000-7fb3262ed000 ---p 00000000 00:00 0 
7fb3262ed000-7fb3263eb000 rw-p 00000000 00:00 0 
7fb3263eb000-7fb32641e000 r-xp 00000000 08:06 12325890                   /home/erik/miniconda3/jre/lib/amd64/libsunec.so
7fb32641e000-7fb32661e000 ---p 00033000 08:06 12325890                   /home/erik/miniconda3/jre/lib/amd64/libsunec.so
7fb32661e000-7fb326624000 rw-p 00033000 08:06 12325890                   /home/erik/miniconda3/jre/lib/amd64/libsunec.so
7fb326624000-7fb326636000 rw-p 00000000 00:00 0 
7fb326636000-7fb326637000 rw-p 00041000 08:06 12325890                   /home/erik/miniconda3/jre/lib/amd64/libsunec.so
7fb326637000-7fb32663a000 ---p 00000000 00:00 0 
7fb32663a000-7fb326938000 rw-p 00000000 00:00 0 
7fb326938000-7fb326b38000 rw-p 00000000 00:00 0 
7fb326b38000-7fb326b3b000 ---p 00000000 00:00 0 
7fb326b3b000-7fb326c39000 rw-p 00000000 00:00 0 
7fb326c39000-7fb326c3c000 ---p 00000000 00:00 0 
7fb326c3c000-7fb326d3a000 rw-p 00000000 00:00 0 
7fb326d3a000-7fb326d3d000 ---p 00000000 00:00 0 
7fb326d3d000-7fb326e3b000 rw-p 00000000 00:00 0 
7fb326e3b000-7fb326e3e000 ---p 00000000 00:00 0 
7fb326e3e000-7fb326f3c000 rw-p 00000000 00:00 0 
7fb326f3c000-7fb326f41000 r-xp 00000000 08:06 5381906                    /usr/lib/x86_64-linux-gnu/libXfixes.so.3.1.0
7fb326f41000-7fb327140000 ---p 00005000 08:06 5381906                    /usr/lib/x86_64-linux-gnu/libXfixes.so.3.1.0
7fb327140000-7fb327141000 r--p 00004000 08:06 5381906                    /usr/lib/x86_64-linux-gnu/libXfixes.so.3.1.0
7fb327141000-7fb327142000 rw-p 00005000 08:06 5381906                    /usr/lib/x86_64-linux-gnu/libXfixes.so.3.1.0
7fb327142000-7fb32714b000 r-xp 00000000 08:06 5381898                    /usr/lib/x86_64-linux-gnu/libXcursor.so.1.0.2
7fb32714b000-7fb32734a000 ---p 00009000 08:06 5381898                    /usr/lib/x86_64-linux-gnu/libXcursor.so.1.0.2
7fb32734a000-7fb32734b000 r--p 00008000 08:06 5381898                    /usr/lib/x86_64-linux-gnu/libXcursor.so.1.0.2
7fb32734b000-7fb32734c000 rw-p 00009000 08:06 5381898                    /usr/lib/x86_64-linux-gnu/libXcursor.so.1.0.2
7fb32734c000-7fb32734f000 ---p 00000000 00:00 0 
7fb32734f000-7fb32744d000 rw-p 00000000 00:00 0 
7fb32744d000-7fb32748e000 r-xp 00000000 08:06 8260538                    /home/erik/miniconda3/lib/libpng16.so.16.34.0
7fb32748e000-7fb32768d000 ---p 00041000 08:06 8260538                    /home/erik/miniconda3/lib/libpng16.so.16.34.0
7fb32768d000-7fb32768e000 rw-p 00040000 08:06 8260538                    /home/erik/miniconda3/lib/libpng16.so.16.34.0
7fb32768e000-7fb3276a4000 r-xp 00000000 08:06 5251606                    /home/erik/miniconda3/lib/libz.so.1.2.11
7fb3276a4000-7fb3278a3000 ---p 00016000 08:06 5251606                    /home/erik/miniconda3/lib/libz.so.1.2.11
7fb3278a3000-7fb3278a4000 r--p 00015000 08:06 5251606                    /home/erik/miniconda3/lib/libz.so.1.2.11
7fb3278a4000-7fb3278a5000 rw-p 00016000 08:06 5251606                    /home/erik/miniconda3/lib/libz.so.1.2.11
7fb3278a5000-7fb32797e000 r-xp 00000000 08:06 5771751                    /home/erik/miniconda3/lib/libfreetype.so.6.16.1
7fb32797e000-7fb327b7d000 ---p 000d9000 08:06 5771751                    /home/erik/miniconda3/lib/libfreetype.so.6.16.1
7fb327b7d000-7fb327b84000 rw-p 000d8000 08:06 5771751                    /home/erik/miniconda3/lib/libfreetype.so.6.16.1
7fb327b84000-7fb327be1000 r-xp 00000000 08:06 12325909                   /home/erik/miniconda3/jre/lib/amd64/libfontmanager.so
7fb327be1000-7fb327de1000 ---p 0005d000 08:06 12325909                   /home/erik/miniconda3/jre/lib/amd64/libfontmanager.so
7fb327de1000-7fb327de5000 rw-p 0005d000 08:06 12325909                   /home/erik/miniconda3/jre/lib/amd64/libfontmanager.so
7fb327de5000-7fb327df8000 rw-p 00000000 00:00 0 
7fb327df8000-7fb327dfa000 rw-p 00079000 08:06 12325909                   /home/erik/miniconda3/jre/lib/amd64/libfontmanager.so
7fb327dfa000-7fb327e00000 r-xp 00000000 08:06 9183057                    /home/erik/miniconda3/lib/libXdmcp.so.6.0.0
7fb327e00000-7fb327fff000 ---p 00006000 08:06 9183057                    /home/erik/miniconda3/lib/libXdmcp.so.6.0.0
7fb327fff000-7fb328000000 rw-p 00005000 08:06 9183057                    /home/erik/miniconda3/lib/libXdmcp.so.6.0.0
7fb328000000-7fb328109000 rw-p 00000000 00:00 0 
7fb328109000-7fb32c000000 ---p 00000000 00:00 0 
7fb32c001000-7fb32c002000 r--s 00000000 08:06 9835380                    /home/erik/miniconda3/var/cache/fontconfig/087e1975ba9a574b140bb1df193bf770-le64.cache-7
7fb32c002000-7fb32c006000 r--s 00000000 08:06 9835378                    /home/erik/miniconda3/var/cache/fontconfig/6aa41aa22e18b8fa06a12da28ea9c28b-le64.cache-7
7fb32c006000-7fb32c00c000 r--s 00000000 08:06 9833278                    /home/erik/miniconda3/var/cache/fontconfig/2cd17615ca594fa2959ae173292e504c-le64.cache-7
7fb32c00c000-7fb32c00d000 r--s 00000000 08:06 9833277                    /home/erik/miniconda3/var/cache/fontconfig/0d8c3b2ac0904cb8a57a757ad11a4a08-le64.cache-7
7fb32c00d000-7fb32c011000 r--s 00000000 08:06 9833276                    /home/erik/miniconda3/var/cache/fontconfig/de156ccd2eddbdc19d37a45b8b2aac9c-le64.cache-7
7fb32c011000-7fb32c012000 r--s 00000000 08:06 9833274                    /home/erik/miniconda3/var/cache/fontconfig/1ac9eb803944fde146138c791f5cc56a-le64.cache-7
7fb32c012000-7fb32c013000 r--s 00000000 08:06 9835375                    /home/erik/miniconda3/var/cache/fontconfig/b95bc8ffbebda2bbdae4265e45b8178d-le64.cache-7
7fb32c013000-7fb32c017000 r--s 00000000 08:06 9833273                    /home/erik/miniconda3/var/cache/fontconfig/385c0604a188198f04d133e54aba7fe7-le64.cache-7
7fb32c017000-7fb32c018000 r--s 00000000 08:06 9835374                    /home/erik/miniconda3/var/cache/fontconfig/9c956a7723ca69a44b382d9179c9802f-le64.cache-7
7fb32c018000-7fb32c019000 r--s 00000000 08:06 9833272                    /home/erik/miniconda3/var/cache/fontconfig/dc05db6664285cc2f12bf69c139ae4c3-le64.cache-7
7fb32c019000-7fb32c01b000 r--s 00000000 08:06 9833271                    /home/erik/miniconda3/var/cache/fontconfig/14a5e22175779b556eaa434240950366-le64.cache-7
7fb32c01b000-7fb32c01c000 r--s 00000000 08:06 9833270                    /home/erik/miniconda3/var/cache/fontconfig/660208299946a285a940457d1287da33-le64.cache-7
7fb32c01c000-7fb32c01d000 r--s 00000000 08:06 9835372                    /home/erik/miniconda3/var/cache/fontconfig/5d1cca7074f29429a8d18692746c2426-le64.cache-7
7fb32c01d000-7fb32c01f000 r--s 00000000 08:06 9833269                    /home/erik/miniconda3/var/cache/fontconfig/4f3e3037c9980c83b53a9351efadef62-le64.cache-7
7fb32c01f000-7fb32c022000 r--s 00000000 08:06 9833268                    /home/erik/miniconda3/var/cache/fontconfig/767a8244fc0220cfb567a839d0392e0b-le64.cache-7
7fb32c022000-7fb32c023000 r--s 00000000 08:06 9833267                    /home/erik/miniconda3/var/cache/fontconfig/4794a0821666d79190d59a36cb4f44b5-le64.cache-7
7fb32c023000-7fb32c024000 r--s 00000000 08:06 9833266                    /home/erik/miniconda3/var/cache/fontconfig/9eae20f1ff8cc0a7d125749e875856bd-le64.cache-7
7fb32c024000-7fb32c04d000 r--s 00000000 08:06 9835371                    /home/erik/miniconda3/var/cache/fontconfig/0bd3dc0958fa2205aaaa8ebb13e2872b-le64.cache-7
7fb32c04d000-7fb32c050000 r--s 00000000 08:06 9835370                    /home/erik/miniconda3/var/cache/fontconfig/bf2c1853a9e9b00bb02fe2e9bcf1e201-le64.cache-7
7fb32c050000-7fb32c056000 r--s 00000000 08:06 9833265                    /home/erik/miniconda3/var/cache/fontconfig/8801497958630a81b71ace7c5f9b32a8-le64.cache-7
7fb32c056000-7fb32c059000 r--s 00000000 08:06 9833264                    /home/erik/miniconda3/var/cache/fontconfig/a015930274ffcd967d2ca1b57da47cc7-le64.cache-7
7fb32c059000-7fb32c05d000 r--s 00000000 08:06 9833263                    /home/erik/miniconda3/var/cache/fontconfig/c57959a16110560c8d0fcea73374aeeb-le64.cache-7
7fb32c05d000-7fb32c05e000 r--s 00000000 08:06 9833262                    /home/erik/miniconda3/var/cache/fontconfig/b872e6e592da6075ffa4ab0a1fcc0c75-le64.cache-7
7fb32c05e000-7fb32c05f000 r--s 00000000 08:06 9833261                    /home/erik/miniconda3/var/cache/fontconfig/f6d4eedfaab2589bde49f7a3ff831d22-le64.cache-7
7fb32c05f000-7fb32c060000 r--s 00000000 08:06 9833260                    /home/erik/miniconda3/var/cache/fontconfig/589f83ef4c36d296ce6e1c846f468f08-le64.cache-7
7fb32c060000-7fb32c061000 r--s 00000000 08:06 9833259                    /home/erik/miniconda3/var/cache/fontconfig/bab58bb527bb656aaa9f116d68a48d89-le64.cache-7
7fb32c061000-7fb32c062000 r--s 00000000 08:06 9833258                    /home/erik/miniconda3/var/cache/fontconfig/2171a34dccabdb6bcbbc728186263178-le64.cache-7
7fb32c062000-7fb32c063000 r--s 00000000 08:06 9833257                    /home/erik/miniconda3/var/cache/fontconfig/c5c45a61289222e0d30b1a26ef4effbe-le64.cache-7
7fb32c063000-7fb32c064000 r--s 00000000 08:06 9833256                    /home/erik/miniconda3/var/cache/fontconfig/aec30016f93e1b46d1a973dce0d74068-le64.cache-7
7fb32c064000-7fb32c065000 r--s 00000000 08:06 9833255                    /home/erik/miniconda3/var/cache/fontconfig/3f589640d34b7dc9042c8d453f7c8b9c-le64.cache-7
7fb32c065000-7fb32c066000 r--s 00000000 08:06 9833254                    /home/erik/miniconda3/var/cache/fontconfig/16c2fda60d1b4b719f4b3d06fd951d25-le64.cache-7
7fb32c066000-7fb32c067000 r--s 00000000 08:06 9833253                    /home/erik/miniconda3/var/cache/fontconfig/a48eab177a16e4f3713381162db2f3e9-le64.cache-7
7fb32c067000-7fb32c068000 r--s 00000000 08:06 9833252                    /home/erik/miniconda3/var/cache/fontconfig/564b2e68ac9bc4e36a6f7f6d6125ec1c-le64.cache-7
7fb32c068000-7fb32c06e000 r--s 00000000 08:06 9833251                    /home/erik/miniconda3/var/cache/fontconfig/3047814df9a2f067bd2d96a2b9c36e5a-le64.cache-7
7fb32c06e000-7fb32c076000 r--s 00000000 08:06 9835369                    /home/erik/miniconda3/var/cache/fontconfig/bf3b770c553c462765856025a94f1ce6-le64.cache-7
7fb32c076000-7fb32c077000 r--s 00000000 08:06 9833250                    /home/erik/miniconda3/var/cache/fontconfig/56cf4f4769d0f4abc89a4895d7bd3ae1-le64.cache-7
7fb32c077000-7fb32c078000 r--s 00000000 08:06 9833249                    /home/erik/miniconda3/var/cache/fontconfig/b9d506c9ac06c20b433354fa67a72993-le64.cache-7
7fb32c078000-7fb32c07e000 r--s 00000000 08:06 9833248                    /home/erik/miniconda3/var/cache/fontconfig/b47c4e1ecd0709278f4910c18777a504-le64.cache-7
7fb32c07e000-7fb32c081000 r--s 00000000 08:06 9835368                    /home/erik/miniconda3/var/cache/fontconfig/14d493b97896515cad3840ba4896e372-le64.cache-7
7fb32c081000-7fb32c085000 r--s 00000000 08:06 9835367                    /home/erik/miniconda3/var/cache/fontconfig/e49e89034d371f0f9de17aab02136486-le64.cache-7
7fb32c085000-7fb32c087000 r--s 00000000 08:06 9835366                    /home/erik/miniconda3/var/cache/fontconfig/4b14b093aebc79c320de5e86ae1d3314-le64.cache-7
7fb32c087000-7fb32c088000 r--s 00000000 08:06 9835365                    /home/erik/miniconda3/var/cache/fontconfig/8aec10f4cc8391dcef22ca549f1e4354-le64.cache-7
7fb32c088000-7fb32c09b000 r--s 00000000 08:06 9833247                    /home/erik/miniconda3/var/cache/fontconfig/d52a8644073d54c13679302ca1180695-le64.cache-7
7fb32c09b000-7fb32c09c000 r--s 00000000 08:06 9833246                    /home/erik/miniconda3/var/cache/fontconfig/370e5b74bf5dafc30834de68e24a87a4-le64.cache-7
7fb32c09c000-7fb32c09d000 r--s 00000000 08:06 9833245                    /home/erik/miniconda3/var/cache/fontconfig/6b2c5944714ca7831b25bed9e85cb5c8-le64.cache-7
7fb32c09d000-7fb32c09e000 r--s 00000000 08:06 9833244                    /home/erik/miniconda3/var/cache/fontconfig/d5178ab6d91b49bf20a416737dcea9e8-le64.cache-7
7fb32c09e000-7fb32c09f000 r--s 00000000 08:06 9833243                    /home/erik/miniconda3/var/cache/fontconfig/551ecf3b0e8b0bca0f25c0944f561853-le64.cache-7
7fb32c09f000-7fb32c0a2000 r--s 00000000 08:06 9833242                    /home/erik/miniconda3/var/cache/fontconfig/f259c2cffa685e28062317905db73c4a-le64.cache-7
7fb32c0a2000-7fb32c0a4000 r--s 00000000 08:06 9833241                    /home/erik/miniconda3/var/cache/fontconfig/550f3886151c940c12a5ed35f6a00586-le64.cache-7
7fb32c0a4000-7fb32c0a7000 r--s 00000000 08:06 9833240                    /home/erik/miniconda3/var/cache/fontconfig/674d1711f2d1d2a09646eb0bdcadee49-le64.cache-7
7fb32c0a7000-7fb32c0a8000 r--s 00000000 08:06 9835364                    /home/erik/miniconda3/var/cache/fontconfig/8a687c406b77f27d99abfeeba937fcce-le64.cache-7
7fb32c0a8000-7fb32c0ae000 r--s 00000000 08:06 9835363                    /home/erik/miniconda3/var/cache/fontconfig/75ad6aa2358a85f0de2c8ee4837e8227-le64.cache-7
7fb32c0ae000-7fb32c0af000 r--s 00000000 08:06 9833239                    /home/erik/miniconda3/var/cache/fontconfig/3f7329c5293ffd510edef78f73874cfd-le64.cache-7
7fb32c0af000-7fb32c0b0000 r--s 00000000 08:06 9835362                    /home/erik/miniconda3/var/cache/fontconfig/ac2cf712d852da827a87a9baf682f5b9-le64.cache-7
7fb32c0b0000-7fb32c0b2000 r--s 00000000 08:06 9835361                    /home/erik/miniconda3/var/cache/fontconfig/65f976e5259cbe6dc7697b8648396239-le64.cache-7
7fb32c0b2000-7fb32c0be000 r--s 00000000 08:06 9833293                    /home/erik/miniconda3/var/cache/fontconfig/d589a48862398ed80a3d6066f4f56f4c-le64.cache-7
7fb32c0be000-7fb32c0c2000 r--s 00000000 08:06 9835360                    /home/erik/miniconda3/var/cache/fontconfig/246184dc75a16901ca37d96895904249-le64.cache-7
7fb32c0c2000-7fb32c0c7000 r--s 00000000 08:06 9835359                    /home/erik/miniconda3/var/cache/fontconfig/b25010134a2e462c779c1c1d5ccbff7b-le64.cache-7
7fb32c0c7000-7fb32c0c8000 r--s 00000000 08:06 9835358                    /home/erik/miniconda3/var/cache/fontconfig/94f7fe9bd33aadfac165873bd010d595-le64.cache-7
7fb32c0c8000-7fb32c0ca000 r--s 00000000 08:06 9835357                    /home/erik/miniconda3/var/cache/fontconfig/423767150eb258c59035de29db6fca84-le64.cache-7
7fb32c0ca000-7fb32c0cb000 r--s 00000000 08:06 9835356                    /home/erik/miniconda3/var/cache/fontconfig/845c20fd2c4814bcec78e05d37a63ccc-le64.cache-7
7fb32c0cb000-7fb32c0cc000 r--s 00000000 08:06 9835355                    /home/erik/miniconda3/var/cache/fontconfig/e7de81b01590fb7e12b38e274e17d0db-le64.cache-7
7fb32c0cc000-7fb32c0cf000 r--s 00000000 08:06 9835354                    /home/erik/miniconda3/var/cache/fontconfig/6386b86020ecc1ef9690bb720a13964f-le64.cache-7
7fb32c0cf000-7fb32c0d0000 r--s 00000000 08:06 9835353                    /home/erik/miniconda3/var/cache/fontconfig/406a1d2d2bf3ed7664fbadefac0b2f66-le64.cache-7
7fb32c0d0000-7fb32c0d2000 r--s 00000000 08:06 9835352                    /home/erik/miniconda3/var/cache/fontconfig/67709b7835c0f764c1135060c9575660-le64.cache-7
7fb32c0d2000-7fb32c0d4000 r--s 00000000 08:06 9835351                    /home/erik/miniconda3/var/cache/fontconfig/099525ddca5eae4f2477b69cf2d7f16d-le64.cache-7
7fb32c0d4000-7fb32c0d6000 r--s 00000000 08:06 9835350                    /home/erik/miniconda3/var/cache/fontconfig/61092ac79d9058a69eda095afa0a78f1-le64.cache-7
7fb32c0d6000-7fb32c0d8000 r--s 00000000 08:06 9835349                    /home/erik/miniconda3/var/cache/fontconfig/a722efc6911bbe16667b1a77497ffd37-le64.cache-7
7fb32c0d8000-7fb32c0e6000 r--s 00000000 08:06 9835347                    /home/erik/miniconda3/var/cache/fontconfig/198d8fcf01c96d0cf813f74fd759bdb7-le64.cache-7
7fb32c0e6000-7fb32c0e9000 r-xp 00000000 08:06 9050191                    /home/erik/miniconda3/lib/libXau.so.6.0.0
7fb32c0e9000-7fb32c2e8000 ---p 00003000 08:06 9050191                    /home/erik/miniconda3/lib/libXau.so.6.0.0
7fb32c2e8000-7fb32c2e9000 rw-p 00002000 08:06 9050191                    /home/erik/miniconda3/lib/libXau.so.6.0.0
7fb32c2e9000-7fb32c319000 r-xp 00000000 08:06 9049849                    /home/erik/miniconda3/lib/libxcb.so.1.1.0
7fb32c319000-7fb32c518000 ---p 00030000 08:06 9049849                    /home/erik/miniconda3/lib/libxcb.so.1.1.0
7fb32c518000-7fb32c519000 rw-p 0002f000 08:06 9049849                    /home/erik/miniconda3/lib/libxcb.so.1.1.0
7fb32c519000-7fb32c528000 r-xp 00000000 08:06 5381914                    /usr/lib/x86_64-linux-gnu/libXi.so.6.1.0
7fb32c528000-7fb32c727000 ---p 0000f000 08:06 5381914                    /usr/lib/x86_64-linux-gnu/libXi.so.6.1.0
7fb32c727000-7fb32c728000 r--p 0000e000 08:06 5381914                    /usr/lib/x86_64-linux-gnu/libXi.so.6.1.0
7fb32c728000-7fb32c729000 rw-p 0000f000 08:06 5381914                    /usr/lib/x86_64-linux-gnu/libXi.so.6.1.0
7fb32c729000-7fb32c72e000 r-xp 00000000 08:06 5381932                    /usr/lib/x86_64-linux-gnu/libXtst.so.6.1.0
7fb32c72e000-7fb32c92d000 ---p 00005000 08:06 5381932                    /usr/lib/x86_64-linux-gnu/libXtst.so.6.1.0
7fb32c92d000-7fb32c92e000 r--p 00004000 08:06 5381932                    /usr/lib/x86_64-linux-gnu/libXtst.so.6.1.0
7fb32c92e000-7fb32c92f000 rw-p 00005000 08:06 5381932                    /usr/lib/x86_64-linux-gnu/libXtst.so.6.1.0
7fb32c92f000-7fb32c93b000 r-xp 00000000 08:06 5906394                    /home/erik/miniconda3/lib/libXrender.so.1.3.0
7fb32c93b000-7fb32cb3a000 ---p 0000c000 08:06 5906394                    /home/erik/miniconda3/lib/libXrender.so.1.3.0
7fb32cb3a000-7fb32cb3b000 rw-p 0000b000 08:06 5906394                    /home/erik/miniconda3/lib/libXrender.so.1.3.0
7fb32cb3b000-7fb32cc9d000 r-xp 00000000 08:06 9703092                    /home/erik/miniconda3/lib/libX11.so.6.3.0
7fb32cc9d000-7fb32ce9c000 ---p 00162000 08:06 9703092                    /home/erik/miniconda3/lib/libX11.so.6.3.0
7fb32ce9c000-7fb32cea3000 rw-p 00161000 08:06 9703092                    /home/erik/miniconda3/lib/libX11.so.6.3.0
7fb32cea3000-7fb32ceb7000 r-xp 00000000 08:06 11154941                   /home/erik/miniconda3/lib/libXext.so.6.4.0
7fb32ceb7000-7fb32d0b7000 ---p 00014000 08:06 11154941                   /home/erik/miniconda3/lib/libXext.so.6.4.0
7fb32d0b7000-7fb32d0b8000 rw-p 00014000 08:06 11154941                   /home/erik/miniconda3/lib/libXext.so.6.4.0
7fb32d0b8000-7fb32d111000 r-xp 00000000 08:06 12325908                   /home/erik/miniconda3/jre/lib/amd64/libawt_xawt.so
7fb32d111000-7fb32d311000 ---p 00059000 08:06 12325908                   /home/erik/miniconda3/jre/lib/amd64/libawt_xawt.so
7fb32d311000-7fb32d315000 rw-p 00059000 08:06 12325908                   /home/erik/miniconda3/jre/lib/amd64/libawt_xawt.so
7fb32d315000-7fb32d316000 rw-p 00000000 00:00 0 
7fb32d316000-7fb32d31c000 rw-p 00071000 08:06 12325908                   /home/erik/miniconda3/jre/lib/amd64/libawt_xawt.so
7fb32d31c000-7fb32d3bf000 r-xp 00000000 08:06 12325921                   /home/erik/miniconda3/jre/lib/amd64/libawt.so
7fb32d3bf000-7fb32d5bf000 ---p 000a3000 08:06 12325921                   /home/erik/miniconda3/jre/lib/amd64/libawt.so
7fb32d5bf000-7fb32d5cb000 rw-p 000a3000 08:06 12325921                   /home/erik/miniconda3/jre/lib/amd64/libawt.so
7fb32d5cb000-7fb32d5ef000 rw-p 00000000 00:00 0 
7fb32d5ef000-7fb32d5f6000 rw-p 000bd000 08:06 12325921                   /home/erik/miniconda3/jre/lib/amd64/libawt.so
7fb32d5f6000-7fb32d773000 r--s 01bac000 08:06 5772405                    /home/erik/miniconda3/bin/igv.jar
7fb32d773000-7fb32d804000 r--s 013b4000 08:06 8532738                    /home/erik/miniconda3/jre/lib/ext/jfxrt.jar
7fb32d804000-7fb32d805000 ---p 00000000 00:00 0 
7fb32d805000-7fb32d905000 rw-p 00000000 00:00 0 
7fb32d905000-7fb32d908000 ---p 00000000 00:00 0 
7fb32d908000-7fb32da06000 rw-p 00000000 00:00 0 
7fb32da06000-7fb32da09000 ---p 00000000 00:00 0 
7fb32da09000-7fb32db07000 rw-p 00000000 00:00 0 
7fb32db07000-7fb32db0a000 ---p 00000000 00:00 0 
7fb32db0a000-7fb32dc08000 rw-p 00000000 00:00 0 
7fb32dc08000-7fb32dc0b000 ---p 00000000 00:00 0 
7fb32dc0b000-7fb32dd09000 rw-p 00000000 00:00 0 
7fb32dd09000-7fb32dd0c000 ---p 00000000 00:00 0 
7fb32dd0c000-7fb32de0a000 rw-p 00000000 00:00 0 
7fb32de0a000-7fb32e268000 r--p 00000000 08:06 5377307                    /usr/lib/locale/locale-archive
7fb32e268000-7fb32e26b000 ---p 00000000 00:00 0 
7fb32e26b000-7fb32e369000 rw-p 00000000 00:00 0 
7fb32e369000-7fb32e36c000 ---p 00000000 00:00 0 
7fb32e36c000-7fb32e46a000 rw-p 00000000 00:00 0 
7fb32e46a000-7fb32e46b000 ---p 00000000 00:00 0 
7fb32e46b000-7fb32e56b000 rw-p 00000000 00:00 0 
7fb32e56b000-7fb32e738000 r--s 03bec000 08:06 12325932                   /home/erik/miniconda3/jre/lib/rt.jar
7fb32e738000-7fb32ef38000 rw-p 00000000 00:00 0 
7fb32ef38000-7fb32f708000 rw-p 00000000 00:00 0 
7fb32f708000-7fb32f709000 ---p 00000000 00:00 0 
7fb32f709000-7fb32f809000 rw-p 00000000 00:00 0 
7fb32f809000-7fb32f80a000 ---p 00000000 00:00 0 
7fb32f80a000-7fb32f90a000 rw-p 00000000 00:00 0 
7fb32f90a000-7fb32f90b000 ---p 00000000 00:00 0 
7fb32f90b000-7fb32fa0b000 rw-p 00000000 00:00 0 
7fb32fa0b000-7fb32fa0c000 ---p 00000000 00:00 0 
7fb32fa0c000-7fb32fd98000 rw-p 00000000 00:00 0 
7fb32fd98000-7fb330042000 ---p 00000000 00:00 0 
7fb330042000-7fb3302ce000 rw-p 00000000 00:00 0 
7fb3302ce000-7fb330577000 ---p 00000000 00:00 0 
7fb330577000-7fb330812000 rw-p 00000000 00:00 0 
7fb330812000-7fb330847000 rw-p 00000000 00:00 0 
7fb330847000-7fb330bd3000 ---p 00000000 00:00 0 
7fb330bd3000-7fb3318b3000 rwxp 00000000 00:00 0 
7fb3318b3000-7fb33fbd3000 ---p 00000000 00:00 0 
7fb33fbd3000-7fb33fbed000 r-xp 00000000 08:06 12325872                   /home/erik/miniconda3/jre/lib/amd64/libzip.so
7fb33fbed000-7fb33fdec000 ---p 0001a000 08:06 12325872                   /home/erik/miniconda3/jre/lib/amd64/libzip.so
7fb33fdec000-7fb33fded000 rw-p 00019000 08:06 12325872                   /home/erik/miniconda3/jre/lib/amd64/libzip.so
7fb33fded000-7fb33fdee000 rw-p 0001e000 08:06 12325872                   /home/erik/miniconda3/jre/lib/amd64/libzip.so
7fb33fdee000-7fb33fdf9000 r-xp 00000000 08:06 1048670                    /lib/x86_64-linux-gnu/libnss_files-2.26.so
7fb33fdf9000-7fb33fff8000 ---p 0000b000 08:06 1048670                    /lib/x86_64-linux-gnu/libnss_files-2.26.so
7fb33fff8000-7fb33fff9000 r--p 0000a000 08:06 1048670                    /lib/x86_64-linux-gnu/libnss_files-2.26.so
7fb33fff9000-7fb33fffa000 rw-p 0000b000 08:06 1048670                    /lib/x86_64-linux-gnu/libnss_files-2.26.so
7fb33fffa000-7fb340000000 rw-p 00000000 00:00 0 
7fb340000000-7fb341542000 rw-p 00000000 00:00 0 
7fb341542000-7fb344000000 ---p 00000000 00:00 0 
7fb344000000-7fb344002000 r--s 00000000 08:06 9835348                    /home/erik/miniconda3/var/cache/fontconfig/d63fdd8e0f42559533dd777c334fdfcc-le64.cache-7
7fb344002000-7fb344003000 r--s 00000000 08:06 9833237                    /home/erik/miniconda3/var/cache/fontconfig/30829fa25452a46451e813d634d7f916-le64.cache-7
7fb344003000-7fb344004000 r--s 00000000 08:06 9833236                    /home/erik/miniconda3/var/cache/fontconfig/0c9eb80ebd1c36541ebe2852d3bb0c49-le64.cache-7
7fb344004000-7fb344005000 r--s 00000000 08:06 9833235                    /home/erik/miniconda3/var/cache/fontconfig/22368d551a680bfe5a62c02760edf4ea-le64.cache-7
7fb344005000-7fb344006000 r--s 00000000 08:06 9833234                    /home/erik/miniconda3/var/cache/fontconfig/4d9c95eba1cb85bbcf2878543262124a-le64.cache-7
7fb344006000-7fb344007000 r--s 00000000 08:06 9833233                    /home/erik/miniconda3/var/cache/fontconfig/85e0a52ce643a7ba2ae53e5d6949cead-le64.cache-7
7fb344007000-7fb344008000 r--s 00000000 08:06 9833232                    /home/erik/miniconda3/var/cache/fontconfig/49f0de54bdd920fe4f0dfd4cbac43e6b-le64.cache-7
7fb344008000-7fb344009000 r--s 00000000 08:06 9833231                    /home/erik/miniconda3/var/cache/fontconfig/f6e6e0a5c3d2f6ae0c0c2e0ecd42a997-le64.cache-7
7fb344009000-7fb34400a000 r--s 00000000 08:06 9833230                    /home/erik/miniconda3/var/cache/fontconfig/4b2eda6bb976bda485cb2176619421d5-le64.cache-7
7fb34400a000-7fb34400d000 r--s 00000000 08:06 9835345                    /home/erik/miniconda3/var/cache/fontconfig/75114ca45c98e8a441da0ff356701271-le64.cache-7
7fb34400d000-7fb344019000 r--s 00000000 08:06 9835344                    /home/erik/miniconda3/var/cache/fontconfig/83bf95040141907cd45bb53cf7c1c148-le64.cache-7
7fb344019000-7fb344027000 r--s 00000000 08:06 9833229                    /home/erik/miniconda3/var/cache/fontconfig/9b89f8e3dae116d678bbf48e5f21f69b-le64.cache-7
7fb344027000-7fb344029000 r--s 00000000 08:06 9835343                    /home/erik/miniconda3/var/cache/fontconfig/6e6b34ae150a7ad95e82fb4a522f0bda-le64.cache-7
7fb344029000-7fb34402a000 r--s 00000000 08:06 9835342                    /home/erik/miniconda3/var/cache/fontconfig/3334a778d104e76d188e9df399bc24d2-le64.cache-7
7fb34402a000-7fb344031000 r--s 00000000 08:06 9835341                    /home/erik/miniconda3/var/cache/fontconfig/53d14c92082a93e67d5078324eb314ca-le64.cache-7
7fb344031000-7fb344035000 r--s 00000000 08:06 9835340                    /home/erik/miniconda3/var/cache/fontconfig/6c08beecf0dac481ec92e759e0c2e6d7-le64.cache-7
7fb344035000-7fb344039000 r--s 00000000 08:06 9835339                    /home/erik/miniconda3/var/cache/fontconfig/4d6aee6d44eccb37054d3216e945f618-le64.cache-7
7fb344039000-7fb34403d000 r--s 00000000 08:06 9835338                    /home/erik/miniconda3/var/cache/fontconfig/d6c6df98c3df5faf9bd0f8ef4d91efe5-le64.cache-7
7fb34403d000-7fb344041000 r--s 00000000 08:06 9835337                    /home/erik/miniconda3/var/cache/fontconfig/9fb319ef52839f11ee26ab8b4cffa12b-le64.cache-7
7fb344041000-7fb344043000 r--s 00000000 08:06 9834904                    /home/erik/miniconda3/var/cache/fontconfig/43bfe21a9e1edebcf703d79ee2950b06-le64.cache-7
7fb344043000-7fb344056000 r--s 00000000 08:06 9834902                    /home/erik/miniconda3/var/cache/fontconfig/4ac51e5cfbc76fc3f983e470323a16d3-le64.cache-7
7fb344056000-7fb344059000 r--s 00000000 08:06 9833373                    /home/erik/miniconda3/var/cache/fontconfig/c19b55eb3b4c5b40ea175e31682068a5-le64.cache-7
7fb344059000-7fb34405a000 r--s 00000000 08:06 9833347                    /home/erik/miniconda3/var/cache/fontconfig/c277e94e32b20404286a1ddafa5a80f0-le64.cache-7
7fb34405a000-7fb344060000 r--s 00000000 08:06 9833345                    /home/erik/miniconda3/var/cache/fontconfig/3629f2adf904f9a612908891fae71ceb-le64.cache-7
7fb344060000-7fb344064000 r--s 00000000 08:06 9833344                    /home/erik/miniconda3/var/cache/fontconfig/de83a0a961185c8bd1f159015d56c039-le64.cache-7
7fb344064000-7fb344087000 r--s 00000000 08:06 9833222                    /home/erik/miniconda3/var/cache/fontconfig/cabbd14511b9e8a55e92af97fb3a0461-le64.cache-7
7fb344087000-7fb344092000 r-xp 00000000 08:06 1048672                    /lib/x86_64-linux-gnu/libnss_nis-2.26.so
7fb344092000-7fb344291000 ---p 0000b000 08:06 1048672                    /lib/x86_64-linux-gnu/libnss_nis-2.26.so
7fb344291000-7fb344292000 r--p 0000a000 08:06 1048672                    /lib/x86_64-linux-gnu/libnss_nis-2.26.so
7fb344292000-7fb344293000 rw-p 0000b000 08:06 1048672                    /lib/x86_64-linux-gnu/libnss_nis-2.26.so
7fb344293000-7fb3442aa000 r-xp 00000000 08:06 1048667                    /lib/x86_64-linux-gnu/libnsl-2.26.so
7fb3442aa000-7fb3444a9000 ---p 00017000 08:06 1048667                    /lib/x86_64-linux-gnu/libnsl-2.26.so
7fb3444a9000-7fb3444aa000 r--p 00016000 08:06 1048667                    /lib/x86_64-linux-gnu/libnsl-2.26.so
7fb3444aa000-7fb3444ab000 rw-p 00017000 08:06 1048667                    /lib/x86_64-linux-gnu/libnsl-2.26.so
7fb3444ab000-7fb3444ad000 rw-p 00000000 00:00 0 
7fb3444ad000-7fb3444b5000 r-xp 00000000 08:06 1048668                    /lib/x86_64-linux-gnu/libnss_compat-2.26.so
7fb3444b5000-7fb3446b4000 ---p 00008000 08:06 1048668                    /lib/x86_64-linux-gnu/libnss_compat-2.26.so
7fb3446b4000-7fb3446b5000 r--p 00007000 08:06 1048668                    /lib/x86_64-linux-gnu/libnss_compat-2.26.so
7fb3446b5000-7fb3446b6000 rw-p 00008000 08:06 1048668                    /lib/x86_64-linux-gnu/libnss_compat-2.26.so
7fb3446b6000-7fb3446e0000 r-xp 00000000 08:06 12325884                   /home/erik/miniconda3/jre/lib/amd64/libjava.so
7fb3446e0000-7fb3448e0000 ---p 0002a000 08:06 12325884                   /home/erik/miniconda3/jre/lib/amd64/libjava.so
7fb3448e0000-7fb3448e2000 rw-p 0002a000 08:06 12325884                   /home/erik/miniconda3/jre/lib/amd64/libjava.so
7fb3448e2000-7fb3448e6000 rw-p 00036000 08:06 12325884                   /home/erik/miniconda3/jre/lib/amd64/libjava.so
7fb3448e6000-7fb3448f3000 r-xp 00000000 08:06 12325856                   /home/erik/miniconda3/jre/lib/amd64/libverify.so
7fb3448f3000-7fb344af3000 ---p 0000d000 08:06 12325856                   /home/erik/miniconda3/jre/lib/amd64/libverify.so
7fb344af3000-7fb344af5000 rw-p 0000d000 08:06 12325856                   /home/erik/miniconda3/jre/lib/amd64/libverify.so
7fb344af5000-7fb344af6000 rw-p 00011000 08:06 12325856                   /home/erik/miniconda3/jre/lib/amd64/libverify.so
7fb344af6000-7fb344afd000 r-xp 00000000 08:06 1053083                    /lib/x86_64-linux-gnu/librt-2.26.so
7fb344afd000-7fb344cfc000 ---p 00007000 08:06 1053083                    /lib/x86_64-linux-gnu/librt-2.26.so
7fb344cfc000-7fb344cfd000 r--p 00006000 08:06 1053083                    /lib/x86_64-linux-gnu/librt-2.26.so
7fb344cfd000-7fb344cfe000 rw-p 00007000 08:06 1053083                    /lib/x86_64-linux-gnu/librt-2.26.so
7fb344cfe000-7fb344e53000 r-xp 00000000 08:06 1048664                    /lib/x86_64-linux-gnu/libm-2.26.so
7fb344e53000-7fb345052000 ---p 00155000 08:06 1048664                    /lib/x86_64-linux-gnu/libm-2.26.so
7fb345052000-7fb345053000 r--p 00154000 08:06 1048664                    /lib/x86_64-linux-gnu/libm-2.26.so
7fb345053000-7fb345054000 rw-p 00155000 08:06 1048664                    /lib/x86_64-linux-gnu/libm-2.26.so
7fb345054000-7fb345c84000 r-xp 00000000 08:06 12325929                   /home/erik/miniconda3/jre/lib/amd64/server/libjvm.so
7fb345c84000-7fb345e84000 ---p 00c30000 08:06 12325929                   /home/erik/miniconda3/jre/lib/amd64/server/libjvm.so
7fb345e84000-7fb345f52000 rw-p 00c30000 08:06 12325929                   /home/erik/miniconda3/jre/lib/amd64/server/libjvm.so
7fb345f52000-7fb345f95000 rw-p 00000000 00:00 0 
7fb345f95000-7fb345f98000 rw-p 00f74000 08:06 12325929                   /home/erik/miniconda3/jre/lib/amd64/server/libjvm.so
7fb345f98000-7fb34616e000 r-xp 00000000 08:06 1048660                    /lib/x86_64-linux-gnu/libc-2.26.so
7fb34616e000-7fb34636e000 ---p 001d6000 08:06 1048660                    /lib/x86_64-linux-gnu/libc-2.26.so
7fb34636e000-7fb346372000 r--p 001d6000 08:06 1048660                    /lib/x86_64-linux-gnu/libc-2.26.so
7fb346372000-7fb346374000 rw-p 001da000 08:06 1048660                    /lib/x86_64-linux-gnu/libc-2.26.so
7fb346374000-7fb346378000 rw-p 00000000 00:00 0 
7fb346378000-7fb34637b000 r-xp 00000000 08:06 1048663                    /lib/x86_64-linux-gnu/libdl-2.26.so
7fb34637b000-7fb34657a000 ---p 00003000 08:06 1048663                    /lib/x86_64-linux-gnu/libdl-2.26.so
7fb34657a000-7fb34657b000 r--p 00002000 08:06 1048663                    /lib/x86_64-linux-gnu/libdl-2.26.so
7fb34657b000-7fb34657c000 rw-p 00003000 08:06 1048663                    /lib/x86_64-linux-gnu/libdl-2.26.so
7fb34657c000-7fb346591000 r-xp 00000000 08:06 12325895                   /home/erik/miniconda3/lib/libjli.so
7fb346591000-7fb346791000 ---p 00015000 08:06 12325895                   /home/erik/miniconda3/lib/libjli.so
7fb346791000-7fb346792000 rw-p 00015000 08:06 12325895                   /home/erik/miniconda3/lib/libjli.so
7fb346792000-7fb3467ac000 r-xp 00000000 08:06 1053018                    /lib/x86_64-linux-gnu/libpthread-2.26.so
7fb3467ac000-7fb3469ab000 ---p 0001a000 08:06 1053018                    /lib/x86_64-linux-gnu/libpthread-2.26.so
7fb3469ab000-7fb3469ac000 r--p 00019000 08:06 1053018                    /lib/x86_64-linux-gnu/libpthread-2.26.so
7fb3469ac000-7fb3469ad000 rw-p 0001a000 08:06 1053018                    /lib/x86_64-linux-gnu/libpthread-2.26.so
7fb3469ad000-7fb3469b1000 rw-p 00000000 00:00 0 
7fb3469b1000-7fb3469d8000 r-xp 00000000 08:06 1048592                    /lib/x86_64-linux-gnu/ld-2.26.so
7fb3469d8000-7fb3469f1000 r--s 00000000 08:06 9833343                    /home/erik/miniconda3/var/cache/fontconfig/e13b20fdb08344e0e664864cc2ede53d-le64.cache-7
7fb3469f1000-7fb346a01000 r--s 00000000 08:06 9833289                    /home/erik/miniconda3/var/cache/fontconfig/a88c0185-9508-404e-b7b0-dcf1dcff7899-le64.cache-7
7fb346a01000-7fb346a07000 r--s 00000000 08:06 9833342                    /home/erik/miniconda3/var/cache/fontconfig/7ef2298fde41cc6eeb7af42e48b7d293-le64.cache-7
7fb346a1f000-7fb346a25000 r--s 0003a000 08:06 12325889                   /home/erik/miniconda3/jre/lib/ext/sunjce_provider.jar
7fb346a25000-7fb346a29000 r--s 00037000 08:06 12325885                   /home/erik/miniconda3/jre/lib/ext/sunpkcs11.jar
7fb346a29000-7fb346a2c000 r--p 00000000 08:06 5243560                    /home/erik/miniconda3/lib/libgcc_s.so.1
7fb346a2c000-7fb346a39000 r-xp 00003000 08:06 5243560                    /home/erik/miniconda3/lib/libgcc_s.so.1
7fb346a39000-7fb346a3c000 r--p 00010000 08:06 5243560                    /home/erik/miniconda3/lib/libgcc_s.so.1
7fb346a3c000-7fb346a3d000 r--p 00012000 08:06 5243560                    /home/erik/miniconda3/lib/libgcc_s.so.1
7fb346a3d000-7fb346a3e000 rw-p 00013000 08:06 5243560                    /home/erik/miniconda3/lib/libgcc_s.so.1
7fb346a3e000-7fb346a51000 r--s 00345000 08:06 12325927                   /home/erik/miniconda3/jre/lib/resources.jar
7fb346a51000-7fb346aa0000 rw-p 00000000 00:00 0 
7fb346aa0000-7fb346aa3000 ---p 00000000 00:00 0 
7fb346aa3000-7fb346ba5000 rw-p 00000000 00:00 0 
7fb346ba5000-7fb346ba6000 r--s 00000000 08:06 9833292                    /home/erik/miniconda3/var/cache/fontconfig/7b8b080d-b891-4454-b1d7-0e0073eedf7e-le64.cache-7
7fb346ba6000-7fb346ba7000 r--s 00008000 08:06 12325844                   /home/erik/miniconda3/jre/lib/ext/sunec.jar
7fb346ba7000-7fb346bc4000 r--s 001e9000 08:06 5772404                    /home/erik/miniconda3/bin/goby-io-igv__V1.0.jar
7fb346bc4000-7fb346bc7000 r--s 00029000 08:06 5772403                    /home/erik/miniconda3/bin/batik-codec__V1.7.jar
7fb346bc7000-7fb346bca000 r--s 00015000 08:06 12325863                   /home/erik/miniconda3/jre/lib/jce.jar
7fb346bca000-7fb346bce000 r--s 00097000 08:06 12325913                   /home/erik/miniconda3/jre/lib/jsse.jar
7fb346bce000-7fb346bd6000 rw-s 00000000 08:06 4720015                    /tmp/hsperfdata_erik/27979
7fb346bd6000-7fb346bd7000 rw-p 00000000 00:00 0 
7fb346bd7000-7fb346bd8000 ---p 00000000 00:00 0 
7fb346bd8000-7fb346bd9000 r--p 00027000 08:06 1048592                    /lib/x86_64-linux-gnu/ld-2.26.so
7fb346bd9000-7fb346bda000 rw-p 00028000 08:06 1048592                    /lib/x86_64-linux-gnu/ld-2.26.so
7fb346bda000-7fb346bdb000 rw-p 00000000 00:00 0 
7fffb669b000-7fffb66bc000 rw-p 00000000 00:00 0                          [stack]
7fffb67b3000-7fffb67b6000 r--p 00000000 00:00 0                          [vvar]
7fffb67b6000-7fffb67b8000 r-xp 00000000 00:00 0                          [vdso]
ffffffffff600000-ffffffffff601000 r-xp 00000000 00:00 0                  [vsyscall]

VM Arguments:
jvm_args: -Xmx4000m -XX:+IgnoreUnrecognizedVMOptions --illegal-access=permit --add-modules=java.xml.bind -Dapple.laf.useScreenMenuBar=true -Djava.net.preferIPv4Stack=true 
java_command: /home/erik/miniconda3/bin/igv.jar
java_class_path (initial): /home/erik/miniconda3/bin/igv.jar
Launcher Type: SUN_STANDARD

Environment Variables:
PATH=/home/erik/sweden/courses/2nd_semester/Genome_Analysis/spades_assembly/gnuplot-4.6.0/src/::/home/erik/miniconda3/bin/LIMS/:/home/erik/miniconda3/bin:/home/erik/miniconda3/bin:/usr/local/sbin:/usr/local/bin:/usr/sbin:/usr/bin:/sbin:/bin:/usr/games:/usr/local/games:/snap/bin
USERNAME=erik
SHELL=/bin/bash
DISPLAY=:0

Signal Handlers:
SIGSEGV: [libjvm.so+0xa289e0], sa_mask[0]=11111111011111111101111111111110, sa_flags=SA_RESTART|SA_SIGINFO
SIGBUS: [libjvm.so+0xa289e0], sa_mask[0]=11111111011111111101111111111110, sa_flags=SA_RESTART|SA_SIGINFO
SIGFPE: [libjvm.so+0x8967f0], sa_mask[0]=11111111011111111101111111111110, sa_flags=SA_RESTART|SA_SIGINFO
SIGPIPE: SIG_IGN, sa_mask[0]=00000000000010000000000000000000, sa_flags=SA_RESTART
SIGXFSZ: [libjvm.so+0x8967f0], sa_mask[0]=11111111011111111101111111111110, sa_flags=SA_RESTART|SA_SIGINFO
SIGILL: [libjvm.so+0x8967f0], sa_mask[0]=11111111011111111101111111111110, sa_flags=SA_RESTART|SA_SIGINFO
SIGUSR1: SIG_DFL, sa_mask[0]=00000000000000000000000000000000, sa_flags=none
SIGUSR2: [libjvm.so+0x897cd0], sa_mask[0]=00000000000000000000000000000000, sa_flags=SA_RESTART|SA_SIGINFO
SIGHUP: [libjvm.so+0x8993c0], sa_mask[0]=11111111011111111101111111111110, sa_flags=SA_RESTART|SA_SIGINFO
SIGINT: [libjvm.so+0x8993c0], sa_mask[0]=11111111011111111101111111111110, sa_flags=SA_RESTART|SA_SIGINFO
SIGTERM: [libjvm.so+0x8993c0], sa_mask[0]=11111111011111111101111111111110, sa_flags=SA_RESTART|SA_SIGINFO
SIGQUIT: [libjvm.so+0x8993c0], sa_mask[0]=11111111011111111101111111111110, sa_flags=SA_RESTART|SA_SIGINFO


---------------  S Y S T E M  ---------------

OS:DISTRIB_ID=Ubuntu
DISTRIB_RELEASE=17.10
DISTRIB_CODENAME=artful
DISTRIB_DESCRIPTION="Ubuntu 17.10"

uname:Linux 4.13.0-46-generic #51-Ubuntu SMP Tue Jun 12 12:36:29 UTC 2018 x86_64
libc:glibc 2.26 NPTL 2.26 
rlimit: STACK 8192k, CORE 0k, NPROC 15112, NOFILE 4096, AS infinity
load average:5.07 7.26 6.35

/proc/meminfo:
MemTotal:        3923088 kB
MemFree:           99060 kB
MemAvailable:      24532 kB
Buffers:            1428 kB
Cached:            53840 kB
SwapCached:         3308 kB
Active:          2926148 kB
Inactive:         609488 kB
Active(anon):    2909588 kB
Inactive(anon):   588080 kB
Active(file):      16560 kB
Inactive(file):    21408 kB
Unevictable:          32 kB
Mlocked:              32 kB
SwapTotal:       4077564 kB
SwapFree:         161152 kB
Dirty:               168 kB
Writeback:             0 kB
AnonPages:       3477576 kB
Mapped:            40672 kB
Shmem:             17080 kB
Slab:             138004 kB
SReclaimable:      49156 kB
SUnreclaim:        88848 kB
KernelStack:       16032 kB
PageTables:        81608 kB
NFS_Unstable:          0 kB
Bounce:                0 kB
WritebackTmp:          0 kB
CommitLimit:     6039108 kB
Committed_AS:   15684536 kB
VmallocTotal:   34359738367 kB
VmallocUsed:           0 kB
VmallocChunk:          0 kB
HardwareCorrupted:     0 kB
AnonHugePages:         0 kB
ShmemHugePages:        0 kB
ShmemPmdMapped:        0 kB
CmaTotal:              0 kB
CmaFree:               0 kB
HugePages_Total:       0
HugePages_Free:        0
HugePages_Rsvd:        0
HugePages_Surp:        0
Hugepagesize:       2048 kB
DirectMap4k:      205880 kB
DirectMap2M:     3872768 kB


CPU:total 4 (2 cores per cpu, 2 threads per core) family 6 model 42 stepping 7, cmov, cx8, fxsr, mmx, sse, sse2, sse3, ssse3, sse4.1, sse4.2, popcnt, avx, aes, clmul, ht, tsc, tscinvbit

/proc/cpuinfo:
processor	: 0
vendor_id	: GenuineIntel
cpu family	: 6
model		: 42
model name	: Intel(R) Core(TM) i5-2467M CPU @ 1.60GHz
stepping	: 7
microcode	: 0x2d
cpu MHz		: 1995.331
cache size	: 3072 KB
physical id	: 0
siblings	: 4
core id		: 0
cpu cores	: 2
apicid		: 0
initial apicid	: 0
fpu		: yes
fpu_exception	: yes
cpuid level	: 13
wp		: yes
flags		: fpu vme de pse tsc msr pae mce cx8 apic sep mtrr pge mca cmov pat pse36 clflush dts acpi mmx fxsr sse sse2 ss ht tm pbe syscall nx rdtscp lm constant_tsc arch_perfmon pebs bts nopl xtopology nonstop_tsc cpuid aperfmperf pni pclmulqdq dtes64 monitor ds_cpl vmx est tm2 ssse3 cx16 xtpr pdcm pcid sse4_1 sse4_2 x2apic popcnt tsc_deadline_timer aes xsave avx lahf_lm epb pti retpoline spec_ctrl tpr_shadow vnmi flexpriority ept vpid xsaveopt dtherm ida arat pln pts
bugs		: cpu_meltdown spectre_v1 spectre_v2 spec_store_bypass
bogomips	: 3192.55
clflush size	: 64
cache_alignment	: 64
address sizes	: 36 bits physical, 48 bits virtual
power management:

processor	: 1
vendor_id	: GenuineIntel
cpu family	: 6
model		: 42
model name	: Intel(R) Core(TM) i5-2467M CPU @ 1.60GHz
stepping	: 7
microcode	: 0x2d
cpu MHz		: 1995.352
cache size	: 3072 KB
physical id	: 0
siblings	: 4
core id		: 0
cpu cores	: 2
apicid		: 1
initial apicid	: 1
fpu		: yes
fpu_exception	: yes
cpuid level	: 13
wp		: yes
flags		: fpu vme de pse tsc msr pae mce cx8 apic sep mtrr pge mca cmov pat pse36 clflush dts acpi mmx fxsr sse sse2 ss ht tm pbe syscall nx rdtscp lm constant_tsc arch_perfmon pebs bts nopl xtopology nonstop_tsc cpuid aperfmperf pni pclmulqdq dtes64 monitor ds_cpl vmx est tm2 ssse3 cx16 xtpr pdcm pcid sse4_1 sse4_2 x2apic popcnt tsc_deadline_timer aes xsave avx lahf_lm epb pti retpoline spec_ctrl tpr_shadow vnmi flexpriority ept vpid xsaveopt dtherm ida arat pln pts
bugs		: cpu_meltdown spectre_v1 spectre_v2 spec_store_bypass
bogomips	: 3192.55
clflush size	: 64
cache_alignment	: 64
address sizes	: 36 bits physical, 48 bits virtual
power management:

processor	: 2
vendor_id	: GenuineIntel
cpu family	: 6
model		: 42
model name	: Intel(R) Core(TM) i5-2467M CPU @ 1.60GHz
stepping	: 7
microcode	: 0x2d
cpu MHz		: 1995.357
cache size	: 3072 KB
physical id	: 0
siblings	: 4
core id		: 1
cpu cores	: 2
apicid		: 2
initial apicid	: 2
fpu		: yes
fpu_exception	: yes
cpuid level	: 13
wp		: yes
flags		: fpu vme de pse tsc msr pae mce cx8 apic sep mtrr pge mca cmov pat pse36 clflush dts acpi mmx fxsr sse sse2 ss ht tm pbe syscall nx rdtscp lm constant_tsc arch_perfmon pebs bts nopl xtopology nonstop_tsc cpuid aperfmperf pni pclmulqdq dtes64 monitor ds_cpl vmx est tm2 ssse3 cx16 xtpr pdcm pcid sse4_1 sse4_2 x2apic popcnt tsc_deadline_timer aes xsave avx lahf_lm epb pti retpoline spec_ctrl tpr_shadow vnmi flexpriority ept vpid xsaveopt dtherm ida arat pln pts
bugs		: cpu_meltdown spectre_v1 spectre_v2 spec_store_bypass
bogomips	: 3192.55
clflush size	: 64
cache_alignment	: 64
address sizes	: 36 bits physical, 48 bits virtual
power management:

processor	: 3
vendor_id	: GenuineIntel
cpu family	: 6
model		: 42
model name	: Intel(R) Core(TM) i5-2467M CPU @ 1.60GHz
stepping	: 7
microcode	: 0x2d
cpu MHz		: 1995.352
cache size	: 3072 KB
physical id	: 0
siblings	: 4
core id		: 1
cpu cores	: 2
apicid		: 3
initial apicid	: 3
fpu		: yes
fpu_exception	: yes
cpuid level	: 13
wp		: yes
flags		: fpu vme de pse tsc msr pae mce cx8 apic sep mtrr pge mca cmov pat pse36 clflush dts acpi mmx fxsr sse sse2 ss ht tm pbe syscall nx rdtscp lm constant_tsc arch_perfmon pebs bts nopl xtopology nonstop_tsc cpuid aperfmperf pni pclmulqdq dtes64 monitor ds_cpl vmx est tm2 ssse3 cx16 xtpr pdcm pcid sse4_1 sse4_2 x2apic popcnt tsc_deadline_timer aes xsave avx lahf_lm epb pti retpoline spec_ctrl tpr_shadow vnmi flexpriority ept vpid xsaveopt dtherm ida arat pln pts
bugs		: cpu_meltdown spectre_v1 spectre_v2 spec_store_bypass
bogomips	: 3192.55
clflush size	: 64
cache_alignment	: 64
address sizes	: 36 bits physical, 48 bits virtual
power management:



Memory: 4k page, physical 3923088k(106512k free), swap 4077564k(161860k free)

vm_info: OpenJDK 64-Bit Server VM (25.92-b15) for linux-amd64 JRE (1.8.0_92-b15), built on Apr 26 2016 01:52:35 by "zulu_re" with gcc 4.4.7 20120313 (Red Hat 4.4.7-3)

time: Fri May 24 16:27:57 2019
elapsed time: 163 seconds (0d 0h 2m 43s)

