Aligning contigs to reference...
	Aligning contigs to the reference
Filtering alignments...
Parsing coords...
Loading reference...
	Loaded [CP014530.1_Enterococcus_faecium_strain_E745_plasmid_pl1__complete_sequence]
	Loaded [CP014529.1_Enterococcus_faecium_strain_E745__complete_genome]
	Loaded [CP014532.1_Enterococcus_faecium_strain_E745_plasmid_pl3__complete_sequence]
	Loaded [CP014531.1_Enterococcus_faecium_strain_E745_plasmid_pl2__complete_sequence]
	Loaded [CP014533.1_Enterococcus_faecium_strain_E745_plasmid_pl4__complete_sequence]
	Loaded [CP014534.1_Enterococcus_faecium_strain_E745_plasmid_pl5__complete_sequence]
	Loaded [CP014535.1_Enterococcus_faecium_strain_E745_plasmid_pl6__complete_sequence]
	Total Regions: 7
	Total Region Length: 3168410
Analyzing contigs...
CONTIG: NODE_1_length_2765031_cov_46.3316 (2765031bp)
Best alignment score: 1406018.7 (LEN: 1406300, IDY: 99.98), Total number of alignments: 3
			Looking for the best set of alignments (out of 3 total alignments)
			The best set is below. Score: 2764015.9, number of alignments: 3, unaligned bases: 0
		This contig is misassembled.
			Real Alignment 1: 1 1406315 | 1406300 1 | 1406315 1406300 | 99.98 | CP014529.1_Enterococcus_faecium_strain_E745__complete_genome NODE_1_length_2765031_cov_46.3316
			  Not a misassembly [linear representation of circular genome] between these two alignments
			Excluding internal overlap of size 6439 between Alignment 2 and 3: 2258510 2765010 | 1912781 1406301 | 506501 506481 --> 2264950 2765010 | 1906342 1406301 | 500061 500042
			Real Alignment 2: 2264950 2765010 | 1906342 1406301 | 500061 500042 | 99.97 | CP014529.1_Enterococcus_faecium_strain_E745__complete_genome NODE_1_length_2765031_cov_46.3316
			  Extensive misassembly (inversion) between these two alignments
			Real Alignment 3: 1405664 2264352 | 1906343 2765031 | 858689 858689 | 99.99 | CP014529.1_Enterococcus_faecium_strain_E745__complete_genome NODE_1_length_2765031_cov_46.3316

CONTIG: NODE_2_length_212759_cov_102.867 (212759bp)
Best alignment score: 210517.5 (LEN: 211024, IDY: 99.76), Total number of alignments: 2
		Skipping these alignments as insignificant (option --ambiguity-score is set to "0.99"):
			Skipping alignment 49435 55167 | 212759 207026 | 5733 5734 | 99.9 | CP014534.1_Enterococcus_faecium_strain_E745_plasmid_pl5__complete_sequence NODE_2_length_212759_cov_102.867
		One align captures most of this contig: 6445 217475 | 211024 1 | 211031 211024 | 99.76 | CP014530.1_Enterococcus_faecium_strain_E745_plasmid_pl1__complete_sequence NODE_2_length_212759_cov_102.867

CONTIG: NODE_3_length_64343_cov_75.9457 (64343bp)
Best alignment score: 64343.0 (LEN: 64343, IDY: 100.00), Total number of alignments: 1
		One align captures most of this contig: 23 64365 | 1 64343 | 64343 64343 | 100.0 | CP014535.1_Enterococcus_faecium_strain_E745_plasmid_pl6__complete_sequence NODE_3_length_64343_cov_75.9457

CONTIG: NODE_4_length_51906_cov_93.7338 (51906bp)
Best alignment score: 24010.8 (LEN: 24100, IDY: 99.63), Total number of alignments: 3
			Looking for the best set of alignments (out of 3 total alignments)
			The best set is below. Score: 50779.5, number of alignments: 3, unaligned bases: 0
		This contig is misassembled.
			Excluding internal overlap of size 6026 between Alignment 1 and 2: 1 14361 | 18075 32433 | 14361 14359 --> 6027 14361 | 24101 32433 | 8335 8333
			Real Alignment 1: 25534 49626 | 1 24100 | 24093 24100 | 99.63 | CP014534.1_Enterococcus_faecium_strain_E745_plasmid_pl5__complete_sequence NODE_4_length_51906_cov_93.7338
			  Extensive misassembly (translocation) between these two alignments
			Excluding internal overlap of size 3920 between Alignment 2 and 3: 6027 14361 | 24101 32433 | 8335 8333 --> 6027 10440 | 24101 28513 | 4414 4413
			Real Alignment 2: 6027 10440 | 24101 28513 | 4414 4413 | 99.42 | CP014530.1_Enterococcus_faecium_strain_E745_plasmid_pl1__complete_sequence NODE_4_length_51906_cov_93.7338
			  Extensive misassembly (translocation) between these two alignments
			Real Alignment 3: 1 23396 | 28514 51906 | 23396 23393 | 99.95 | CP014534.1_Enterococcus_faecium_strain_E745_plasmid_pl5__complete_sequence NODE_4_length_51906_cov_93.7338

CONTIG: NODE_5_length_9325_cov_146.069 (9325bp)
Best alignment score: 6169.8 (LEN: 6184, IDY: 99.77), Total number of alignments: 2
			Looking for the best set of alignments (out of 2 total alignments)
			The best set is below. Score: 9310.8, number of alignments: 2, unaligned bases: 0
		This contig is misassembled.
			Real Alignment 1: 1 3141 | 3141 1 | 3141 3141 | 100.0 | CP014532.1_Enterococcus_faecium_strain_E745_plasmid_pl3__complete_sequence NODE_5_length_9325_cov_146.069
			  Indel (> 5bp) between these two alignments: insertion of length 7; 0 mismatches (number of Ns: 0) [linear representation of circular genome]
			Real Alignment 2: 3135 9310 | 9325 3142 | 6176 6184 | 99.77 | CP014532.1_Enterococcus_faecium_strain_E745_plasmid_pl3__complete_sequence NODE_5_length_9325_cov_146.069

CONTIG: NODE_6_length_8551_cov_52.8456 (8551bp)
Best alignment score: 8401.5 (LEN: 8507, IDY: 98.76), Total number of alignments: 2
		Skipping these alignments as insignificant (option --ambiguity-score is set to "0.99"):
			Skipping alignment 19932 20043 | 112 1 | 112 112 | 98.21 | CP014534.1_Enterococcus_faecium_strain_E745_plasmid_pl5__complete_sequence NODE_6_length_8551_cov_52.8456
		One align captures most of this contig: 3660 12086 | 8551 45 | 8427 8507 | 98.76 | CP014533.1_Enterococcus_faecium_strain_E745_plasmid_pl4__complete_sequence NODE_6_length_8551_cov_52.8456

CONTIG: NODE_7_length_7934_cov_102.905 (7934bp)
Best alignment score: 7933.2 (LEN: 7934, IDY: 99.99), Total number of alignments: 1
		One align captures most of this contig: 23864 31798 | 1 7934 | 7935 7934 | 99.99 | CP014531.1_Enterococcus_faecium_strain_E745_plasmid_pl2__complete_sequence NODE_7_length_7934_cov_102.905

CONTIG: NODE_8_length_5034_cov_113.887 (5034bp)
Best alignment score: 5034.0 (LEN: 5034, IDY: 100.00), Total number of alignments: 1
		One align captures most of this contig: 5435 10468 | 1 5034 | 5034 5034 | 100.0 | CP014531.1_Enterococcus_faecium_strain_E745_plasmid_pl2__complete_sequence NODE_8_length_5034_cov_113.887

CONTIG: NODE_9_length_4732_cov_102.521 (4732bp)
Best alignment score: 4732.0 (LEN: 4732, IDY: 100.00), Total number of alignments: 1
		One align captures most of this contig: 4 4735 | 1 4732 | 4732 4732 | 100.0 | CP014531.1_Enterococcus_faecium_strain_E745_plasmid_pl2__complete_sequence NODE_9_length_4732_cov_102.521

CONTIG: NODE_10_length_3990_cov_113.141 (3990bp)
Best alignment score: 3990.0 (LEN: 3990, IDY: 100.00), Total number of alignments: 1
		One align captures most of this contig: 11168 15157 | 3990 1 | 3990 3990 | 100.0 | CP014531.1_Enterococcus_faecium_strain_E745_plasmid_pl2__complete_sequence NODE_10_length_3990_cov_113.141

CONTIG: NODE_11_length_3460_cov_267.035 (3460bp)
Best alignment score: 567.0 (LEN: 581, IDY: 97.59), Total number of alignments: 3
			Looking for the best set of alignments (out of 3 total alignments)
			The best set is below. Score: 626.9, number of alignments: 3, unaligned bases: 2634
		This contig is misassembled.
		This contig is partially unaligned. (Aligned 826 out of 3460 non-N bases (23.87%))
			Warning! This contig is more unaligned than misassembled. Contig length is 3460 (number of Ns: 0) and total length of all aligns is 826
		Alignment: 16677 17257 | 1134 554 | 581 581 | 97.59 | CP014531.1_Enterococcus_faecium_strain_E745_plasmid_pl2__complete_sequence NODE_11_length_3460_cov_267.035
		Alignment: 19585 19664 | 2619 2540 | 80 80 | 95.0 | CP014531.1_Enterococcus_faecium_strain_E745_plasmid_pl2__complete_sequence NODE_11_length_3460_cov_267.035
		Alignment: 19419 19583 | 2784 2620 | 165 165 | 95.15 | CP014531.1_Enterococcus_faecium_strain_E745_plasmid_pl2__complete_sequence NODE_11_length_3460_cov_267.035
		Unaligned bases: 2634

CONTIG: NODE_12_length_3214_cov_234.27 (3214bp)
		This contig is unaligned. (3214 bp)
		Unaligned bases: 3214 (number of Ns: 0)

CONTIG: NODE_13_length_2046_cov_124.501 (2046bp)
Best alignment score: 2045.0 (LEN: 2046, IDY: 99.95), Total number of alignments: 1
		One align captures most of this contig: 21118 23163 | 2046 1 | 2046 2046 | 99.95 | CP014531.1_Enterococcus_faecium_strain_E745_plasmid_pl2__complete_sequence NODE_13_length_2046_cov_124.501

CONTIG: NODE_14_length_1685_cov_191.666 (1685bp)
Best alignment score: 1685.0 (LEN: 1685, IDY: 100.00), Total number of alignments: 1
		One align captures most of this contig: 16133 17817 | 1685 1 | 1685 1685 | 100.0 | CP014531.1_Enterococcus_faecium_strain_E745_plasmid_pl2__complete_sequence NODE_14_length_1685_cov_191.666

CONTIG: NODE_15_length_1685_cov_106.536 (1685bp)
Best alignment score: 1685.0 (LEN: 1685, IDY: 100.00), Total number of alignments: 1
		One align captures most of this contig: 18734 20418 | 1 1685 | 1685 1685 | 100.0 | CP014531.1_Enterococcus_faecium_strain_E745_plasmid_pl2__complete_sequence NODE_15_length_1685_cov_106.536

CONTIG: NODE_16_length_830_cov_355.652 (830bp)
Best alignment score: 830.0 (LEN: 830, IDY: 100.00), Total number of alignments: 1
		One align captures most of this contig: 17959 18788 | 830 1 | 830 830 | 100.0 | CP014531.1_Enterococcus_faecium_strain_E745_plasmid_pl2__complete_sequence NODE_16_length_830_cov_355.652

Analyzing coverage...
Writing SNPs into /home/erik/sweden/courses/2nd_semester/Genome_Analysis/quast-5.0.2/quast_comparison_spades_vs_reference_chromosome/contigs_reports/minimap_output/contigs_spades.used_snps.gz

Analysis is finished!
Founded SNPs were written into /home/erik/sweden/courses/2nd_semester/Genome_Analysis/quast-5.0.2/quast_comparison_spades_vs_reference_chromosome/contigs_reports/minimap_output/contigs_spades.used_snps.gz

Results:
	Local Misassemblies: 0
	Misassemblies: 3
		Relocations: 0
		Translocations: 2
		Inversions: 1
	Scaffold gap extensive misassemblies: 0
	Scaffold gap local misassemblies: 0
	Misassembled Contigs: 2
	Misassembled Contig Bases: 2816937
	Misassemblies Inter-Contig Overlap: 0
Unaligned Contigs: 1 + 1 part
Half Unaligned Contigs with Misassemblies: 1
Unaligned Contig Bases: 5848

Ambiguously Mapped Contigs: 0
Total Bases in Ambiguously Mapped Contigs: 0
Extra Bases in Ambiguously Mapped Contigs: 0
Note that --allow-ambiguity option was set to "one" and only first alignment per each of these contigs was used.

	Covered Bases: 3133313

	SNPs: 939
	Insertions: 156
	Deletions: 100

