[16:07:50] This is prokka 1.12
[16:07:50] Written by Torsten Seemann <torsten.seemann@gmail.com>
[16:07:50] Homepage is https://github.com/tseemann/prokka
[16:07:50] Local time is Thu Apr 11 16:07:50 2019
[16:07:50] You are erzh4483
[16:07:50] Operating system is linux
[16:07:50] You have BioPerl 1.007001
[16:07:50] System has 20 cores.
[16:07:50] Will use maximum of 8 cores.
[16:07:50] Annotating as >>> Bacteria <<<
[16:07:50] Generating locus_tag from '/home/erzh4483/ga_course/spades_assembly_110419.fasta' contents.
[16:07:50] Setting --locustag BFGCAGNG from MD5 bf0ca070121e6738e6854c8faeb2f586
[16:07:50] Creating new output folder: prokka_for_spades_gff
[16:07:50] Running: mkdir -p prokka_for_spades_gff
[16:07:50] Using filename prefix: PROKKA_04112019.XXX
[16:07:50] Setting HMMER_NCPU=1
[16:07:50] Writing log to: prokka_for_spades_gff/PROKKA_04112019.log
[16:07:50] Command: /sw/apps/bioinfo/prokka/1.12-12547ca/rackham/bin/prokka /home/erzh4483/ga_course/spades_assembly_110419.fasta --outdir prokka_for_spades_gff
[16:07:50] Appending to PATH: /sw/bioinfo/prokka/1.12-12547ca/rackham/bin/../binaries/linux
[16:07:50] Appending to PATH: /sw/bioinfo/prokka/1.12-12547ca/rackham/bin/../binaries/linux/../common
[16:07:50] Appending to PATH: /sw/bioinfo/prokka/1.12-12547ca/rackham/bin
[16:07:50] Looking for 'aragorn' - found /sw/bioinfo/prokka/1.12-12547ca/rackham/bin/../binaries/linux/aragorn
[16:07:50] Determined aragorn version is 1.2
[16:07:50] Looking for 'barrnap' - found /sw/apps/bioinfo/barrnap/0.8/rackham/bin/barrnap
[16:07:50] Determined barrnap version is 0.8
[16:07:50] Looking for 'blastp' - found /sw/apps/bioinfo/blast/2.6.0+/rackham/bin/blastp
[16:07:50] Determined blastp version is 2.6
[16:07:50] Looking for 'cmpress' - found /sw/bioinfo/prokka/1.12-12547ca/rackham/bin/../binaries/linux/cmpress
[16:07:50] Determined cmpress version is 1.1
[16:07:50] Looking for 'cmscan' - found /sw/bioinfo/prokka/1.12-12547ca/rackham/bin/../binaries/linux/cmscan
[16:07:50] Determined cmscan version is 1.1
[16:07:50] Looking for 'egrep' - found /usr/bin/egrep
[16:07:50] Looking for 'find' - found /usr/bin/find
[16:07:50] Looking for 'grep' - found /usr/bin/grep
[16:07:50] Looking for 'hmmpress' - found /sw/apps/bioinfo/hmmer/3.1b2/rackham/bin/hmmpress
[16:07:50] Determined hmmpress version is 3.1
[16:07:50] Looking for 'hmmscan' - found /sw/apps/bioinfo/hmmer/3.1b2/rackham/bin/hmmscan
[16:07:50] Determined hmmscan version is 3.1
[16:07:50] Looking for 'java' - found /usr/bin/java
[16:07:50] Looking for 'less' - found /usr/bin/less
[16:07:50] Looking for 'makeblastdb' - found /sw/apps/bioinfo/blast/2.6.0+/rackham/bin/makeblastdb
[16:07:50] Determined makeblastdb version is 2.6
[16:07:50] Looking for 'minced' - found /sw/apps/bioinfo/minced/0.2.0/rackham/minced
[16:07:50] Determined minced version is 2.0
[16:07:50] Looking for 'parallel' - found /sw/parallel/gnuparallel/20170122/rackham/bin/parallel
[16:07:50] Determined parallel version is 20170122
[16:07:50] Looking for 'prodigal' - found /sw/apps/bioinfo/prodigal/2.6.3/rackham/bin/prodigal
[16:07:50] Determined prodigal version is 2.6
[16:07:50] Looking for 'prokka-genbank_to_fasta_db' - found /sw/apps/bioinfo/prokka/1.12-12547ca/rackham/bin/prokka-genbank_to_fasta_db
[16:07:50] Looking for 'sed' - found /usr/bin/sed
[16:07:50] Looking for 'signalp' - found /sw/apps/bioinfo/SignalP/4.1f/rackham/signalp
[16:07:51] Determined signalp version is 4.1
[16:07:51] Looking for 'tbl2asn' - found /sw/apps/bioinfo/tbl2asn/20180629/rackham/tbl2asn
[16:07:51] Determined tbl2asn version is 25.6
[16:07:51] Using genetic code table 11.
[16:07:51] Loading and checking input file: /home/erzh4483/ga_course/spades_assembly_110419.fasta
[16:07:51] Wrote 43 contigs totalling 3151876 bp.
[16:07:51] Predicting tRNAs and tmRNAs
[16:07:51] Running: aragorn -l -gc11  -w prokka_for_spades_gff\/PROKKA_04112019\.fna
[16:07:52] 1 tRNA-Ser c[27928,28015] 33 (cga)
[16:07:52] 2 tmRNA [56833,57196] 91,129 AKNENNSYALAA*
[16:07:52] 3 tRNA-Met c[59582,59655] 35 (cat)
[16:07:52] 4 tRNA-Gln c[304062,304135] 34 (ttg)
[16:07:52] 5 tRNA-Tyr c[304141,304221] 35 (gta)
[16:07:52] 6 tRNA-Arg [334838,334911] 35 (ccg)
[16:07:52] 7 tRNA-Gly c[405969,406039] 33 (ccc)
[16:07:52] 8 tRNA-Asn c[459129,459204] 36 (gtt)
[16:07:52] 9 tRNA-Thr [459417,459489] 34 (ggt)
[16:07:52] 10 tRNA-Asn c[462475,462550] 36 (gtt)
[16:07:52] 11 tRNA-Thr c[551202,551274] 34 (cgt)
[16:07:52] 12 tRNA-Met c[621541,621614] 35 (cat)
[16:07:52] 13 tRNA-Arg c[658894,658969] 36 (cct)
[16:07:52] 14 tRNA-Arg c[713003,713077] 35 (tct)
[16:07:52] 15 tRNA-Val [1429663,1429737] 35 (tac)
[16:07:52] 16 tRNA-Lys [1429739,1429813] 35 (ttt)
[16:07:52] 17 tRNA-Leu [1429819,1429902] 36 (tag)
[16:07:52] 18 tRNA-Thr [1429918,1429993] 35 (tgt)
[16:07:52] 19 tRNA-Gly [1430003,1430074] 33 (gcc)
[16:07:52] 20 tRNA-Leu [1430091,1430176] 35 (taa)
[16:07:52] 21 tRNA-Arg [1430186,1430261] 36 (acg)
[16:07:52] 22 tRNA-Pro [1430282,1430355] 35 (tgg)
[16:07:52] 23 tRNA-Arg [1430412,1430488] 36 (acg)
[16:07:52] 24 tRNA-Ala [1656511,1656583] 34 (tgc)
[16:07:52] 25 tRNA-Val [1660013,1660087] 35 (tac)
[16:07:52] 26 tRNA-Lys [1660089,1660163] 35 (ttt)
[16:07:52] 27 tRNA-Leu [1660169,1660252] 36 (tag)
[16:07:52] 28 tRNA-Thr [1660268,1660343] 35 (tgt)
[16:07:52] 29 tRNA-Gly [1660353,1660424] 33 (gcc)
[16:07:52] 30 tRNA-Leu [1660441,1660526] 35 (taa)
[16:07:52] 31 tRNA-Arg [1660536,1660611] 36 (acg)
[16:07:52] 32 tRNA-Pro [1660620,1660693] 35 (tgg)
[16:07:52] 33 tRNA-Ala [1660713,1660785] 34 (tgc)
[16:07:52] 34 tRNA-Met [1660812,1660887] 36 (cat)
[16:07:52] 35 tRNA-Met [1660899,1660974] 36 (cat)
[16:07:52] 36 tRNA-Ser [1660997,1661086] 37 (tga)
[16:07:52] 37 tRNA-Met [1661098,1661173] 36 (cat)
[16:07:52] 38 tRNA-Asp [1661191,1661266] 34 (gtc)
[16:07:52] 39 tRNA-Gly [1661268,1661338] 33 (tcc)
[16:07:52] 40 tRNA-Ile [1661350,1661425] 36 (gat)
[16:07:52] 41 tRNA-Ser [1661448,1661537] 36 (gct)
[16:07:52] 42 tRNA-Glu [1661557,1661630] 35 (ttc)
[16:07:52] 43 tRNA-Ser [1661652,1661741] 37 (tga)
[16:07:52] 44 tRNA-Met [1661753,1661828] 36 (cat)
[16:07:52] 45 tRNA-Asp [1661845,1661919] 35 (gtc)
[16:07:52] 46 tRNA-Phe [1661921,1661995] 35 (gaa)
[16:07:52] 47 tRNA-Gly [1661999,1662069] 33 (tcc)
[16:07:52] 48 tRNA-Ile [1662081,1662156] 36 (gat)
[16:07:52] 49 tRNA-Glu [1662166,1662239] 35 (ttc)
[16:07:52] 50 tRNA-Lys c[1862290,1862362] 34 (ctt)
[16:07:52] 51 tRNA-Met [2142849,2142924] 36 (cat)
[16:07:52] 52 tRNA-Gln [2366829,2366901] 34 (ctg)
[16:07:52] 53 tRNA-Leu c[2371271,2371356] 36 (cag)
[16:07:52] 54 tRNA-Leu [2460394,2460478] 35 (gag)
[16:07:52] 55 tRNA-Leu c[2623544,2623630] 36 (caa)
[16:07:52] 56 tRNA-Gln c[2623646,2623719] 34 (ttg)
[16:07:52] 57 tRNA-His c[2623729,2623802] 34 (gtg)
[16:07:52] 58 tRNA-Leu c[2623863,2623949] 36 (caa)
[16:07:52] 59 tRNA-Cys c[2623969,2624039] 33 (gca)
[16:07:52] 60 tRNA-Gln c[2624084,2624157] 34 (ttg)
[16:07:52] 61 tRNA-His c[2624167,2624240] 34 (gtg)
[16:07:52] 62 tRNA-Trp c[2624243,2624316] 33 (cca)
[16:07:52] 63 tRNA-Tyr c[2624322,2624404] 36 (gta)
[16:07:52] 64 tRNA-Phe c[2624405,2624480] 34 (gaa)
[16:07:52] 65 tRNA-Asp c[2624514,2624589] 35 (gtc)
[16:07:52] 66 tRNA-Val c[2624597,2624671] 35 (tac)
[16:07:52] 67 tRNA-Glu c[2624685,2624758] 35 (ttc)
[16:07:52] 68 tRNA-Ser c[2624771,2624862] 36 (gga)
[16:07:52] 69 tRNA-Asn c[2624900,2624975] 36 (gtt)
[16:07:52] 70 tRNA-Ala c[2628401,2628473] 34 (tgc)
[16:07:52] 71 tRNA-Met c[2757667,2757740] 35 (cat)
[16:07:52] Found 71 tRNAs
[16:07:52] Predicting Ribosomal RNAs
[16:07:52] Running Barrnap with 8 threads
[16:07:58] 1 NODE_1_length_2765031_cov_46.3316 462562 5S ribosomal RNA
[16:07:58] 2 NODE_1_length_2765031_cov_46.3316 462771 23S ribosomal RNA
[16:07:58] 3 NODE_1_length_2765031_cov_46.3316 466028 16S ribosomal RNA
[16:07:58] 4 NODE_1_length_2765031_cov_46.3316 998775 5S ribosomal RNA
[16:07:58] 5 NODE_1_length_2765031_cov_46.3316 998984 23S ribosomal RNA
[16:07:58] 6 NODE_1_length_2765031_cov_46.3316 1002241 16S ribosomal RNA
[16:07:58] 7 NODE_1_length_2765031_cov_46.3316 1424624 16S ribosomal RNA
[16:07:58] 8 NODE_1_length_2765031_cov_46.3316 1426528 23S ribosomal RNA
[16:07:58] 9 NODE_1_length_2765031_cov_46.3316 1429537 5S ribosomal RNA
[16:07:58] 10 NODE_1_length_2765031_cov_46.3316 1654877 16S ribosomal RNA
[16:07:58] 11 NODE_1_length_2765031_cov_46.3316 1656878 23S ribosomal RNA
[16:07:58] 12 NODE_1_length_2765031_cov_46.3316 1659887 5S ribosomal RNA
[16:07:58] 13 NODE_1_length_2765031_cov_46.3316 1751073 16S ribosomal RNA
[16:07:58] 14 NODE_1_length_2765031_cov_46.3316 1752977 23S ribosomal RNA
[16:07:58] 15 NODE_1_length_2765031_cov_46.3316 1755986 5S ribosomal RNA
[16:07:58] 16 NODE_1_length_2765031_cov_46.3316 2624987 5S ribosomal RNA
[16:07:58] 17 NODE_1_length_2765031_cov_46.3316 2625196 23S ribosomal RNA
[16:07:58] 18 NODE_1_length_2765031_cov_46.3316 2628550 16S ribosomal RNA
[16:07:58] Found 18 rRNAs
[16:07:58] Skipping ncRNA search, enable with --rfam if desired.
[16:07:58] Total of 88 tRNA + rRNA features
[16:07:58] Searching for CRISPR repeats
[16:07:59] Found 0 CRISPRs
[16:07:59] Predicting coding sequences
[16:07:59] Contigs total 3151876 bp, so using single mode
[16:07:59] Running: prodigal -i prokka_for_spades_gff\/PROKKA_04112019\.fna -c -m -g 11 -p single -f sco -q
[16:08:06] Found 3060 CDS
[16:08:06] Connecting features back to sequences
[16:08:06] Option --gram not specified, will NOT check for signal peptides.
[16:08:06] Not using genus-specific database. Try --usegenus to enable it.
[16:08:06] Annotating CDS, please be patient.
[16:08:06] Will use 8 CPUs for similarity searching.
[16:08:07] There are still 3060 unannotated CDS left (started with 3060)
[16:08:07] Will use blast to search against /sw/bioinfo/prokka/1.12-12547ca/rackham/bin/../db/kingdom/Bacteria/sprot with 8 CPUs
[16:08:07] Running: cat prokka_for_spades_gff\/sprot\.faa | parallel --gnu --plain -j 8 --block 56768 --recstart '>' --pipe blastp -query - -db /sw/bioinfo/prokka/1.12-12547ca/rackham/bin/../db/kingdom/Bacteria/sprot -evalue 1e-06 -num_threads 1 -num_descriptions 1 -num_alignments 1 -seg no > prokka_for_spades_gff\/sprot\.blast 2> /dev/null
[16:11:41] Modify product: Putative phosphatase M6_Spy0533 => Putative phosphatase
[16:11:41] Modify product: Probable endopeptidase p60 => putative endopeptidase p60
[16:11:41] Modify product: Probable cation-transporting ATPase E => putative cation-transporting ATPase E
[16:11:41] Modify product: Probable copper-importing P-type ATPase A => putative copper-importing P-type ATPase A
[16:11:41] Modify product: Probable ATP-dependent helicase DinG homolog => putative ATP-dependent helicase DinG 
[16:11:41] Modify product: Probable metabolite transport protein CsbC => putative metabolite transport protein CsbC
[16:11:41] Modify product: Probable ATP-dependent RNA helicase YfmL => putative ATP-dependent RNA helicase YfmL
[16:11:41] Modify product: Bifunctional protein FolD => Bifunctional protein FolD protein
[16:11:41] Modify product: N utilization substance protein B homolog => N utilization substance protein B 
[16:11:41] Modify product: Putative O-methyltransferase Rv1220c => Putative O-methyltransferase
[16:11:41] Modify product: Nucleoid-associated protein SP_1102 => Nucleoid-associated protein
[16:11:41] Modify product: Probable phosphotransferase enzyme IIB component M6_Spy0801 => putative phosphotransferase enzyme IIB component
[16:11:41] Modify product: Uncharacterized hydrolase YxeP => putative hydrolase YxeP
[16:11:41] Modify product: Glutathione peroxidase homolog BsaA => Glutathione peroxidase BsaA
[16:11:41] Modify product: Uncharacterized ABC transporter ATP-binding protein Rv0986 => putative ABC transporter ATP-binding protein
[16:11:41] Modify product: N-acetylmuramoyl-L-alanine amidase domain-containing protein SAOUHSC_02979 => N-acetylmuramoyl-L-alanine amidase domain-containing protein
[16:11:41] Modify product: Uncharacterized membrane protein YdfK => putative membrane protein YdfK
[16:11:41] Modify product: Uncharacterized ABC transporter ATP-binding protein YknY => putative ABC transporter ATP-binding protein YknY
[16:11:41] Modify product: Probable UbiX-like flavin prenyltransferase => putative UbiX-like flavin prenyltransferase
[16:11:41] Modify product: Uncharacterized N-acetyltransferase YjaB => putative N-acetyltransferase YjaB
[16:11:41] Modify product: Probable glutamate/gamma-aminobutyrate antiporter => putative glutamate/gamma-aminobutyrate antiporter
[16:11:41] Modify product: Probable adenylyltransferase/sulfurtransferase MoeZ => putative adenylyltransferase/sulfurtransferase MoeZ
[16:11:41] Modify product: Uncharacterized oxidoreductase SpyM50865 => putative oxidoreductase
[16:11:41] Modify product: Putative universal stress protein SA1532 => Putative universal stress protein
[16:11:41] Modify product: Putative esterase aq_1494 => Putative esterase
[16:11:41] Modify product: Uncharacterized glycosyltransferase EpsJ => putative glycosyltransferase EpsJ
[16:11:41] Modify product: Uncharacterized glycosyltransferase EpsJ => putative glycosyltransferase EpsJ
[16:11:41] Modify product: Uncharacterized sugar transferase EpsL => putative sugar transferase EpsL
[16:11:41] Modify product: Probable capsular polysaccharide biosynthesis protein YwqC => putative capsular polysaccharide biosynthesis protein YwqC
[16:11:41] Modify product: Probable 6-phospho-beta-glucosidase => putative 6-phospho-beta-glucosidase
[16:11:41] Modify product: Probable multidrug resistance ABC transporter ATP-binding/permease protein YheH => putative multidrug resistance ABC transporter ATP-binding/permease protein YheH
[16:11:41] Modify product: Probable multidrug resistance ABC transporter ATP-binding/permease protein YheI => putative multidrug resistance ABC transporter ATP-binding/permease protein YheI
[16:11:41] Modify product: Probable endonuclease 4 => putative endonuclease 4
[16:11:42] Modify product: Phosphate-specific transport system accessory protein PhoU homolog => Phosphate-specific transport system accessory protein PhoU 
[16:11:42] Modify product: Uncharacterized N-acetyltransferase YvbK => putative N-acetyltransferase YvbK
[16:11:42] Modify product: Probable protein-export membrane protein SecG => putative protein-export membrane protein SecG
[16:11:42] Modify product: Probable succinyl-diaminopimelate desuccinylase => putative succinyl-diaminopimelate desuccinylase
[16:11:42] Modify product: Probable DNA-directed RNA polymerase subunit delta => putative DNA-directed RNA polymerase subunit delta
[16:11:42] Modify product: Uncharacterized beta-barrel protein YwiB => putative beta-barrel protein YwiB
[16:11:42] Modify product: Uncharacterized isomerase YddE => putative isomerase YddE
[16:11:42] Modify product: Uncharacterized ABC transporter permease Rv0072 => putative ABC transporter permease
[16:11:42] Modify product: Probable acrylyl-CoA reductase AcuI => putative acrylyl-CoA reductase AcuI
[16:11:42] Modify product: Uncharacterized sugar epimerase YhfK => putative sugar epimerase YhfK
[16:11:42] Modify product: PTS system EIIBC component SA0186 => PTS system EIIBC component
[16:11:42] Modify product: Uncharacterized ABC transporter ATP-binding protein YheS => putative ABC transporter ATP-binding protein YheS
[16:11:42] Modify product: Uncharacterized amino acid permease YvbW => putative amino acid permease YvbW
[16:11:42] Modify product: Phosphorylated carbohydrates phosphatase TM_1254 => Phosphorylated carbohydrates phosphatase
[16:11:42] Modify product: Uncharacterized HTH-type transcriptional regulator YtcD => putative HTH-type transcriptional regulator YtcD
[16:11:42] Modify product: Putative lipid kinase SP_1045 => Putative lipid kinase
[16:11:42] Modify product: Uncharacterized ABC transporter ATP-binding protein YknY => putative ABC transporter ATP-binding protein YknY
[16:11:42] Modify product: Probable type I restriction enzyme BthVORF4518P M protein => putative type I restriction enzymeP M protein
[16:11:42] Modify product: Probable ABC transporter ATP-binding protein M6_Spy0273 => putative ABC transporter ATP-binding protein
[16:11:42] Modify product: Prophage bactoprenol glucosyl transferase homolog => Prophage bactoprenol glucosyl transferase 
[16:11:42] Modify product: TelA-like protein SA1238 => TelA-like protein
[16:11:42] Modify product: Uncharacterized amino acid permease YhdG => putative amino acid permease YhdG
[16:11:42] Modify product: Probable glucose uptake protein GlcU => putative glucose uptake protein GlcU
[16:11:42] Modify product: Probable arabinose-binding protein => putative arabinose-binding protein
[16:11:42] Modify product: Probable manganese catalase => putative manganese catalase
[16:11:42] Modify product: Probable pyridine nucleotide-disulfide oxidoreductase RclA => putative pyridine nucleotide-disulfide oxidoreductase RclA
[16:11:42] Modify product: Probable transport protein YifK => putative transport protein YifK
[16:11:42] Modify product: Uncharacterized ABC transporter ATP-binding protein YheS => putative ABC transporter ATP-binding protein YheS
[16:11:42] Modify product: Probable arabinose-binding protein => putative arabinose-binding protein
[16:11:42] Modify product: Putative acetyltransferase SACOL2570 => Putative acetyltransferase
[16:11:42] Modify product: Uncharacterized ABC transporter ATP-binding protein TM_0288 => putative ABC transporter ATP-binding protein
[16:11:42] Modify product: Uncharacterized ABC transporter ATP-binding protein Rv1273c => putative ABC transporter ATP-binding protein
[16:11:42] Modify product: Phosphorylated carbohydrates phosphatase TM_1254 => Phosphorylated carbohydrates phosphatase
[16:11:42] Modify product: Probable tRNA sulfurtransferase => putative tRNA sulfurtransferase
[16:11:42] Modify product: Probable bifunctional oligoribonuclease and PAP phosphatase NrnA => putative bifunctional oligoribonuclease and PAP phosphatase NrnA
[16:11:42] Modify product: Probable phosphotransferase enzyme IIB component M6_Spy0801 => putative phosphotransferase enzyme IIB component
[16:11:42] Modify product: Uncharacterized ABC transporter ATP-binding protein Rv1273c => putative ABC transporter ATP-binding protein
[16:11:42] Modify product: Uncharacterized ABC transporter ATP-binding protein TM_0288 => putative ABC transporter ATP-binding protein
[16:11:42] Modify product: Probable dual-specificity RNA methyltransferase RlmN => putative dual-specificity RNA methyltransferase RlmN
[16:11:42] Modify product: Probable mannose-6-phosphate isomerase GmuF => putative mannose-6-phosphate isomerase GmuF
[16:11:42] Modify product: Uncharacterized ABC transporter ATP-binding protein Rv1272c => putative ABC transporter ATP-binding protein
[16:11:42] Modify product: Uncharacterized ABC transporter ATP-binding protein Rv1273c => putative ABC transporter ATP-binding protein
[16:11:42] Modify product: Zinc-type alcohol dehydrogenase-like protein SA1988 => Zinc-type alcohol dehydrogenase-like protein
[16:11:42] Modify product: Probable protein kinase UbiB => putative protein kinase UbiB
[16:11:42] Modify product: Uncharacterized N-acetyltransferase Rv2669 => putative N-acetyltransferase
[16:11:42] Modify product: Uncharacterized ABC transporter solute-binding protein YclQ => putative ABC transporter solute-binding protein YclQ
[16:11:42] Modify product: Putative peptide transport permease protein Rv1282c => Putative peptide transport permease protein
[16:11:42] Modify product: Uncharacterized ABC transporter ATP-binding protein YbiT => putative ABC transporter ATP-binding protein YbiT
[16:11:42] Modify product: DegV domain-containing protein MW1315 => DegV domain-containing protein
[16:11:42] Modify product: Probable chromosome-partitioning protein ParB => putative chromosome-partitioning protein ParB
[16:11:42] Modify product: Uncharacterized protease YdcP => putative protease YdcP
[16:11:42] Modify product: Uncharacterized protease YdcP => putative protease YdcP
[16:11:42] Modify product: Uncharacterized GTP-binding protein YjiA => putative GTP-binding protein YjiA
[16:11:42] Modify product: Probable tRNA-dihydrouridine synthase => putative tRNA-dihydrouridine synthase
[16:11:42] Modify product: Zinc-type alcohol dehydrogenase-like protein SA1988 => Zinc-type alcohol dehydrogenase-like protein
[16:11:42] Modify product: Putative acetyltransferase SA2342 => Putative acetyltransferase
[16:11:42] Modify product: Uncharacterized oxidoreductase SA2266 => putative oxidoreductase
[16:11:42] Modify product: Uncharacterized HTH-type transcriptional regulator BA_1941/GBAA_1941/BAS1801 => putative HTH-type transcriptional regulator/GBAA_1941/BAS1801
[16:11:42] Modify product: Probable undecaprenyl-phosphate N-acetylglucosaminyl 1-phosphate transferase => putative undecaprenyl-phosphate N-acetylglucosaminyl 1-phosphate transferase
[16:11:42] Modify product: Uncharacterized HTH-type transcriptional regulator YurK => putative HTH-type transcriptional regulator YurK
[16:11:42] Modify product: Probable phosphotransferase enzyme IIB component M6_Spy0801 => putative phosphotransferase enzyme IIB component
[16:11:42] Modify product: Uncharacterized ABC transporter ATP-binding protein Rv0986 => putative ABC transporter ATP-binding protein
[16:11:42] Modify product: Uncharacterized response regulatory protein SACOL0201 => putative response regulatory protein
[16:11:42] Modify product: Uncharacterized multiple-sugar transport system permease YteP => putative multiple-sugar transport system permease YteP
[16:11:42] Modify product: Uncharacterized ABC transporter ATP-binding protein YbiT => putative ABC transporter ATP-binding protein YbiT
[16:11:42] Modify product: Putative universal stress protein SA1532 => Putative universal stress protein
[16:11:42] Modify product: Uncharacterized AAA domain-containing protein Rv2559c => putative AAA domain-containing protein
[16:11:42] Modify product: CutC-like protein M6_Spy0363 => CutC-like protein
[16:11:42] Modify product: Uncharacterized ABC transporter ATP-binding protein YbhF => putative ABC transporter ATP-binding protein YbhF
[16:11:43] Modify product: Probable transporter SCO4007 => putative transporter
[16:11:43] Modify product: Uncharacterized ABC transporter ATP-binding protein YbiT => putative ABC transporter ATP-binding protein YbiT
[16:11:43] Modify product: DegV domain-containing protein MW1315 => DegV domain-containing protein
[16:11:43] Modify product: Probable siderophore-binding lipoprotein YfiY => putative siderophore-binding lipoprotein YfiY
[16:11:43] Modify product: Probable HTH-type transcriptional repressor ExuR => putative HTH-type transcriptional repressor ExuR
[16:11:43] Modify product: Uncharacterized PIN and TRAM-domain containing protein YacL => putative PIN and TRAM-domain containing protein YacL
[16:11:43] Modify product: Acetyltransferase SACOL1063 => Acetyltransferase
[16:11:43] Modify product: Uncharacterized zinc protease Rv2782c => putative zinc protease
[16:11:43] Modify product: Probable transcriptional regulatory protein HI_0315 => putative transcriptional regulatory protein
[16:11:43] Modify product: Probable tRNA-dihydrouridine synthase => putative tRNA-dihydrouridine synthase
[16:11:43] Modify product: Uncharacterized ABC transporter ATP-binding protein Rv1273c => putative ABC transporter ATP-binding protein
[16:11:43] Modify product: Uncharacterized ABC transporter ATP-binding protein TM_0288 => putative ABC transporter ATP-binding protein
[16:11:43] Modify product: Uncharacterized ABC transporter ATP-binding protein TM_0288 => putative ABC transporter ATP-binding protein
[16:11:43] Modify product: Uncharacterized ABC transporter ATP-binding protein Rv1273c => putative ABC transporter ATP-binding protein
[16:11:43] Modify product: Probable licABCH operon regulator => putative licABCH operon regulator
[16:11:43] Modify product: Uncharacterized multiple-sugar transport system permease YteP => putative multiple-sugar transport system permease YteP
[16:11:43] Modify product: Uncharacterized response regulatory protein SACOL0201 => putative response regulatory protein
[16:11:43] Modify product: Putative multidrug export ATP-binding/permease protein SA1683 => Putative multidrug export ATP-binding/permease protein
[16:11:43] Modify product: Probable HTH-type transcriptional repressor ExuR => putative HTH-type transcriptional repressor ExuR
[16:11:43] Modify product: Uncharacterized multiple-sugar transport system permease YteP => putative multiple-sugar transport system permease YteP
[16:11:43] Modify product: Uncharacterized symporter YjmB => putative symporter YjmB
[16:11:43] Modify product: Uncharacterized metallophosphoesterase YhaO => putative metallophosphoesterase YhaO
[16:11:43] Modify product: Uncharacterized HIT-like protein Rv0759c => putative HIT-like protein
[16:11:43] Modify product: Putative conjugal transfer protein Rv3659c => Putative conjugal transfer protein
[16:11:43] Modify product: Probable endopeptidase p60 => putative endopeptidase p60
[16:11:43] Modify product: Putative universal stress protein SA1532 => Putative universal stress protein
[16:11:43] Modify product: Probable ATP-dependent helicase DinG homolog => putative ATP-dependent helicase DinG 
[16:11:43] Modify product: Probable metallo-hydrolase M6_Spy0554 => putative metallo-hydrolase
[16:11:43] Modify product: Probable peptidoglycan glycosyltransferase FtsW => putative peptidoglycan glycosyltransferase FtsW
[16:11:43] Modify product: Uncharacterized response regulatory protein SACOL0201 => putative response regulatory protein
[16:11:43] Modify product: Uncharacterized membrane protein YuaF => putative membrane protein YuaF
[16:11:43] Modify product: Probable HTH-type transcriptional repressor ExuR => putative HTH-type transcriptional repressor ExuR
[16:11:43] Modify product: Probable manganese-dependent inorganic pyrophosphatase => putative manganese-dependent inorganic pyrophosphatase
[16:11:43] Modify product: DegV domain-containing protein SP_1112 => DegV domain-containing protein
[16:11:43] Modify product: 30S ribosomal protein S1 homolog => 30S ribosomal protein S1 
[16:11:43] Modify product: Putative dipeptidase SACOL1801 => Putative dipeptidase
[16:11:43] Modify product: Probable cation-transporting ATPase E => putative cation-transporting ATPase E
[16:11:43] Modify product: Calcium-transporting ATPase lmo0841 => Calcium-transporting ATPase
[16:11:43] Modify product: Putative universal stress protein SA1532 => Putative universal stress protein
[16:11:43] Modify product: Uncharacterized HTH-type transcriptional regulator HI_0186 => putative HTH-type transcriptional regulator
[16:11:43] Modify product: Deacetylase EF_0837 => Deacetylase
[16:11:43] Modify product: Probable L-ascorbate-6-phosphate lactonase UlaG => putative L-ascorbate-6-phosphate lactonase UlaG
[16:11:43] Modify product: Uncharacterized HTH-type transcriptional regulator YbbH => putative HTH-type transcriptional regulator YbbH
[16:11:43] Modify product: Probable tautomerase SA1195.1 => putative tautomerase.1
[16:11:43] Modify product: Probable transcriptional regulatory protein SA0624 => putative transcriptional regulatory protein
[16:11:43] Modify product: RNA-binding protein HI_1333 => RNA-binding protein
[16:11:43] Modify product: Acetyltransferase SACOL1063 => Acetyltransferase
[16:11:43] Modify product: Uncharacterized glycosyltransferase EpsJ => putative glycosyltransferase EpsJ
[16:11:43] Modify product: Uncharacterized glycosyltransferase EpsJ => putative glycosyltransferase EpsJ
[16:11:43] Modify product: Probable ribosomal protein YlxQ => putative ribosomal protein YlxQ
[16:11:43] Modify product: Uncharacterized protease YdeA => putative protease YdeA
[16:11:43] Modify product: Oxygen-independent coproporphyrinogen-III oxidase-like protein LL1139 => Oxygen-independent coproporphyrinogen-III oxidase-like protein
[16:11:43] Modify product: Probable glutamine ABC transporter permease protein GlnM => putative glutamine ABC transporter permease protein GlnM
[16:11:43] Modify product: Probable GTP-binding protein EngB => putative GTP-binding protein EngB
[16:11:43] Modify product: Uncharacterized response regulatory protein SACOL0201 => putative response regulatory protein
[16:11:43] Modify product: GTP cyclohydrolase 1 type 2 homolog => GTP cyclohydrolase 1 type 2 
[16:11:43] Modify product: Probable licABCH operon regulator => putative licABCH operon regulator
[16:11:43] Modify product: Uncharacterized oxidoreductase YbdH => putative oxidoreductase YbdH
[16:11:43] Modify product: Phosphorylated carbohydrates phosphatase TM_1254 => Phosphorylated carbohydrates phosphatase
[16:11:43] Modify product: Uncharacterized oxidoreductase YghA => putative oxidoreductase YghA
[16:11:43] Modify product: Stress response regulator gls24 homolog => Stress response regulator gls24 
[16:11:43] Modify product: Stress response regulator gls24 homolog => Stress response regulator gls24 
[16:11:43] Modify product: Probable peptidoglycan glycosyltransferase FtsW => putative peptidoglycan glycosyltransferase FtsW
[16:11:43] Modify product: Probable ABC transporter extracellular-binding protein YckB => putative ABC transporter extracellular-binding protein YckB
[16:11:43] Modify product: DegV domain-containing protein SA0704 => DegV domain-containing protein
[16:11:43] Modify product: Uncharacterized ABC transporter permease Rv0072 => putative ABC transporter permease
[16:11:43] Modify product: Uncharacterized HTH-type transcriptional regulator YbbH => putative HTH-type transcriptional regulator YbbH
[16:11:43] Modify product: Uncharacterized oxidoreductase YhhX => putative oxidoreductase YhhX
[16:11:43] Modify product: Acetyltransferase SACOL1063 => Acetyltransferase
[16:11:43] Modify product: Uncharacterized epimerase/dehydratase SA0511 => putative epimerase/dehydratase
[16:11:44] Modify product: Uncharacterized MscS family protein YkuT => putative MscS family protein YkuT
[16:11:44] Modify product: Putative metallophosphoesterase MG207 homolog => Putative metallophosphoesterase MG207 
[16:11:44] Modify product: Probable glutamine ABC transporter permease protein GlnP => putative glutamine ABC transporter permease protein GlnP
[16:11:44] Modify product: Probable glutamine ABC transporter permease protein GlnM => putative glutamine ABC transporter permease protein GlnM
[16:11:44] Cleaned 176 /product names
[16:11:44] Deleting unwanted file: prokka_for_spades_gff/sprot.faa
[16:11:44] Deleting unwanted file: prokka_for_spades_gff/sprot.blast
[16:11:44] There are still 1375 unannotated CDS left (started with 3060)
[16:11:44] Will use hmmer3 to search against /sw/bioinfo/prokka/1.12-12547ca/rackham/bin/../db/hmm/HAMAP.hmm with 8 CPUs
[16:11:44] Running: cat prokka_for_spades_gff\/HAMAP\.hmm\.faa | parallel --gnu --plain -j 8 --block 19906 --recstart '>' --pipe hmmscan --noali --notextw --acc -E 1e-06 --cpu 1 /sw/bioinfo/prokka/1.12-12547ca/rackham/bin/../db/hmm/HAMAP.hmm /dev/stdin > prokka_for_spades_gff\/HAMAP\.hmm\.hmmer3 2> /dev/null
[16:13:10] Modify product: Protein SprT-like => Protein SprT-like protein
[16:13:10] Cleaned 1 /product names
[16:13:10] Deleting unwanted file: prokka_for_spades_gff/HAMAP.hmm.faa
[16:13:10] Deleting unwanted file: prokka_for_spades_gff/HAMAP.hmm.hmmer3
[16:13:10] Labelling remaining 1314 proteins as 'hypothetical protein'
[16:13:10] Possible /pseudo 'putative glycosyltransferase EpsJ' at NODE_1_length_2765031_cov_46.3316 position 222128
[16:13:10] Possible /pseudo 'Phosphate import ATP-binding protein PstB 3' at NODE_1_length_2765031_cov_46.3316 position 287321
[16:13:10] Possible /pseudo 'putative ABC transporter ATP-binding protein' at NODE_1_length_2765031_cov_46.3316 position 435425
[16:13:10] Possible /pseudo 'putative ABC transporter ATP-binding protein' at NODE_1_length_2765031_cov_46.3316 position 512899
[16:13:10] Possible /pseudo 'PTS system mannitol-specific EIICB component' at NODE_1_length_2765031_cov_46.3316 position 576404
[16:13:10] Possible /pseudo 'PTS system mannose-specific EIIAB component' at NODE_1_length_2765031_cov_46.3316 position 704839
[16:13:10] Possible /pseudo 'PTS system fructose-specific EIIABC component' at NODE_1_length_2765031_cov_46.3316 position 749936
[16:13:10] Possible /pseudo 'Coenzyme A biosynthesis bifunctional protein CoaBC' at NODE_1_length_2765031_cov_46.3316 position 784342
[16:13:10] Possible /pseudo 'Regulatory protein Spx' at NODE_1_length_2765031_cov_46.3316 position 1004842
[16:13:10] Possible /pseudo 'Na(+)/H(+) antiporter NhaC' at NODE_1_length_2765031_cov_46.3316 position 1066744
[16:13:10] Possible /pseudo 'Calcium-transporting ATPase 1' at NODE_1_length_2765031_cov_46.3316 position 1201753
[16:13:10] Possible /pseudo 'putative protease YdcP' at NODE_1_length_2765031_cov_46.3316 position 1434741
[16:13:10] Possible /pseudo 'Putative NAD(P)H nitroreductase YodC' at NODE_1_length_2765031_cov_46.3316 position 1570932
[16:13:10] Possible /pseudo 'Multidrug efflux protein YfmO' at NODE_1_length_2765031_cov_46.3316 position 1574596
[16:13:10] Possible /pseudo 'putative ABC transporter ATP-binding protein' at NODE_1_length_2765031_cov_46.3316 position 1670257
[16:13:10] Possible /pseudo 'putative ABC transporter ATP-binding protein' at NODE_1_length_2765031_cov_46.3316 position 1683719
[16:13:10] Possible /pseudo 'N-alpha-acetyltransferase RimI' at NODE_1_length_2765031_cov_46.3316 position 1938725
[16:13:10] Possible /pseudo 'Phosphonoacetaldehyde hydrolase' at NODE_1_length_2765031_cov_46.3316 position 1948488
[16:13:10] Possible /pseudo 'Xylulose-5-phosphate phosphoketolase' at NODE_1_length_2765031_cov_46.3316 position 1969919
[16:13:10] Possible /pseudo 'Xylulose-5-phosphate phosphoketolase' at NODE_1_length_2765031_cov_46.3316 position 1970902
[16:13:10] Possible /pseudo 'General stress protein A' at NODE_1_length_2765031_cov_46.3316 position 2145838
[16:13:10] Possible /pseudo 'Dihydroorotate dehydrogenase B (NAD(+)), electron transfer subunit' at NODE_1_length_2765031_cov_46.3316 position 2272031
[16:13:10] Possible /pseudo 'Di-/tripeptide transporter' at NODE_1_length_2765031_cov_46.3316 position 2362778
[16:13:10] Possible /pseudo 'Sensor histidine kinase DcuS' at NODE_1_length_2765031_cov_46.3316 position 2452661
[16:13:10] Possible /pseudo 'putative glycosyltransferase EpsJ' at NODE_1_length_2765031_cov_46.3316 position 2724344
[16:13:10] Found 1249 unique /gene codes.
[16:13:10] Fixed 2 duplicate /gene - galM_1 galM_2
[16:13:10] Fixed 2 duplicate /gene - oppF_1 oppF_2
[16:13:10] Fixed 2 duplicate /gene - metQ_1 metQ_2
[16:13:10] Fixed 2 duplicate /gene - cspLA_1 cspLA_2
[16:13:10] Fixed 2 duplicate /gene - proX_1 proX_2
[16:13:10] Fixed 2 duplicate /gene - coaBC_1 coaBC_2
[16:13:10] Fixed 2 duplicate /gene - hrtA_1 hrtA_2
[16:13:10] Fixed 2 duplicate /gene - arcD1_1 arcD1_2
[16:13:10] Fixed 2 duplicate /gene - sorC_1 sorC_2
[16:13:10] Fixed 2 duplicate /gene - ybaK_1 ybaK_2
[16:13:10] Fixed 2 duplicate /gene - ettA_1 ettA_2
[16:13:10] Fixed 7 duplicate /gene - bin3_1 bin3_2 bin3_3 bin3_4 bin3_5 bin3_6 bin3_7
[16:13:10] Fixed 3 duplicate /gene - prsA_1 prsA_2 prsA_3
[16:13:10] Fixed 3 duplicate /gene - exuR_1 exuR_2 exuR_3
[16:13:10] Fixed 2 duplicate /gene - por_1 por_2
[16:13:10] Fixed 3 duplicate /gene - crr_1 crr_2 crr_3
[16:13:10] Fixed 2 duplicate /gene - intQ_1 intQ_2
[16:13:10] Fixed 4 duplicate /gene - araC_1 araC_2 araC_3 araC_4
[16:13:10] Fixed 2 duplicate /gene - pyrK_1 pyrK_2
[16:13:10] Fixed 3 duplicate /gene - ssb_1 ssb_2 ssb_3
[16:13:10] Fixed 2 duplicate /gene - menH_1 menH_2
[16:13:10] Fixed 2 duplicate /gene - patA_1 patA_2
[16:13:10] Fixed 2 duplicate /gene - pstS1_1 pstS1_2
[16:13:10] Fixed 2 duplicate /gene - potA_1 potA_2
[16:13:10] Fixed 2 duplicate /gene - rpmGA_1 rpmGA_2
[16:13:10] Fixed 2 duplicate /gene - mtlR_1 mtlR_2
[16:13:10] Fixed 2 duplicate /gene - brnQ_1 brnQ_2
[16:13:10] Fixed 2 duplicate /gene - mnmG_1 mnmG_2
[16:13:10] Fixed 2 duplicate /gene - npr_1 npr_2
[16:13:10] Fixed 2 duplicate /gene - corC_1 corC_2
[16:13:10] Fixed 2 duplicate /gene - yehU_1 yehU_2
[16:13:10] Fixed 5 duplicate /gene - fruA_1 fruA_2 fruA_3 fruA_4 fruA_5
[16:13:10] Fixed 2 duplicate /gene - Int-Tn_1 Int-Tn_2
[16:13:10] Fixed 3 duplicate /gene - znuA_1 znuA_2 znuA_3
[16:13:10] Fixed 2 duplicate /gene - walR_1 walR_2
[16:13:10] Fixed 2 duplicate /gene - rlmCD_1 rlmCD_2
[16:13:10] Fixed 3 duplicate /gene - ftsL_1 ftsL_2 ftsL_3
[16:13:10] Fixed 2 duplicate /gene - ntpJ_1 ntpJ_2
[16:13:10] Fixed 2 duplicate /gene - gpsA_1 gpsA_2
[16:13:10] Fixed 2 duplicate /gene - dinG_1 dinG_2
[16:13:10] Fixed 2 duplicate /gene - pglH_1 pglH_2
[16:13:10] Fixed 2 duplicate /gene - yxdL_1 yxdL_2
[16:13:10] Fixed 2 duplicate /gene - ddl_1 ddl_2
[16:13:10] Fixed 8 duplicate /gene - manZ_1 manZ_2 manZ_3 manZ_4 manZ_5 manZ_6 manZ_7 manZ_8
[16:13:10] Fixed 2 duplicate /gene - glnQ_1 glnQ_2
[16:13:10] Fixed 7 duplicate /gene - araQ_1 araQ_2 araQ_3 araQ_4 araQ_5 araQ_6 araQ_7
[16:13:10] Fixed 5 duplicate /gene - xerD_1 xerD_2 xerD_3 xerD_4 xerD_5
[16:13:10] Fixed 2 duplicate /gene - arlR_1 arlR_2
[16:13:10] Fixed 5 duplicate /gene - sorA_1 sorA_2 sorA_3 sorA_4 sorA_5
[16:13:10] Fixed 4 duplicate /gene - tqsA_1 tqsA_2 tqsA_3 tqsA_4
[16:13:10] Fixed 2 duplicate /gene - glpQ_1 glpQ_2
[16:13:10] Fixed 2 duplicate /gene - licR_1 licR_2
[16:13:10] Fixed 2 duplicate /gene - ecsA_1 ecsA_2
[16:13:10] Fixed 3 duplicate /gene - pspB_1 pspB_2 pspB_3
[16:13:10] Fixed 2 duplicate /gene - corA_1 corA_2
[16:13:10] Fixed 2 duplicate /gene - dtpT_1 dtpT_2
[16:13:10] Fixed 3 duplicate /gene - yteP_1 yteP_2 yteP_3
[16:13:10] Fixed 2 duplicate /gene - ydcP_1 ydcP_2
[16:13:10] Fixed 2 duplicate /gene - xylB_1 xylB_2
[16:13:10] Fixed 2 duplicate /gene - licA_1 licA_2
[16:13:10] Fixed 2 duplicate /gene - levD_1 levD_2
[16:13:10] Fixed 2 duplicate /gene - iap_1 iap_2
[16:13:10] Fixed 2 duplicate /gene - msrR_1 msrR_2
[16:13:10] Fixed 2 duplicate /gene - dus_1 dus_2
[16:13:10] Fixed 2 duplicate /gene - ubiE_1 ubiE_2
[16:13:10] Fixed 2 duplicate /gene - mtlF_1 mtlF_2
[16:13:10] Fixed 2 duplicate /gene - gmuC_1 gmuC_2
[16:13:10] Fixed 3 duplicate /gene - artM_1 artM_2 artM_3
[16:13:10] Fixed 2 duplicate /gene - pepF1_1 pepF1_2
[16:13:10] Fixed 3 duplicate /gene - folA_1 folA_2 folA_3
[16:13:10] Fixed 6 duplicate /gene - soj_1 soj_2 soj_3 soj_4 soj_5 soj_6
[16:13:10] Fixed 2 duplicate /gene - sorB_1 sorB_2
[16:13:10] Fixed 2 duplicate /gene - sufB_1 sufB_2
[16:13:10] Fixed 2 duplicate /gene - afr_1 afr_2
[16:13:10] Fixed 2 duplicate /gene - dtd3_1 dtd3_2
[16:13:10] Fixed 2 duplicate /gene - yodC_1 yodC_2
[16:13:10] Fixed 2 duplicate /gene - araN_1 araN_2
[16:13:10] Fixed 2 duplicate /gene - abfA_1 abfA_2
[16:13:10] Fixed 2 duplicate /gene - cpdA_1 cpdA_2
[16:13:10] Fixed 2 duplicate /gene - gmuD_1 gmuD_2
[16:13:10] Fixed 2 duplicate /gene - prmC_1 prmC_2
[16:13:10] Fixed 2 duplicate /gene - cdr_1 cdr_2
[16:13:10] Fixed 3 duplicate /gene - gph_1 gph_2 gph_3
[16:13:10] Fixed 2 duplicate /gene - tadA_1 tadA_2
[16:13:10] Fixed 2 duplicate /gene - fabZ_1 fabZ_2
[16:13:10] Fixed 2 duplicate /gene - yheS_1 yheS_2
[16:13:10] Fixed 2 duplicate /gene - queT_1 queT_2
[16:13:10] Fixed 2 duplicate /gene - uvrC_1 uvrC_2
[16:13:10] Fixed 5 duplicate /gene - topB_1 topB_2 topB_3 topB_4 topB_5
[16:13:10] Fixed 2 duplicate /gene - yugI_1 yugI_2
[16:13:10] Fixed 2 duplicate /gene - ponA_1 ponA_2
[16:13:10] Fixed 2 duplicate /gene - gltC_1 gltC_2
[16:13:10] Fixed 2 duplicate /gene - pgl_1 pgl_2
[16:13:10] Fixed 2 duplicate /gene - pheT_1 pheT_2
[16:13:10] Fixed 2 duplicate /gene - yecS_1 yecS_2
[16:13:10] Fixed 2 duplicate /gene - rspR_1 rspR_2
[16:13:10] Fixed 2 duplicate /gene - mutS_1 mutS_2
[16:13:10] Fixed 2 duplicate /gene - banIM_1 banIM_2
[16:13:10] Fixed 2 duplicate /gene - rluB_1 rluB_2
[16:13:10] Fixed 2 duplicate /gene - iscS_1 iscS_2
[16:13:10] Fixed 2 duplicate /gene - helD_1 helD_2
[16:13:10] Fixed 3 duplicate /gene - yvoA_1 yvoA_2 yvoA_3
[16:13:10] Fixed 7 duplicate /gene - dgaR_1 dgaR_2 dgaR_3 dgaR_4 dgaR_5 dgaR_6 dgaR_7
[16:13:10] Fixed 2 duplicate /gene - steT_1 steT_2
[16:13:10] Fixed 2 duplicate /gene - glcR_1 glcR_2
[16:13:10] Fixed 2 duplicate /gene - def_1 def_2
[16:13:10] Fixed 2 duplicate /gene - araR_1 araR_2
[16:13:10] Fixed 5 duplicate /gene - bglF_1 bglF_2 bglF_3 bglF_4 bglF_5
[16:13:10] Fixed 3 duplicate /gene - gatC_1 gatC_2 gatC_3
[16:13:10] Fixed 2 duplicate /gene - folT_1 folT_2
[16:13:10] Fixed 3 duplicate /gene - mtlA_1 mtlA_2 mtlA_3
[16:13:10] Fixed 2 duplicate /gene - mntB_1 mntB_2
[16:13:10] Fixed 2 duplicate /gene - rpsN2_1 rpsN2_2
[16:13:10] Fixed 2 duplicate /gene - ctpE_1 ctpE_2
[16:13:10] Fixed 3 duplicate /gene - glpE_1 glpE_2 glpE_3
[16:13:10] Fixed 2 duplicate /gene - scrB_1 scrB_2
[16:13:10] Fixed 2 duplicate /gene - ligA_1 ligA_2
[16:13:10] Fixed 2 duplicate /gene - panT_1 panT_2
[16:13:10] Fixed 2 duplicate /gene - der_1 der_2
[16:13:10] Fixed 2 duplicate /gene - gadC_1 gadC_2
[16:13:10] Fixed 3 duplicate /gene - znuC_1 znuC_2 znuC_3
[16:13:10] Fixed 2 duplicate /gene - gmk_1 gmk_2
[16:13:10] Fixed 3 duplicate /gene - yidA_1 yidA_2 yidA_3
[16:13:10] Fixed 2 duplicate /gene - cfiB_1 cfiB_2
[16:13:10] Fixed 3 duplicate /gene - celA_1 celA_2 celA_3
[16:13:10] Fixed 3 duplicate /gene - treP_1 treP_2 treP_3
[16:13:10] Fixed 2 duplicate /gene - rny_1 rny_2
[16:13:10] Fixed 2 duplicate /gene - aes_1 aes_2
[16:13:10] Fixed 2 duplicate /gene - recQ_1 recQ_2
[16:13:10] Fixed 2 duplicate /gene - ulaB_1 ulaB_2
[16:13:10] Fixed 6 duplicate /gene - lacF_1 lacF_2 lacF_3 lacF_4 lacF_5 lacF_6
[16:13:10] Fixed 2 duplicate /gene - yfnB_1 yfnB_2
[16:13:10] Fixed 2 duplicate /gene - atpE_1 atpE_2
[16:13:10] Fixed 2 duplicate /gene - mshD_1 mshD_2
[16:13:10] Fixed 2 duplicate /gene - lacE_1 lacE_2
[16:13:10] Fixed 2 duplicate /gene - ftsK_1 ftsK_2
[16:13:10] Fixed 2 duplicate /gene - ccpA_1 ccpA_2
[16:13:10] Fixed 2 duplicate /gene - cas2_1 cas2_2
[16:13:10] Fixed 2 duplicate /gene - rbn_1 rbn_2
[16:13:10] Fixed 3 duplicate /gene - cbh_1 cbh_2 cbh_3
[16:13:10] Fixed 2 duplicate /gene - rex_1 rex_2
[16:13:10] Fixed 4 duplicate /gene - natA_1 natA_2 natA_3 natA_4
[16:13:10] Fixed 3 duplicate /gene - gatA_1 gatA_2 gatA_3
[16:13:10] Fixed 2 duplicate /gene - agrA_1 agrA_2
[16:13:10] Fixed 2 duplicate /gene - acpA_1 acpA_2
[16:13:10] Fixed 3 duplicate /gene - walK_1 walK_2 walK_3
[16:13:10] Fixed 2 duplicate /gene - glcU_1 glcU_2
[16:13:10] Fixed 2 duplicate /gene - wbgU_1 wbgU_2
[16:13:10] Fixed 2 duplicate /gene - rimI_1 rimI_2
[16:13:10] Fixed 2 duplicate /gene - msrA_1 msrA_2
[16:13:10] Fixed 2 duplicate /gene - lsrC_1 lsrC_2
[16:13:10] Fixed 2 duplicate /gene - lipO_1 lipO_2
[16:13:10] Fixed 3 duplicate /gene - manR_1 manR_2 manR_3
[16:13:10] Fixed 3 duplicate /gene - xpkA_1 xpkA_2 xpkA_3
[16:13:10] Fixed 2 duplicate /gene - rsmH_1 rsmH_2
[16:13:10] Fixed 2 duplicate /gene - rpmF_1 rpmF_2
[16:13:10] Fixed 2 duplicate /gene - ftsW_1 ftsW_2
[16:13:10] Fixed 4 duplicate /gene - epsJ_1 epsJ_2 epsJ_3 epsJ_4
[16:13:10] Fixed 2 duplicate /gene - lytR_1 lytR_2
[16:13:10] Fixed 2 duplicate /gene - trxA_1 trxA_2
[16:13:10] Fixed 3 duplicate /gene - yjhB_1 yjhB_2 yjhB_3
[16:13:10] Fixed 2 duplicate /gene - glnM_1 glnM_2
[16:13:10] Fixed 3 duplicate /gene - ybiT_1 ybiT_2 ybiT_3
[16:13:10] Fixed 4 duplicate /gene - phoR_1 phoR_2 phoR_3 phoR_4
[16:13:10] Fixed 2 duplicate /gene - ybbH_1 ybbH_2
[16:13:10] Fixed 5 duplicate /gene - spxA_1 spxA_2 spxA_3 spxA_4 spxA_5
[16:13:10] Fixed 2 duplicate /gene - yvdM_1 yvdM_2
[16:13:10] Fixed 2 duplicate /gene - repN_1 repN_2
[16:13:10] Fixed 2 duplicate /gene - purR_1 purR_2
[16:13:10] Fixed 2 duplicate /gene - ohrB_1 ohrB_2
[16:13:10] Fixed 4 duplicate /gene - lytA_1 lytA_2 lytA_3 lytA_4
[16:13:10] Fixed 2 duplicate /gene - nanE_1 nanE_2
[16:13:10] Fixed 3 duplicate /gene - lacR_1 lacR_2 lacR_3
[16:13:10] Fixed 2 duplicate /gene - ygaZ_1 ygaZ_2
[16:13:10] Fixed 3 duplicate /gene - nhaC_1 nhaC_2 nhaC_3
[16:13:10] Fixed 2 duplicate /gene - tuf_1 tuf_2
[16:13:10] Fixed 5 duplicate /gene - gmuE_1 gmuE_2 gmuE_3 gmuE_4 gmuE_5
[16:13:10] Fixed 3 duplicate /gene - lacG_1 lacG_2 lacG_3
[16:13:10] Fixed 2 duplicate /gene - murR_1 murR_2
[16:13:10] Fixed 2 duplicate /gene - opuCA_1 opuCA_2
[16:13:10] Fixed 6 duplicate /gene - ltrA_1 ltrA_2 ltrA_3 ltrA_4 ltrA_5 ltrA_6
[16:13:10] Fixed 2 duplicate /gene - uxuA_1 uxuA_2
[16:13:10] Fixed 2 duplicate /gene - ulaA_1 ulaA_2
[16:13:10] Fixed 2 duplicate /gene - gtaB_1 gtaB_2
[16:13:10] Fixed 3 duplicate /gene - fabG_1 fabG_2 fabG_3
[16:13:10] Fixed 2 duplicate /gene - murA1_1 murA1_2
[16:13:10] Fixed 2 duplicate /gene - murF_1 murF_2
[16:13:10] Fixed 2 duplicate /gene - nox_1 nox_2
[16:13:10] Fixed 3 duplicate /gene - yecD_1 yecD_2 yecD_3
[16:13:10] Fixed 2 duplicate /gene - malL_1 malL_2
[16:13:10] Fixed 2 duplicate /gene - yknY_1 yknY_2
[16:13:10] Fixed 2 duplicate /gene - clpP_1 clpP_2
[16:13:10] Fixed 4 duplicate /gene - dinB_1 dinB_2 dinB_3 dinB_4
[16:13:10] Fixed 2 duplicate /gene - rsmA_1 rsmA_2
[16:13:10] Fixed 2 duplicate /gene - ypdA_1 ypdA_2
[16:13:10] Fixed 2 duplicate /gene - cdaR_1 cdaR_2
[16:13:10] Fixed 2 duplicate /gene - oppD_1 oppD_2
[16:13:10] Fixed 2 duplicate /gene - cmtB_1 cmtB_2
[16:13:10] Fixed 3 duplicate /gene - ptsG_1 ptsG_2 ptsG_3
[16:13:10] Fixed 2 duplicate /gene - gspA_1 gspA_2
[16:13:10] Fixed 2 duplicate /gene - phnX_1 phnX_2
[16:13:10] Fixed 2 duplicate /gene - ugl_1 ugl_2
[16:13:10] Fixed 2 duplicate /gene - feuB_1 feuB_2
[16:13:10] Fixed 2 duplicate /gene - nfo_1 nfo_2
[16:13:10] Fixed 2 duplicate /gene - polC_1 polC_2
[16:13:10] Fixed 2 duplicate /gene - glnP_1 glnP_2
[16:13:10] Fixed 2 duplicate /gene - mro_1 mro_2
[16:13:10] Fixed 2 duplicate /gene - lacC_1 lacC_2
[16:13:10] Fixed 3 duplicate /gene - agaSK_1 agaSK_2 agaSK_3
[16:13:10] Fixed 2 duplicate /gene - guaA_1 guaA_2
[16:13:10] Fixed 2 duplicate /gene - galK_1 galK_2
[16:13:10] Fixed 6 duplicate /gene - smc_1 smc_2 smc_3 smc_4 smc_5 smc_6
[16:13:10] Fixed 2 duplicate /gene - xerS_1 xerS_2
[16:13:10] Fixed 2 duplicate /gene - dagK_1 dagK_2
[16:13:10] Fixed 2 duplicate /gene - mutS2_1 mutS2_2
[16:13:10] Fixed 3 duplicate /gene - bglH_1 bglH_2 bglH_3
[16:13:10] Fixed 2 duplicate /gene - gap_1 gap_2
[16:13:10] Fixed 3 duplicate /gene - licC_1 licC_2 licC_3
[16:13:10] Fixed 4 duplicate /gene - licT_1 licT_2 licT_3 licT_4
[16:13:10] Fixed 3 duplicate /gene - murJ_1 murJ_2 murJ_3
[16:13:10] Fixed 2 duplicate /gene - bceA_1 bceA_2
[16:13:10] Fixed 4 duplicate /gene - xerC_1 xerC_2 xerC_3 xerC_4
[16:13:10] Fixed 2 duplicate /gene - bceB_1 bceB_2
[16:13:10] Fixed 2 duplicate /gene - mprF_1 mprF_2
[16:13:10] Fixed 3 duplicate /gene - rluD_1 rluD_2 rluD_3
[16:13:10] Fixed 2 duplicate /gene - srrA_1 srrA_2
[16:13:10] Fixed 2 duplicate /gene - clsA_1 clsA_2
[16:13:10] Fixed 3 duplicate /gene - frlB_1 frlB_2 frlB_3
[16:13:10] Fixed 2 duplicate /gene - dcuS_1 dcuS_2
[16:13:10] Fixed 2 duplicate /gene - ssaB_1 ssaB_2
[16:13:10] Fixed 4 duplicate /gene - degA_1 degA_2 degA_3 degA_4
[16:13:10] Fixed 2 duplicate /gene - pstB3_1 pstB3_2
[16:13:10] Fixed 3 duplicate /gene - argR_1 argR_2 argR_3
[16:13:10] Fixed 2 duplicate /gene - metP_1 metP_2
[16:13:10] Fixed 2 duplicate /gene - dnaG_1 dnaG_2
[16:13:10] Fixed 2 duplicate /gene - fldH_1 fldH_2
[16:13:10] Fixed 3 duplicate /gene - ltaS1_1 ltaS1_2 ltaS1_3
[16:13:10] Fixed 2 duplicate /gene - gatB_1 gatB_2
[16:13:10] Fixed 2 duplicate /gene - ribZ_1 ribZ_2
[16:13:10] Fixed 6 duplicate /gene - manX_1 manX_2 manX_3 manX_4 manX_5 manX_6
[16:13:10] Fixed 2 duplicate /gene - dnaX_1 dnaX_2
[16:13:10] Fixed 2 duplicate /gene - gpmA_1 gpmA_2
[16:13:10] Fixed 2 duplicate /gene - ywpJ_1 ywpJ_2
[16:13:10] Fixed 2 duplicate /gene - pbpX_1 pbpX_2
[16:13:10] Fixed 2 duplicate /gene - yfmO_1 yfmO_2
[16:13:10] Fixed 2 duplicate /gene - rpe_1 rpe_2
[16:13:10] Fixed 246 colliding /gene names.
[16:13:10] Adding /locus_tag identifiers
[16:13:10] Assigned 3149 locus_tags to CDS and RNA features.
[16:13:10] Writing outputs to prokka_for_spades_gff/
[16:13:12] Generating annotation statistics file
[16:13:12] Generating Genbank and Sequin files
[16:13:12] Running: tbl2asn -V b -a r10k -l paired-ends -M n -N 1 -y 'Annotated using prokka 1.12 from https://github.com/tseemann/prokka' -Z prokka_for_spades_gff\/PROKKA_04112019\.err -i prokka_for_spades_gff\/PROKKA_04112019\.fsa 2> /dev/null
[16:13:18] Deleting unwanted file: prokka_for_spades_gff/errorsummary.val
[16:13:18] Deleting unwanted file: prokka_for_spades_gff/PROKKA_04112019.dr
[16:13:18] Deleting unwanted file: prokka_for_spades_gff/PROKKA_04112019.fixedproducts
[16:13:18] Deleting unwanted file: prokka_for_spades_gff/PROKKA_04112019.ecn
[16:13:18] Deleting unwanted file: prokka_for_spades_gff/PROKKA_04112019.val
[16:13:18] Repairing broken .GBK output that tbl2asn produces...
[16:13:18] Running: sed 's/COORDINATES: profile/COORDINATES:profile/' < prokka_for_spades_gff\/PROKKA_04112019\.gbf > prokka_for_spades_gff\/PROKKA_04112019\.gbk
[16:13:19] Deleting unwanted file: prokka_for_spades_gff/PROKKA_04112019.gbf
[16:13:19] Output files:
[16:13:19] prokka_for_spades_gff/PROKKA_04112019.log
[16:13:19] prokka_for_spades_gff/PROKKA_04112019.fna
[16:13:19] prokka_for_spades_gff/PROKKA_04112019.gff
[16:13:19] prokka_for_spades_gff/PROKKA_04112019.faa
[16:13:19] prokka_for_spades_gff/PROKKA_04112019.ffn
[16:13:19] prokka_for_spades_gff/PROKKA_04112019.tbl
[16:13:19] prokka_for_spades_gff/PROKKA_04112019.fsa
[16:13:19] prokka_for_spades_gff/PROKKA_04112019.tsv
[16:13:19] prokka_for_spades_gff/PROKKA_04112019.txt
[16:13:19] prokka_for_spades_gff/PROKKA_04112019.sqn
[16:13:19] prokka_for_spades_gff/PROKKA_04112019.gbk
[16:13:19] prokka_for_spades_gff/PROKKA_04112019.err
[16:13:19] Annotation finished successfully.
[16:13:19] Walltime used: 5.48 minutes
[16:13:19] If you use this result please cite the Prokka paper:
[16:13:19] Seemann T (2014) Prokka: rapid prokaryotic genome annotation. Bioinformatics. 30(14):2068-9.
[16:13:19] Type 'prokka --citation' for more details.
[16:13:19] Share and enjoy!
